#
# There is insufficient memory for the Java Runtime Environment to continue.
# Native memory allocation (malloc) failed to allocate 1836224 bytes for Chunk::new
# Possible reasons:
#   The system is out of physical RAM or swap space
#   The process is running with CompressedOops enabled, and the Java Heap may be blocking the growth of the native heap
# Possible solutions:
#   Reduce memory load on the system
#   Increase physical memory or swap space
#   Check if swap backing store is full
#   Decrease Java heap size (-Xmx/-Xms)
#   Decrease number of Java threads
#   Decrease Java thread stack sizes (-Xss)
#   Set larger code cache with -XX:ReservedCodeCacheSize=
#   JVM is running with Unscaled Compressed Oops mode in which the Java heap is
#     placed in the first 4GB address space. The Java Heap base address is the
#     maximum limit for the native heap growth. Please use -XX:HeapBaseMinAddress
#     to set the Java Heap base and to place the Java Heap above 4GB virtual address.
# This output file may be truncated or incomplete.
#
#  Out of Memory Error (arena.cpp:189), pid=648276, tid=632760
#
# JRE version: Java(TM) SE Runtime Environment (17.0.12+8) (build 17.0.12+8-LTS-286)
# Java VM: Java HotSpot(TM) 64-Bit Server VM (17.0.12+8-LTS-286, mixed mode, sharing, tiered, compressed oops, compressed class ptrs, g1 gc, windows-amd64)
# No core dump will be written. Minidumps are not enabled by default on client versions of Windows
#

---------------  S U M M A R Y ------------

Command Line: --add-opens=java.base/java.lang=ALL-UNNAMED --add-opens=java.base/java.lang.invoke=ALL-UNNAMED --add-opens=java.base/java.util=ALL-UNNAMED --add-opens=java.prefs/java.util.prefs=ALL-UNNAMED --add-exports=jdk.compiler/com.sun.tools.javac.api=ALL-UNNAMED --add-exports=jdk.compiler/com.sun.tools.javac.util=ALL-UNNAMED --add-opens=java.base/java.util=ALL-UNNAMED --add-opens=java.prefs/java.util.prefs=ALL-UNNAMED --add-opens=java.base/java.nio.charset=ALL-UNNAMED --add-opens=java.base/java.net=ALL-UNNAMED --add-opens=java.base/java.util.concurrent.atomic=ALL-UNNAMED --add-opens=java.xml/javax.xml.namespace=ALL-UNNAMED -XX:MaxMetaspaceSize=384m -XX:+HeapDumpOnOutOfMemoryError -Xms256m -Xmx512m -Dfile.encoding=UTF-8 -Duser.country=KR -Duser.language=ko -Duser.variant -javaagent:C:\Users\jhta\.gradle\wrapper\dists\gradle-8.13-bin\5xuhj0ry160q40clulazy9h7d\gradle-8.13\lib\agents\gradle-instrumentation-agent-8.13.jar org.gradle.launcher.daemon.bootstrap.GradleDaemon 8.13

Host: Intel(R) Core(TM) i7-9700 CPU @ 3.00GHz, 8 cores, 15G,  Windows 10 , 64 bit Build 19041 (10.0.19041.5794)
Time: Thu Jun  5 12:49:39 2025  Windows 10 , 64 bit Build 19041 (10.0.19041.5794) elapsed time: 3.874034 seconds (0d 0h 0m 3s)

---------------  T H R E A D  ---------------

Current thread (0x000001fc3bd03fe0):  JavaThread "C2 CompilerThread0" daemon [_thread_in_native, id=632760, stack(0x00000057ecb00000,0x00000057ecc00000)]


Current CompileTask:
C2:   3874 2428   !   4       java.lang.ClassLoader::loadClass (121 bytes)

Stack: [0x00000057ecb00000,0x00000057ecc00000]
Native frames: (J=compiled Java code, j=interpreted, Vv=VM code, C=native code)
V  [jvm.dll+0x67a04a]
V  [jvm.dll+0x7da4ed]
V  [jvm.dll+0x7dbe33]
V  [jvm.dll+0x7dc4a3]
V  [jvm.dll+0x24508f]
V  [jvm.dll+0xab773]
V  [jvm.dll+0xabd3c]
V  [jvm.dll+0x361bee]
V  [jvm.dll+0x1ba45a]
V  [jvm.dll+0x216997]
V  [jvm.dll+0x215c6f]
V  [jvm.dll+0x1a2960]
V  [jvm.dll+0x22610b]
V  [jvm.dll+0x2242ab]
V  [jvm.dll+0x79075c]
V  [jvm.dll+0x78abea]
V  [jvm.dll+0x678f35]
C  [ucrtbase.dll+0x21bb2]
C  [KERNEL32.DLL+0x17374]
C  [ntdll.dll+0x4cc91]


---------------  P R O C E S S  ---------------

Threads class SMR info:
_java_thread_list=0x000001fc578898d0, length=25, elements={
0x000001fc213e82c0, 0x000001fc3bcdc7c0, 0x000001fc3bcdd550, 0x000001fc3bcfe850,
0x000001fc3bd01230, 0x000001fc3bd01b00, 0x000001fc3bd023d0, 0x000001fc3bd03fe0,
0x000001fc3bd049a0, 0x000001fc3bd07a60, 0x000001fc3bcc8110, 0x000001fc5517ba90,
0x000001fc568e9d00, 0x000001fc568cea30, 0x000001fc56a265f0, 0x000001fc568b61b0,
0x000001fc5691a870, 0x000001fc567f69b0, 0x000001fc567f6ec0, 0x000001fc567f73d0,
0x000001fc567f78e0, 0x000001fc567f7df0, 0x000001fc57319740, 0x000001fc57317df0,
0x000001fc57318300
}

Java Threads: ( => current thread )
  0x000001fc213e82c0 JavaThread "main" [_thread_blocked, id=608544, stack(0x00000057ebe00000,0x00000057ebf00000)]
  0x000001fc3bcdc7c0 JavaThread "Reference Handler" daemon [_thread_blocked, id=649144, stack(0x00000057ec500000,0x00000057ec600000)]
  0x000001fc3bcdd550 JavaThread "Finalizer" daemon [_thread_blocked, id=641448, stack(0x00000057ec600000,0x00000057ec700000)]
  0x000001fc3bcfe850 JavaThread "Signal Dispatcher" daemon [_thread_blocked, id=648900, stack(0x00000057ec700000,0x00000057ec800000)]
  0x000001fc3bd01230 JavaThread "Attach Listener" daemon [_thread_blocked, id=646172, stack(0x00000057ec800000,0x00000057ec900000)]
  0x000001fc3bd01b00 JavaThread "Service Thread" daemon [_thread_blocked, id=604316, stack(0x00000057ec900000,0x00000057eca00000)]
  0x000001fc3bd023d0 JavaThread "Monitor Deflation Thread" daemon [_thread_blocked, id=640284, stack(0x00000057eca00000,0x00000057ecb00000)]
=>0x000001fc3bd03fe0 JavaThread "C2 CompilerThread0" daemon [_thread_in_native, id=632760, stack(0x00000057ecb00000,0x00000057ecc00000)]
  0x000001fc3bd049a0 JavaThread "C1 CompilerThread0" daemon [_thread_blocked, id=646832, stack(0x00000057ecc00000,0x00000057ecd00000)]
  0x000001fc3bd07a60 JavaThread "Sweeper thread" daemon [_thread_blocked, id=641980, stack(0x00000057ecd00000,0x00000057ece00000)]
  0x000001fc3bcc8110 JavaThread "Common-Cleaner" daemon [_thread_blocked, id=649188, stack(0x00000057ece00000,0x00000057ecf00000)]
  0x000001fc5517ba90 JavaThread "Notification Thread" daemon [_thread_blocked, id=492452, stack(0x00000057ecf00000,0x00000057ed000000)]
  0x000001fc568e9d00 JavaThread "Daemon health stats" [_thread_blocked, id=637216, stack(0x00000057ed600000,0x00000057ed700000)]
  0x000001fc568cea30 JavaThread "Incoming local TCP Connector on port 49913" [_thread_in_native, id=644372, stack(0x00000057ed700000,0x00000057ed800000)]
  0x000001fc56a265f0 JavaThread "Daemon periodic checks" [_thread_blocked, id=635472, stack(0x00000057ed800000,0x00000057ed900000)]
  0x000001fc568b61b0 JavaThread "Daemon" [_thread_blocked, id=648220, stack(0x00000057ed900000,0x00000057eda00000)]
  0x000001fc5691a870 JavaThread "Handler for socket connection from /127.0.0.1:49913 to /127.0.0.1:49914" [_thread_in_native, id=642656, stack(0x00000057eda00000,0x00000057edb00000)]
  0x000001fc567f69b0 JavaThread "Cancel handler" [_thread_blocked, id=648248, stack(0x00000057edb00000,0x00000057edc00000)]
  0x000001fc567f6ec0 JavaThread "Daemon worker" [_thread_in_Java, id=613992, stack(0x00000057edc00000,0x00000057edd00000)]
  0x000001fc567f73d0 JavaThread "Asynchronous log dispatcher for DefaultDaemonConnection: socket connection from /127.0.0.1:49913 to /127.0.0.1:49914" [_thread_blocked, id=648972, stack(0x00000057edd00000,0x00000057ede00000)]
  0x000001fc567f78e0 JavaThread "Stdin handler" [_thread_blocked, id=647428, stack(0x00000057ede00000,0x00000057edf00000)]
  0x000001fc567f7df0 JavaThread "Daemon client event forwarder" [_thread_blocked, id=636236, stack(0x00000057edf00000,0x00000057ee000000)]
  0x000001fc57319740 JavaThread "Cache worker for journal cache (C:\Users\jhta\.gradle\caches\journal-1)" [_thread_blocked, id=648324, stack(0x00000057ee000000,0x00000057ee100000)]
  0x000001fc57317df0 JavaThread "File lock request listener" [_thread_in_native, id=648552, stack(0x00000057ee100000,0x00000057ee200000)]
  0x000001fc57318300 JavaThread "Cache worker for file hash cache (C:\Users\jhta\.gradle\caches\8.13\fileHashes)" [_thread_blocked, id=648624, stack(0x00000057ee200000,0x00000057ee300000)]

Other Threads:
  0x000001fc3bcd7c50 VMThread "VM Thread" [stack: 0x00000057ec400000,0x00000057ec500000] [id=647400]
  0x000001fc21421c90 WatcherThread [stack: 0x00000057ed000000,0x00000057ed100000] [id=639448]
  0x000001fc1f27b4a0 GCTaskThread "GC Thread#0" [stack: 0x00000057ebf00000,0x00000057ec000000] [id=613148]
  0x000001fc1f27a6e0 GCTaskThread "GC Thread#1" [stack: 0x00000057ed100000,0x00000057ed200000] [id=648932]
  0x000001fc1f27a420 GCTaskThread "GC Thread#2" [stack: 0x00000057ed200000,0x00000057ed300000] [id=573388]
  0x000001fc1f27a9a0 GCTaskThread "GC Thread#3" [stack: 0x00000057ed300000,0x00000057ed400000] [id=636960]
  0x000001fc1f27af20 GCTaskThread "GC Thread#4" [stack: 0x00000057ed400000,0x00000057ed500000] [id=618580]
  0x000001fc1f27b1e0 GCTaskThread "GC Thread#5" [stack: 0x00000057ed500000,0x00000057ed600000] [id=649068]
  0x000001fc2141bbe0 ConcurrentGCThread "G1 Main Marker" [stack: 0x00000057ec000000,0x00000057ec100000] [id=650136]
  0x000001fc1f27ac60 ConcurrentGCThread "G1 Conc#0" [stack: 0x00000057ec100000,0x00000057ec200000] [id=648108]
  0x000001fc214beaa0 ConcurrentGCThread "G1 Refine#0" [stack: 0x00000057ec200000,0x00000057ec300000] [id=648904]
  0x000001fc3bb9c650 ConcurrentGCThread "G1 Service" [stack: 0x00000057ec300000,0x00000057ec400000] [id=648008]

Threads with active compile tasks:
C2 CompilerThread0     3904 2428   !   4       java.lang.ClassLoader::loadClass (121 bytes)

VM state: not at safepoint (normal execution)

VM Mutex/Monitor currently owned by a thread: None

Heap address: 0x00000000e0000000, size: 512 MB, Compressed Oops mode: 32-bit

CDS archive(s) mapped at: [0x000001fc3c000000-0x000001fc3cbd0000-0x000001fc3cbd0000), size 12386304, SharedBaseAddress: 0x000001fc3c000000, ArchiveRelocationMode: 1.
Compressed class space mapped at: 0x000001fc3d000000-0x000001fc51000000, reserved size: 335544320
Narrow klass base: 0x000001fc3c000000, Narrow klass shift: 0, Narrow klass range: 0x100000000

GC Precious Log:
 CPUs: 8 total, 8 available
 Memory: 16278M
 Large Page Support: Disabled
 NUMA Support: Disabled
 Compressed Oops: Enabled (32-bit)
 Heap Region Size: 1M
 Heap Min Capacity: 256M
 Heap Initial Capacity: 256M
 Heap Max Capacity: 512M
 Pre-touch: Disabled
 Parallel Workers: 8
 Concurrent Workers: 2
 Concurrent Refinement Workers: 8
 Periodic GC: Disabled

Heap:
 garbage-first heap   total 262144K, used 95232K [0x00000000e0000000, 0x0000000100000000)
  region size 1024K, 85 young (87040K), 7 survivors (7168K)
 Metaspace       used 17843K, committed 18112K, reserved 393216K
  class space    used 2573K, committed 2688K, reserved 327680K

Heap Regions: E=young(eden), S=young(survivor), O=old, HS=humongous(starts), HC=humongous(continues), CS=collection set, F=free, OA=open archive, CA=closed archive, TAMS=top-at-mark-start (previous, next)
|   0|0x00000000e0000000, 0x00000000e0100000, 0x00000000e0100000|100%|HS|  |TAMS 0x00000000e0000000, 0x00000000e0000000| Complete 
|   1|0x00000000e0100000, 0x00000000e0200000, 0x00000000e0200000|100%|HC|  |TAMS 0x00000000e0100000, 0x00000000e0100000| Complete 
|   2|0x00000000e0200000, 0x00000000e0300000, 0x00000000e0300000|100%|HC|  |TAMS 0x00000000e0200000, 0x00000000e0200000| Complete 
|   3|0x00000000e0300000, 0x00000000e0400000, 0x00000000e0400000|100%| O|  |TAMS 0x00000000e0300000, 0x00000000e0300000| Untracked 
|   4|0x00000000e0400000, 0x00000000e0500000, 0x00000000e0500000|100%| O|  |TAMS 0x00000000e0400000, 0x00000000e0400000| Untracked 
|   5|0x00000000e0500000, 0x00000000e0600000, 0x00000000e0600000|100%| O|  |TAMS 0x00000000e0500000, 0x00000000e0500000| Untracked 
|   6|0x00000000e0600000, 0x00000000e0700000, 0x00000000e0700000|100%| O|  |TAMS 0x00000000e0600000, 0x00000000e0600000| Untracked 
|   7|0x00000000e0700000, 0x00000000e0800000, 0x00000000e0800000|100%|HS|  |TAMS 0x00000000e0700000, 0x00000000e0700000| Complete 
|   8|0x00000000e0800000, 0x00000000e0800000, 0x00000000e0900000|  0%| F|  |TAMS 0x00000000e0800000, 0x00000000e0800000| Untracked 
|   9|0x00000000e0900000, 0x00000000e0a00000, 0x00000000e0a00000|100%| O|  |TAMS 0x00000000e0900000, 0x00000000e0900000| Untracked 
|  10|0x00000000e0a00000, 0x00000000e0a00000, 0x00000000e0b00000|  0%| F|  |TAMS 0x00000000e0a00000, 0x00000000e0a00000| Untracked 
|  11|0x00000000e0b00000, 0x00000000e0b00000, 0x00000000e0c00000|  0%| F|  |TAMS 0x00000000e0b00000, 0x00000000e0b00000| Untracked 
|  12|0x00000000e0c00000, 0x00000000e0c00000, 0x00000000e0d00000|  0%| F|  |TAMS 0x00000000e0c00000, 0x00000000e0c00000| Untracked 
|  13|0x00000000e0d00000, 0x00000000e0d00000, 0x00000000e0e00000|  0%| F|  |TAMS 0x00000000e0d00000, 0x00000000e0d00000| Untracked 
|  14|0x00000000e0e00000, 0x00000000e0e00000, 0x00000000e0f00000|  0%| F|  |TAMS 0x00000000e0e00000, 0x00000000e0e00000| Untracked 
|  15|0x00000000e0f00000, 0x00000000e0f00000, 0x00000000e1000000|  0%| F|  |TAMS 0x00000000e0f00000, 0x00000000e0f00000| Untracked 
|  16|0x00000000e1000000, 0x00000000e1000000, 0x00000000e1100000|  0%| F|  |TAMS 0x00000000e1000000, 0x00000000e1000000| Untracked 
|  17|0x00000000e1100000, 0x00000000e1100000, 0x00000000e1200000|  0%| F|  |TAMS 0x00000000e1100000, 0x00000000e1100000| Untracked 
|  18|0x00000000e1200000, 0x00000000e1200000, 0x00000000e1300000|  0%| F|  |TAMS 0x00000000e1200000, 0x00000000e1200000| Untracked 
|  19|0x00000000e1300000, 0x00000000e1300000, 0x00000000e1400000|  0%| F|  |TAMS 0x00000000e1300000, 0x00000000e1300000| Untracked 
|  20|0x00000000e1400000, 0x00000000e1400000, 0x00000000e1500000|  0%| F|  |TAMS 0x00000000e1400000, 0x00000000e1400000| Untracked 
|  21|0x00000000e1500000, 0x00000000e1500000, 0x00000000e1600000|  0%| F|  |TAMS 0x00000000e1500000, 0x00000000e1500000| Untracked 
|  22|0x00000000e1600000, 0x00000000e1600000, 0x00000000e1700000|  0%| F|  |TAMS 0x00000000e1600000, 0x00000000e1600000| Untracked 
|  23|0x00000000e1700000, 0x00000000e1700000, 0x00000000e1800000|  0%| F|  |TAMS 0x00000000e1700000, 0x00000000e1700000| Untracked 
|  24|0x00000000e1800000, 0x00000000e1800000, 0x00000000e1900000|  0%| F|  |TAMS 0x00000000e1800000, 0x00000000e1800000| Untracked 
|  25|0x00000000e1900000, 0x00000000e1900000, 0x00000000e1a00000|  0%| F|  |TAMS 0x00000000e1900000, 0x00000000e1900000| Untracked 
|  26|0x00000000e1a00000, 0x00000000e1a00000, 0x00000000e1b00000|  0%| F|  |TAMS 0x00000000e1a00000, 0x00000000e1a00000| Untracked 
|  27|0x00000000e1b00000, 0x00000000e1b00000, 0x00000000e1c00000|  0%| F|  |TAMS 0x00000000e1b00000, 0x00000000e1b00000| Untracked 
|  28|0x00000000e1c00000, 0x00000000e1c00000, 0x00000000e1d00000|  0%| F|  |TAMS 0x00000000e1c00000, 0x00000000e1c00000| Untracked 
|  29|0x00000000e1d00000, 0x00000000e1d00000, 0x00000000e1e00000|  0%| F|  |TAMS 0x00000000e1d00000, 0x00000000e1d00000| Untracked 
|  30|0x00000000e1e00000, 0x00000000e1e00000, 0x00000000e1f00000|  0%| F|  |TAMS 0x00000000e1e00000, 0x00000000e1e00000| Untracked 
|  31|0x00000000e1f00000, 0x00000000e1f00000, 0x00000000e2000000|  0%| F|  |TAMS 0x00000000e1f00000, 0x00000000e1f00000| Untracked 
|  32|0x00000000e2000000, 0x00000000e2000000, 0x00000000e2100000|  0%| F|  |TAMS 0x00000000e2000000, 0x00000000e2000000| Untracked 
|  33|0x00000000e2100000, 0x00000000e2100000, 0x00000000e2200000|  0%| F|  |TAMS 0x00000000e2100000, 0x00000000e2100000| Untracked 
|  34|0x00000000e2200000, 0x00000000e2200000, 0x00000000e2300000|  0%| F|  |TAMS 0x00000000e2200000, 0x00000000e2200000| Untracked 
|  35|0x00000000e2300000, 0x00000000e2300000, 0x00000000e2400000|  0%| F|  |TAMS 0x00000000e2300000, 0x00000000e2300000| Untracked 
|  36|0x00000000e2400000, 0x00000000e2400000, 0x00000000e2500000|  0%| F|  |TAMS 0x00000000e2400000, 0x00000000e2400000| Untracked 
|  37|0x00000000e2500000, 0x00000000e2500000, 0x00000000e2600000|  0%| F|  |TAMS 0x00000000e2500000, 0x00000000e2500000| Untracked 
|  38|0x00000000e2600000, 0x00000000e2600000, 0x00000000e2700000|  0%| F|  |TAMS 0x00000000e2600000, 0x00000000e2600000| Untracked 
|  39|0x00000000e2700000, 0x00000000e2700000, 0x00000000e2800000|  0%| F|  |TAMS 0x00000000e2700000, 0x00000000e2700000| Untracked 
|  40|0x00000000e2800000, 0x00000000e2800000, 0x00000000e2900000|  0%| F|  |TAMS 0x00000000e2800000, 0x00000000e2800000| Untracked 
|  41|0x00000000e2900000, 0x00000000e2900000, 0x00000000e2a00000|  0%| F|  |TAMS 0x00000000e2900000, 0x00000000e2900000| Untracked 
|  42|0x00000000e2a00000, 0x00000000e2a00000, 0x00000000e2b00000|  0%| F|  |TAMS 0x00000000e2a00000, 0x00000000e2a00000| Untracked 
|  43|0x00000000e2b00000, 0x00000000e2b00000, 0x00000000e2c00000|  0%| F|  |TAMS 0x00000000e2b00000, 0x00000000e2b00000| Untracked 
|  44|0x00000000e2c00000, 0x00000000e2c00000, 0x00000000e2d00000|  0%| F|  |TAMS 0x00000000e2c00000, 0x00000000e2c00000| Untracked 
|  45|0x00000000e2d00000, 0x00000000e2d00000, 0x00000000e2e00000|  0%| F|  |TAMS 0x00000000e2d00000, 0x00000000e2d00000| Untracked 
|  46|0x00000000e2e00000, 0x00000000e2e00000, 0x00000000e2f00000|  0%| F|  |TAMS 0x00000000e2e00000, 0x00000000e2e00000| Untracked 
|  47|0x00000000e2f00000, 0x00000000e2f00000, 0x00000000e3000000|  0%| F|  |TAMS 0x00000000e2f00000, 0x00000000e2f00000| Untracked 
|  48|0x00000000e3000000, 0x00000000e3000000, 0x00000000e3100000|  0%| F|  |TAMS 0x00000000e3000000, 0x00000000e3000000| Untracked 
|  49|0x00000000e3100000, 0x00000000e3100000, 0x00000000e3200000|  0%| F|  |TAMS 0x00000000e3100000, 0x00000000e3100000| Untracked 
|  50|0x00000000e3200000, 0x00000000e3200000, 0x00000000e3300000|  0%| F|  |TAMS 0x00000000e3200000, 0x00000000e3200000| Untracked 
|  51|0x00000000e3300000, 0x00000000e3300000, 0x00000000e3400000|  0%| F|  |TAMS 0x00000000e3300000, 0x00000000e3300000| Untracked 
|  52|0x00000000e3400000, 0x00000000e3400000, 0x00000000e3500000|  0%| F|  |TAMS 0x00000000e3400000, 0x00000000e3400000| Untracked 
|  53|0x00000000e3500000, 0x00000000e3500000, 0x00000000e3600000|  0%| F|  |TAMS 0x00000000e3500000, 0x00000000e3500000| Untracked 
|  54|0x00000000e3600000, 0x00000000e3600000, 0x00000000e3700000|  0%| F|  |TAMS 0x00000000e3600000, 0x00000000e3600000| Untracked 
|  55|0x00000000e3700000, 0x00000000e3700000, 0x00000000e3800000|  0%| F|  |TAMS 0x00000000e3700000, 0x00000000e3700000| Untracked 
|  56|0x00000000e3800000, 0x00000000e3800000, 0x00000000e3900000|  0%| F|  |TAMS 0x00000000e3800000, 0x00000000e3800000| Untracked 
|  57|0x00000000e3900000, 0x00000000e3900000, 0x00000000e3a00000|  0%| F|  |TAMS 0x00000000e3900000, 0x00000000e3900000| Untracked 
|  58|0x00000000e3a00000, 0x00000000e3a00000, 0x00000000e3b00000|  0%| F|  |TAMS 0x00000000e3a00000, 0x00000000e3a00000| Untracked 
|  59|0x00000000e3b00000, 0x00000000e3b00000, 0x00000000e3c00000|  0%| F|  |TAMS 0x00000000e3b00000, 0x00000000e3b00000| Untracked 
|  60|0x00000000e3c00000, 0x00000000e3c00000, 0x00000000e3d00000|  0%| F|  |TAMS 0x00000000e3c00000, 0x00000000e3c00000| Untracked 
|  61|0x00000000e3d00000, 0x00000000e3d00000, 0x00000000e3e00000|  0%| F|  |TAMS 0x00000000e3d00000, 0x00000000e3d00000| Untracked 
|  62|0x00000000e3e00000, 0x00000000e3e00000, 0x00000000e3f00000|  0%| F|  |TAMS 0x00000000e3e00000, 0x00000000e3e00000| Untracked 
|  63|0x00000000e3f00000, 0x00000000e3f00000, 0x00000000e4000000|  0%| F|  |TAMS 0x00000000e3f00000, 0x00000000e3f00000| Untracked 
|  64|0x00000000e4000000, 0x00000000e4000000, 0x00000000e4100000|  0%| F|  |TAMS 0x00000000e4000000, 0x00000000e4000000| Untracked 
|  65|0x00000000e4100000, 0x00000000e4100000, 0x00000000e4200000|  0%| F|  |TAMS 0x00000000e4100000, 0x00000000e4100000| Untracked 
|  66|0x00000000e4200000, 0x00000000e4200000, 0x00000000e4300000|  0%| F|  |TAMS 0x00000000e4200000, 0x00000000e4200000| Untracked 
|  67|0x00000000e4300000, 0x00000000e4300000, 0x00000000e4400000|  0%| F|  |TAMS 0x00000000e4300000, 0x00000000e4300000| Untracked 
|  68|0x00000000e4400000, 0x00000000e4400000, 0x00000000e4500000|  0%| F|  |TAMS 0x00000000e4400000, 0x00000000e4400000| Untracked 
|  69|0x00000000e4500000, 0x00000000e4500000, 0x00000000e4600000|  0%| F|  |TAMS 0x00000000e4500000, 0x00000000e4500000| Untracked 
|  70|0x00000000e4600000, 0x00000000e4600000, 0x00000000e4700000|  0%| F|  |TAMS 0x00000000e4600000, 0x00000000e4600000| Untracked 
|  71|0x00000000e4700000, 0x00000000e4700000, 0x00000000e4800000|  0%| F|  |TAMS 0x00000000e4700000, 0x00000000e4700000| Untracked 
|  72|0x00000000e4800000, 0x00000000e4800000, 0x00000000e4900000|  0%| F|  |TAMS 0x00000000e4800000, 0x00000000e4800000| Untracked 
|  73|0x00000000e4900000, 0x00000000e4900000, 0x00000000e4a00000|  0%| F|  |TAMS 0x00000000e4900000, 0x00000000e4900000| Untracked 
|  74|0x00000000e4a00000, 0x00000000e4a00000, 0x00000000e4b00000|  0%| F|  |TAMS 0x00000000e4a00000, 0x00000000e4a00000| Untracked 
|  75|0x00000000e4b00000, 0x00000000e4b00000, 0x00000000e4c00000|  0%| F|  |TAMS 0x00000000e4b00000, 0x00000000e4b00000| Untracked 
|  76|0x00000000e4c00000, 0x00000000e4c00000, 0x00000000e4d00000|  0%| F|  |TAMS 0x00000000e4c00000, 0x00000000e4c00000| Untracked 
|  77|0x00000000e4d00000, 0x00000000e4d00000, 0x00000000e4e00000|  0%| F|  |TAMS 0x00000000e4d00000, 0x00000000e4d00000| Untracked 
|  78|0x00000000e4e00000, 0x00000000e4e00000, 0x00000000e4f00000|  0%| F|  |TAMS 0x00000000e4e00000, 0x00000000e4e00000| Untracked 
|  79|0x00000000e4f00000, 0x00000000e4f00000, 0x00000000e5000000|  0%| F|  |TAMS 0x00000000e4f00000, 0x00000000e4f00000| Untracked 
|  80|0x00000000e5000000, 0x00000000e5000000, 0x00000000e5100000|  0%| F|  |TAMS 0x00000000e5000000, 0x00000000e5000000| Untracked 
|  81|0x00000000e5100000, 0x00000000e5100000, 0x00000000e5200000|  0%| F|  |TAMS 0x00000000e5100000, 0x00000000e5100000| Untracked 
|  82|0x00000000e5200000, 0x00000000e5200000, 0x00000000e5300000|  0%| F|  |TAMS 0x00000000e5200000, 0x00000000e5200000| Untracked 
|  83|0x00000000e5300000, 0x00000000e5300000, 0x00000000e5400000|  0%| F|  |TAMS 0x00000000e5300000, 0x00000000e5300000| Untracked 
|  84|0x00000000e5400000, 0x00000000e5400000, 0x00000000e5500000|  0%| F|  |TAMS 0x00000000e5400000, 0x00000000e5400000| Untracked 
|  85|0x00000000e5500000, 0x00000000e5500000, 0x00000000e5600000|  0%| F|  |TAMS 0x00000000e5500000, 0x00000000e5500000| Untracked 
|  86|0x00000000e5600000, 0x00000000e5600000, 0x00000000e5700000|  0%| F|  |TAMS 0x00000000e5600000, 0x00000000e5600000| Untracked 
|  87|0x00000000e5700000, 0x00000000e5700000, 0x00000000e5800000|  0%| F|  |TAMS 0x00000000e5700000, 0x00000000e5700000| Untracked 
|  88|0x00000000e5800000, 0x00000000e5800000, 0x00000000e5900000|  0%| F|  |TAMS 0x00000000e5800000, 0x00000000e5800000| Untracked 
|  89|0x00000000e5900000, 0x00000000e5900000, 0x00000000e5a00000|  0%| F|  |TAMS 0x00000000e5900000, 0x00000000e5900000| Untracked 
|  90|0x00000000e5a00000, 0x00000000e5a00000, 0x00000000e5b00000|  0%| F|  |TAMS 0x00000000e5a00000, 0x00000000e5a00000| Untracked 
|  91|0x00000000e5b00000, 0x00000000e5b00000, 0x00000000e5c00000|  0%| F|  |TAMS 0x00000000e5b00000, 0x00000000e5b00000| Untracked 
|  92|0x00000000e5c00000, 0x00000000e5c00000, 0x00000000e5d00000|  0%| F|  |TAMS 0x00000000e5c00000, 0x00000000e5c00000| Untracked 
|  93|0x00000000e5d00000, 0x00000000e5d00000, 0x00000000e5e00000|  0%| F|  |TAMS 0x00000000e5d00000, 0x00000000e5d00000| Untracked 
|  94|0x00000000e5e00000, 0x00000000e5e00000, 0x00000000e5f00000|  0%| F|  |TAMS 0x00000000e5e00000, 0x00000000e5e00000| Untracked 
|  95|0x00000000e5f00000, 0x00000000e5f00000, 0x00000000e6000000|  0%| F|  |TAMS 0x00000000e5f00000, 0x00000000e5f00000| Untracked 
|  96|0x00000000e6000000, 0x00000000e6000000, 0x00000000e6100000|  0%| F|  |TAMS 0x00000000e6000000, 0x00000000e6000000| Untracked 
|  97|0x00000000e6100000, 0x00000000e6100000, 0x00000000e6200000|  0%| F|  |TAMS 0x00000000e6100000, 0x00000000e6100000| Untracked 
|  98|0x00000000e6200000, 0x00000000e6200000, 0x00000000e6300000|  0%| F|  |TAMS 0x00000000e6200000, 0x00000000e6200000| Untracked 
|  99|0x00000000e6300000, 0x00000000e6300000, 0x00000000e6400000|  0%| F|  |TAMS 0x00000000e6300000, 0x00000000e6300000| Untracked 
| 100|0x00000000e6400000, 0x00000000e6400000, 0x00000000e6500000|  0%| F|  |TAMS 0x00000000e6400000, 0x00000000e6400000| Untracked 
| 101|0x00000000e6500000, 0x00000000e6500000, 0x00000000e6600000|  0%| F|  |TAMS 0x00000000e6500000, 0x00000000e6500000| Untracked 
| 102|0x00000000e6600000, 0x00000000e6600000, 0x00000000e6700000|  0%| F|  |TAMS 0x00000000e6600000, 0x00000000e6600000| Untracked 
| 103|0x00000000e6700000, 0x00000000e6700000, 0x00000000e6800000|  0%| F|  |TAMS 0x00000000e6700000, 0x00000000e6700000| Untracked 
| 104|0x00000000e6800000, 0x00000000e6800000, 0x00000000e6900000|  0%| F|  |TAMS 0x00000000e6800000, 0x00000000e6800000| Untracked 
| 105|0x00000000e6900000, 0x00000000e6900000, 0x00000000e6a00000|  0%| F|  |TAMS 0x00000000e6900000, 0x00000000e6900000| Untracked 
| 106|0x00000000e6a00000, 0x00000000e6a00000, 0x00000000e6b00000|  0%| F|  |TAMS 0x00000000e6a00000, 0x00000000e6a00000| Untracked 
| 107|0x00000000e6b00000, 0x00000000e6b00000, 0x00000000e6c00000|  0%| F|  |TAMS 0x00000000e6b00000, 0x00000000e6b00000| Untracked 
| 108|0x00000000e6c00000, 0x00000000e6c00000, 0x00000000e6d00000|  0%| F|  |TAMS 0x00000000e6c00000, 0x00000000e6c00000| Untracked 
| 109|0x00000000e6d00000, 0x00000000e6d00000, 0x00000000e6e00000|  0%| F|  |TAMS 0x00000000e6d00000, 0x00000000e6d00000| Untracked 
| 110|0x00000000e6e00000, 0x00000000e6e00000, 0x00000000e6f00000|  0%| F|  |TAMS 0x00000000e6e00000, 0x00000000e6e00000| Untracked 
| 111|0x00000000e6f00000, 0x00000000e6f00000, 0x00000000e7000000|  0%| F|  |TAMS 0x00000000e6f00000, 0x00000000e6f00000| Untracked 
| 112|0x00000000e7000000, 0x00000000e7000000, 0x00000000e7100000|  0%| F|  |TAMS 0x00000000e7000000, 0x00000000e7000000| Untracked 
| 113|0x00000000e7100000, 0x00000000e7100000, 0x00000000e7200000|  0%| F|  |TAMS 0x00000000e7100000, 0x00000000e7100000| Untracked 
| 114|0x00000000e7200000, 0x00000000e7200000, 0x00000000e7300000|  0%| F|  |TAMS 0x00000000e7200000, 0x00000000e7200000| Untracked 
| 115|0x00000000e7300000, 0x00000000e7300000, 0x00000000e7400000|  0%| F|  |TAMS 0x00000000e7300000, 0x00000000e7300000| Untracked 
| 116|0x00000000e7400000, 0x00000000e7400000, 0x00000000e7500000|  0%| F|  |TAMS 0x00000000e7400000, 0x00000000e7400000| Untracked 
| 117|0x00000000e7500000, 0x00000000e7500000, 0x00000000e7600000|  0%| F|  |TAMS 0x00000000e7500000, 0x00000000e7500000| Untracked 
| 118|0x00000000e7600000, 0x00000000e7600000, 0x00000000e7700000|  0%| F|  |TAMS 0x00000000e7600000, 0x00000000e7600000| Untracked 
| 119|0x00000000e7700000, 0x00000000e7700000, 0x00000000e7800000|  0%| F|  |TAMS 0x00000000e7700000, 0x00000000e7700000| Untracked 
| 120|0x00000000e7800000, 0x00000000e7800000, 0x00000000e7900000|  0%| F|  |TAMS 0x00000000e7800000, 0x00000000e7800000| Untracked 
| 121|0x00000000e7900000, 0x00000000e7900000, 0x00000000e7a00000|  0%| F|  |TAMS 0x00000000e7900000, 0x00000000e7900000| Untracked 
| 122|0x00000000e7a00000, 0x00000000e7a00000, 0x00000000e7b00000|  0%| F|  |TAMS 0x00000000e7a00000, 0x00000000e7a00000| Untracked 
| 123|0x00000000e7b00000, 0x00000000e7b00000, 0x00000000e7c00000|  0%| F|  |TAMS 0x00000000e7b00000, 0x00000000e7b00000| Untracked 
| 124|0x00000000e7c00000, 0x00000000e7c00000, 0x00000000e7d00000|  0%| F|  |TAMS 0x00000000e7c00000, 0x00000000e7c00000| Untracked 
| 125|0x00000000e7d00000, 0x00000000e7d00000, 0x00000000e7e00000|  0%| F|  |TAMS 0x00000000e7d00000, 0x00000000e7d00000| Untracked 
| 126|0x00000000e7e00000, 0x00000000e7e00000, 0x00000000e7f00000|  0%| F|  |TAMS 0x00000000e7e00000, 0x00000000e7e00000| Untracked 
| 127|0x00000000e7f00000, 0x00000000e7f00000, 0x00000000e8000000|  0%| F|  |TAMS 0x00000000e7f00000, 0x00000000e7f00000| Untracked 
| 128|0x00000000e8000000, 0x00000000e8000000, 0x00000000e8100000|  0%| F|  |TAMS 0x00000000e8000000, 0x00000000e8000000| Untracked 
| 129|0x00000000e8100000, 0x00000000e8100000, 0x00000000e8200000|  0%| F|  |TAMS 0x00000000e8100000, 0x00000000e8100000| Untracked 
| 130|0x00000000e8200000, 0x00000000e8200000, 0x00000000e8300000|  0%| F|  |TAMS 0x00000000e8200000, 0x00000000e8200000| Untracked 
| 131|0x00000000e8300000, 0x00000000e8300000, 0x00000000e8400000|  0%| F|  |TAMS 0x00000000e8300000, 0x00000000e8300000| Untracked 
| 132|0x00000000e8400000, 0x00000000e8400000, 0x00000000e8500000|  0%| F|  |TAMS 0x00000000e8400000, 0x00000000e8400000| Untracked 
| 133|0x00000000e8500000, 0x00000000e8500000, 0x00000000e8600000|  0%| F|  |TAMS 0x00000000e8500000, 0x00000000e8500000| Untracked 
| 134|0x00000000e8600000, 0x00000000e8600000, 0x00000000e8700000|  0%| F|  |TAMS 0x00000000e8600000, 0x00000000e8600000| Untracked 
| 135|0x00000000e8700000, 0x00000000e8700000, 0x00000000e8800000|  0%| F|  |TAMS 0x00000000e8700000, 0x00000000e8700000| Untracked 
| 136|0x00000000e8800000, 0x00000000e8800000, 0x00000000e8900000|  0%| F|  |TAMS 0x00000000e8800000, 0x00000000e8800000| Untracked 
| 137|0x00000000e8900000, 0x00000000e8900000, 0x00000000e8a00000|  0%| F|  |TAMS 0x00000000e8900000, 0x00000000e8900000| Untracked 
| 138|0x00000000e8a00000, 0x00000000e8a00000, 0x00000000e8b00000|  0%| F|  |TAMS 0x00000000e8a00000, 0x00000000e8a00000| Untracked 
| 139|0x00000000e8b00000, 0x00000000e8b00000, 0x00000000e8c00000|  0%| F|  |TAMS 0x00000000e8b00000, 0x00000000e8b00000| Untracked 
| 140|0x00000000e8c00000, 0x00000000e8c00000, 0x00000000e8d00000|  0%| F|  |TAMS 0x00000000e8c00000, 0x00000000e8c00000| Untracked 
| 141|0x00000000e8d00000, 0x00000000e8d00000, 0x00000000e8e00000|  0%| F|  |TAMS 0x00000000e8d00000, 0x00000000e8d00000| Untracked 
| 142|0x00000000e8e00000, 0x00000000e8e00000, 0x00000000e8f00000|  0%| F|  |TAMS 0x00000000e8e00000, 0x00000000e8e00000| Untracked 
| 143|0x00000000e8f00000, 0x00000000e8f00000, 0x00000000e9000000|  0%| F|  |TAMS 0x00000000e8f00000, 0x00000000e8f00000| Untracked 
| 144|0x00000000e9000000, 0x00000000e9000000, 0x00000000e9100000|  0%| F|  |TAMS 0x00000000e9000000, 0x00000000e9000000| Untracked 
| 145|0x00000000e9100000, 0x00000000e9100000, 0x00000000e9200000|  0%| F|  |TAMS 0x00000000e9100000, 0x00000000e9100000| Untracked 
| 146|0x00000000e9200000, 0x00000000e9200000, 0x00000000e9300000|  0%| F|  |TAMS 0x00000000e9200000, 0x00000000e9200000| Untracked 
| 147|0x00000000e9300000, 0x00000000e9300000, 0x00000000e9400000|  0%| F|  |TAMS 0x00000000e9300000, 0x00000000e9300000| Untracked 
| 148|0x00000000e9400000, 0x00000000e9400000, 0x00000000e9500000|  0%| F|  |TAMS 0x00000000e9400000, 0x00000000e9400000| Untracked 
| 149|0x00000000e9500000, 0x00000000e9500000, 0x00000000e9600000|  0%| F|  |TAMS 0x00000000e9500000, 0x00000000e9500000| Untracked 
| 150|0x00000000e9600000, 0x00000000e9600000, 0x00000000e9700000|  0%| F|  |TAMS 0x00000000e9600000, 0x00000000e9600000| Untracked 
| 151|0x00000000e9700000, 0x00000000e9700000, 0x00000000e9800000|  0%| F|  |TAMS 0x00000000e9700000, 0x00000000e9700000| Untracked 
| 152|0x00000000e9800000, 0x00000000e9800000, 0x00000000e9900000|  0%| F|  |TAMS 0x00000000e9800000, 0x00000000e9800000| Untracked 
| 153|0x00000000e9900000, 0x00000000e9900000, 0x00000000e9a00000|  0%| F|  |TAMS 0x00000000e9900000, 0x00000000e9900000| Untracked 
| 154|0x00000000e9a00000, 0x00000000e9a00000, 0x00000000e9b00000|  0%| F|  |TAMS 0x00000000e9a00000, 0x00000000e9a00000| Untracked 
| 155|0x00000000e9b00000, 0x00000000e9b00000, 0x00000000e9c00000|  0%| F|  |TAMS 0x00000000e9b00000, 0x00000000e9b00000| Untracked 
| 156|0x00000000e9c00000, 0x00000000e9c00000, 0x00000000e9d00000|  0%| F|  |TAMS 0x00000000e9c00000, 0x00000000e9c00000| Untracked 
| 157|0x00000000e9d00000, 0x00000000e9d00000, 0x00000000e9e00000|  0%| F|  |TAMS 0x00000000e9d00000, 0x00000000e9d00000| Untracked 
| 158|0x00000000e9e00000, 0x00000000e9e00000, 0x00000000e9f00000|  0%| F|  |TAMS 0x00000000e9e00000, 0x00000000e9e00000| Untracked 
| 159|0x00000000e9f00000, 0x00000000e9f00000, 0x00000000ea000000|  0%| F|  |TAMS 0x00000000e9f00000, 0x00000000e9f00000| Untracked 
| 160|0x00000000ea000000, 0x00000000ea000000, 0x00000000ea100000|  0%| F|  |TAMS 0x00000000ea000000, 0x00000000ea000000| Untracked 
| 161|0x00000000ea100000, 0x00000000ea100000, 0x00000000ea200000|  0%| F|  |TAMS 0x00000000ea100000, 0x00000000ea100000| Untracked 
| 162|0x00000000ea200000, 0x00000000ea200000, 0x00000000ea300000|  0%| F|  |TAMS 0x00000000ea200000, 0x00000000ea200000| Untracked 
| 163|0x00000000ea300000, 0x00000000ea300000, 0x00000000ea400000|  0%| F|  |TAMS 0x00000000ea300000, 0x00000000ea300000| Untracked 
| 164|0x00000000ea400000, 0x00000000ea400000, 0x00000000ea500000|  0%| F|  |TAMS 0x00000000ea400000, 0x00000000ea400000| Untracked 
| 165|0x00000000ea500000, 0x00000000ea500000, 0x00000000ea600000|  0%| F|  |TAMS 0x00000000ea500000, 0x00000000ea500000| Untracked 
| 166|0x00000000ea600000, 0x00000000ea600000, 0x00000000ea700000|  0%| F|  |TAMS 0x00000000ea600000, 0x00000000ea600000| Untracked 
| 167|0x00000000ea700000, 0x00000000ea700000, 0x00000000ea800000|  0%| F|  |TAMS 0x00000000ea700000, 0x00000000ea700000| Untracked 
| 168|0x00000000ea800000, 0x00000000ea800000, 0x00000000ea900000|  0%| F|  |TAMS 0x00000000ea800000, 0x00000000ea800000| Untracked 
| 169|0x00000000ea900000, 0x00000000ea900000, 0x00000000eaa00000|  0%| F|  |TAMS 0x00000000ea900000, 0x00000000ea900000| Untracked 
| 170|0x00000000eaa00000, 0x00000000eaa00000, 0x00000000eab00000|  0%| F|  |TAMS 0x00000000eaa00000, 0x00000000eaa00000| Untracked 
| 171|0x00000000eab00000, 0x00000000eac00000, 0x00000000eac00000|100%| E|  |TAMS 0x00000000eab00000, 0x00000000eab00000| Complete 
| 172|0x00000000eac00000, 0x00000000ead00000, 0x00000000ead00000|100%| E|CS|TAMS 0x00000000eac00000, 0x00000000eac00000| Complete 
| 173|0x00000000ead00000, 0x00000000eae00000, 0x00000000eae00000|100%| E|CS|TAMS 0x00000000ead00000, 0x00000000ead00000| Complete 
| 174|0x00000000eae00000, 0x00000000eaf00000, 0x00000000eaf00000|100%| E|CS|TAMS 0x00000000eae00000, 0x00000000eae00000| Complete 
| 175|0x00000000eaf00000, 0x00000000eb000000, 0x00000000eb000000|100%| E|CS|TAMS 0x00000000eaf00000, 0x00000000eaf00000| Complete 
| 176|0x00000000eb000000, 0x00000000eb100000, 0x00000000eb100000|100%| E|CS|TAMS 0x00000000eb000000, 0x00000000eb000000| Complete 
| 177|0x00000000eb100000, 0x00000000eb200000, 0x00000000eb200000|100%| E|CS|TAMS 0x00000000eb100000, 0x00000000eb100000| Complete 
| 178|0x00000000eb200000, 0x00000000eb300000, 0x00000000eb300000|100%| E|CS|TAMS 0x00000000eb200000, 0x00000000eb200000| Complete 
| 179|0x00000000eb300000, 0x00000000eb400000, 0x00000000eb400000|100%| E|CS|TAMS 0x00000000eb300000, 0x00000000eb300000| Complete 
| 180|0x00000000eb400000, 0x00000000eb500000, 0x00000000eb500000|100%| E|CS|TAMS 0x00000000eb400000, 0x00000000eb400000| Complete 
| 181|0x00000000eb500000, 0x00000000eb600000, 0x00000000eb600000|100%| E|CS|TAMS 0x00000000eb500000, 0x00000000eb500000| Complete 
| 182|0x00000000eb600000, 0x00000000eb700000, 0x00000000eb700000|100%| E|CS|TAMS 0x00000000eb600000, 0x00000000eb600000| Complete 
| 183|0x00000000eb700000, 0x00000000eb800000, 0x00000000eb800000|100%| E|CS|TAMS 0x00000000eb700000, 0x00000000eb700000| Complete 
| 184|0x00000000eb800000, 0x00000000eb900000, 0x00000000eb900000|100%| E|CS|TAMS 0x00000000eb800000, 0x00000000eb800000| Complete 
| 185|0x00000000eb900000, 0x00000000eba00000, 0x00000000eba00000|100%| E|CS|TAMS 0x00000000eb900000, 0x00000000eb900000| Complete 
| 186|0x00000000eba00000, 0x00000000ebb00000, 0x00000000ebb00000|100%| E|CS|TAMS 0x00000000eba00000, 0x00000000eba00000| Complete 
| 187|0x00000000ebb00000, 0x00000000ebc00000, 0x00000000ebc00000|100%| E|CS|TAMS 0x00000000ebb00000, 0x00000000ebb00000| Complete 
| 188|0x00000000ebc00000, 0x00000000ebd00000, 0x00000000ebd00000|100%| E|CS|TAMS 0x00000000ebc00000, 0x00000000ebc00000| Complete 
| 189|0x00000000ebd00000, 0x00000000ebe00000, 0x00000000ebe00000|100%| E|CS|TAMS 0x00000000ebd00000, 0x00000000ebd00000| Complete 
| 190|0x00000000ebe00000, 0x00000000ebf00000, 0x00000000ebf00000|100%| E|CS|TAMS 0x00000000ebe00000, 0x00000000ebe00000| Complete 
| 191|0x00000000ebf00000, 0x00000000ec000000, 0x00000000ec000000|100%| E|CS|TAMS 0x00000000ebf00000, 0x00000000ebf00000| Complete 
| 192|0x00000000ec000000, 0x00000000ec100000, 0x00000000ec100000|100%| E|CS|TAMS 0x00000000ec000000, 0x00000000ec000000| Complete 
| 193|0x00000000ec100000, 0x00000000ec200000, 0x00000000ec200000|100%| E|CS|TAMS 0x00000000ec100000, 0x00000000ec100000| Complete 
| 194|0x00000000ec200000, 0x00000000ec300000, 0x00000000ec300000|100%| E|CS|TAMS 0x00000000ec200000, 0x00000000ec200000| Complete 
| 195|0x00000000ec300000, 0x00000000ec400000, 0x00000000ec400000|100%| E|CS|TAMS 0x00000000ec300000, 0x00000000ec300000| Complete 
| 196|0x00000000ec400000, 0x00000000ec500000, 0x00000000ec500000|100%| E|CS|TAMS 0x00000000ec400000, 0x00000000ec400000| Complete 
| 197|0x00000000ec500000, 0x00000000ec600000, 0x00000000ec600000|100%| E|CS|TAMS 0x00000000ec500000, 0x00000000ec500000| Complete 
| 198|0x00000000ec600000, 0x00000000ec700000, 0x00000000ec700000|100%| E|CS|TAMS 0x00000000ec600000, 0x00000000ec600000| Complete 
| 199|0x00000000ec700000, 0x00000000ec800000, 0x00000000ec800000|100%| E|CS|TAMS 0x00000000ec700000, 0x00000000ec700000| Complete 
| 200|0x00000000ec800000, 0x00000000ec900000, 0x00000000ec900000|100%| S|CS|TAMS 0x00000000ec800000, 0x00000000ec800000| Complete 
| 201|0x00000000ec900000, 0x00000000eca00000, 0x00000000eca00000|100%| S|CS|TAMS 0x00000000ec900000, 0x00000000ec900000| Complete 
| 202|0x00000000eca00000, 0x00000000ecb00000, 0x00000000ecb00000|100%| S|CS|TAMS 0x00000000eca00000, 0x00000000eca00000| Complete 
| 203|0x00000000ecb00000, 0x00000000ecc00000, 0x00000000ecc00000|100%| S|CS|TAMS 0x00000000ecb00000, 0x00000000ecb00000| Complete 
| 204|0x00000000ecc00000, 0x00000000ecd00000, 0x00000000ecd00000|100%| S|CS|TAMS 0x00000000ecc00000, 0x00000000ecc00000| Complete 
| 205|0x00000000ecd00000, 0x00000000ece00000, 0x00000000ece00000|100%| S|CS|TAMS 0x00000000ecd00000, 0x00000000ecd00000| Complete 
| 206|0x00000000ece00000, 0x00000000ecf00000, 0x00000000ecf00000|100%| S|CS|TAMS 0x00000000ece00000, 0x00000000ece00000| Complete 
| 207|0x00000000ecf00000, 0x00000000ed000000, 0x00000000ed000000|100%| E|CS|TAMS 0x00000000ecf00000, 0x00000000ecf00000| Complete 
| 208|0x00000000ed000000, 0x00000000ed100000, 0x00000000ed100000|100%| E|CS|TAMS 0x00000000ed000000, 0x00000000ed000000| Complete 
| 209|0x00000000ed100000, 0x00000000ed200000, 0x00000000ed200000|100%| E|CS|TAMS 0x00000000ed100000, 0x00000000ed100000| Complete 
| 210|0x00000000ed200000, 0x00000000ed300000, 0x00000000ed300000|100%| E|CS|TAMS 0x00000000ed200000, 0x00000000ed200000| Complete 
| 211|0x00000000ed300000, 0x00000000ed400000, 0x00000000ed400000|100%| E|CS|TAMS 0x00000000ed300000, 0x00000000ed300000| Complete 
| 212|0x00000000ed400000, 0x00000000ed500000, 0x00000000ed500000|100%| E|CS|TAMS 0x00000000ed400000, 0x00000000ed400000| Complete 
| 213|0x00000000ed500000, 0x00000000ed600000, 0x00000000ed600000|100%| E|CS|TAMS 0x00000000ed500000, 0x00000000ed500000| Complete 
| 214|0x00000000ed600000, 0x00000000ed700000, 0x00000000ed700000|100%| E|CS|TAMS 0x00000000ed600000, 0x00000000ed600000| Complete 
| 215|0x00000000ed700000, 0x00000000ed800000, 0x00000000ed800000|100%| E|CS|TAMS 0x00000000ed700000, 0x00000000ed700000| Complete 
| 216|0x00000000ed800000, 0x00000000ed900000, 0x00000000ed900000|100%| E|CS|TAMS 0x00000000ed800000, 0x00000000ed800000| Complete 
| 217|0x00000000ed900000, 0x00000000eda00000, 0x00000000eda00000|100%| E|CS|TAMS 0x00000000ed900000, 0x00000000ed900000| Complete 
| 218|0x00000000eda00000, 0x00000000edb00000, 0x00000000edb00000|100%| E|CS|TAMS 0x00000000eda00000, 0x00000000eda00000| Complete 
| 219|0x00000000edb00000, 0x00000000edc00000, 0x00000000edc00000|100%| E|CS|TAMS 0x00000000edb00000, 0x00000000edb00000| Complete 
| 220|0x00000000edc00000, 0x00000000edd00000, 0x00000000edd00000|100%| E|CS|TAMS 0x00000000edc00000, 0x00000000edc00000| Complete 
| 221|0x00000000edd00000, 0x00000000ede00000, 0x00000000ede00000|100%| E|CS|TAMS 0x00000000edd00000, 0x00000000edd00000| Complete 
| 222|0x00000000ede00000, 0x00000000edf00000, 0x00000000edf00000|100%| E|CS|TAMS 0x00000000ede00000, 0x00000000ede00000| Complete 
| 223|0x00000000edf00000, 0x00000000ee000000, 0x00000000ee000000|100%| E|CS|TAMS 0x00000000edf00000, 0x00000000edf00000| Complete 
| 224|0x00000000ee000000, 0x00000000ee100000, 0x00000000ee100000|100%| E|CS|TAMS 0x00000000ee000000, 0x00000000ee000000| Complete 
| 225|0x00000000ee100000, 0x00000000ee200000, 0x00000000ee200000|100%| E|CS|TAMS 0x00000000ee100000, 0x00000000ee100000| Complete 
| 226|0x00000000ee200000, 0x00000000ee300000, 0x00000000ee300000|100%| E|CS|TAMS 0x00000000ee200000, 0x00000000ee200000| Complete 
| 227|0x00000000ee300000, 0x00000000ee400000, 0x00000000ee400000|100%| E|CS|TAMS 0x00000000ee300000, 0x00000000ee300000| Complete 
| 228|0x00000000ee400000, 0x00000000ee500000, 0x00000000ee500000|100%| E|CS|TAMS 0x00000000ee400000, 0x00000000ee400000| Complete 
| 229|0x00000000ee500000, 0x00000000ee600000, 0x00000000ee600000|100%| E|CS|TAMS 0x00000000ee500000, 0x00000000ee500000| Complete 
| 230|0x00000000ee600000, 0x00000000ee700000, 0x00000000ee700000|100%| E|CS|TAMS 0x00000000ee600000, 0x00000000ee600000| Complete 
| 231|0x00000000ee700000, 0x00000000ee800000, 0x00000000ee800000|100%| E|CS|TAMS 0x00000000ee700000, 0x00000000ee700000| Complete 
| 232|0x00000000ee800000, 0x00000000ee900000, 0x00000000ee900000|100%| E|CS|TAMS 0x00000000ee800000, 0x00000000ee800000| Complete 
| 233|0x00000000ee900000, 0x00000000eea00000, 0x00000000eea00000|100%| E|CS|TAMS 0x00000000ee900000, 0x00000000ee900000| Complete 
| 234|0x00000000eea00000, 0x00000000eeb00000, 0x00000000eeb00000|100%| E|CS|TAMS 0x00000000eea00000, 0x00000000eea00000| Complete 
| 235|0x00000000eeb00000, 0x00000000eec00000, 0x00000000eec00000|100%| E|CS|TAMS 0x00000000eeb00000, 0x00000000eeb00000| Complete 
| 236|0x00000000eec00000, 0x00000000eed00000, 0x00000000eed00000|100%| E|CS|TAMS 0x00000000eec00000, 0x00000000eec00000| Complete 
| 237|0x00000000eed00000, 0x00000000eee00000, 0x00000000eee00000|100%| E|CS|TAMS 0x00000000eed00000, 0x00000000eed00000| Complete 
| 238|0x00000000eee00000, 0x00000000eef00000, 0x00000000eef00000|100%| E|CS|TAMS 0x00000000eee00000, 0x00000000eee00000| Complete 
| 239|0x00000000eef00000, 0x00000000ef000000, 0x00000000ef000000|100%| E|CS|TAMS 0x00000000eef00000, 0x00000000eef00000| Complete 
| 240|0x00000000ef000000, 0x00000000ef100000, 0x00000000ef100000|100%| E|CS|TAMS 0x00000000ef000000, 0x00000000ef000000| Complete 
| 241|0x00000000ef100000, 0x00000000ef200000, 0x00000000ef200000|100%| E|CS|TAMS 0x00000000ef100000, 0x00000000ef100000| Complete 
| 242|0x00000000ef200000, 0x00000000ef300000, 0x00000000ef300000|100%| E|CS|TAMS 0x00000000ef200000, 0x00000000ef200000| Complete 
| 243|0x00000000ef300000, 0x00000000ef400000, 0x00000000ef400000|100%| E|CS|TAMS 0x00000000ef300000, 0x00000000ef300000| Complete 
| 244|0x00000000ef400000, 0x00000000ef500000, 0x00000000ef500000|100%| E|CS|TAMS 0x00000000ef400000, 0x00000000ef400000| Complete 
| 245|0x00000000ef500000, 0x00000000ef600000, 0x00000000ef600000|100%| E|CS|TAMS 0x00000000ef500000, 0x00000000ef500000| Complete 
| 246|0x00000000ef600000, 0x00000000ef700000, 0x00000000ef700000|100%| E|CS|TAMS 0x00000000ef600000, 0x00000000ef600000| Complete 
| 247|0x00000000ef700000, 0x00000000ef800000, 0x00000000ef800000|100%| E|CS|TAMS 0x00000000ef700000, 0x00000000ef700000| Complete 
| 248|0x00000000ef800000, 0x00000000ef900000, 0x00000000ef900000|100%| E|CS|TAMS 0x00000000ef800000, 0x00000000ef800000| Complete 
| 249|0x00000000ef900000, 0x00000000efa00000, 0x00000000efa00000|100%| E|CS|TAMS 0x00000000ef900000, 0x00000000ef900000| Complete 
| 250|0x00000000efa00000, 0x00000000efb00000, 0x00000000efb00000|100%| E|CS|TAMS 0x00000000efa00000, 0x00000000efa00000| Complete 
| 251|0x00000000efb00000, 0x00000000efc00000, 0x00000000efc00000|100%| E|CS|TAMS 0x00000000efb00000, 0x00000000efb00000| Complete 
| 252|0x00000000efc00000, 0x00000000efd00000, 0x00000000efd00000|100%| E|CS|TAMS 0x00000000efc00000, 0x00000000efc00000| Complete 
| 253|0x00000000efd00000, 0x00000000efe00000, 0x00000000efe00000|100%| E|CS|TAMS 0x00000000efd00000, 0x00000000efd00000| Complete 
| 254|0x00000000efe00000, 0x00000000eff00000, 0x00000000eff00000|100%| E|CS|TAMS 0x00000000efe00000, 0x00000000efe00000| Complete 
| 255|0x00000000eff00000, 0x00000000f0000000, 0x00000000f0000000|100%| E|CS|TAMS 0x00000000eff00000, 0x00000000eff00000| Complete 

Card table byte_map: [0x000001fc380e0000,0x000001fc381e0000] _byte_map_base: 0x000001fc379e0000

Marking Bits (Prev, Next): (CMBitMap*) 0x000001fc214172b0, (CMBitMap*) 0x000001fc214172f0
 Prev Bits: [0x000001fc382e0000, 0x000001fc38ae0000)
 Next Bits: [0x000001fc38ae0000, 0x000001fc392e0000)

Polling page: 0x000001fc20bc0000

Metaspace:

Usage:
  Non-class:     14.96 MB used.
      Class:      2.52 MB used.
       Both:     17.48 MB used.

Virtual space:
  Non-class space:       64.00 MB reserved,      15.12 MB ( 24%) committed,  1 nodes.
      Class space:      320.00 MB reserved,       2.62 MB ( <1%) committed,  1 nodes.
             Both:      384.00 MB reserved,      17.75 MB (  5%) committed. 

Chunk freelists:
   Non-Class:  688.00 KB
       Class:  13.33 MB
        Both:  14.00 MB

MaxMetaspaceSize: 384.00 MB
CompressedClassSpaceSize: 320.00 MB
Initial GC threshold: 21.00 MB
Current GC threshold: 21.00 MB
CDS: on
MetaspaceReclaimPolicy: balanced
 - commit_granule_bytes: 65536.
 - commit_granule_words: 8192.
 - virtual_space_node_default_size: 8388608.
 - enlarge_chunks_in_place: 1.
 - new_chunks_are_fully_committed: 0.
 - uncommit_free_chunks: 1.
 - use_allocation_guard: 0.
 - handle_deallocations: 1.


Internal statistics:

num_allocs_failed_limit: 0.
num_arena_births: 190.
num_arena_deaths: 0.
num_vsnodes_births: 2.
num_vsnodes_deaths: 0.
num_space_committed: 284.
num_space_uncommitted: 0.
num_chunks_returned_to_freelist: 0.
num_chunks_taken_from_freelist: 816.
num_chunk_merges: 0.
num_chunk_splits: 532.
num_chunks_enlarged: 380.
num_inconsistent_stats: 0.

CodeHeap 'non-profiled nmethods': size=120000Kb used=1250Kb max_used=1250Kb free=118749Kb
 bounds [0x000001fc30780000, 0x000001fc309f0000, 0x000001fc37cb0000]
CodeHeap 'profiled nmethods': size=120000Kb used=5003Kb max_used=5003Kb free=114996Kb
 bounds [0x000001fc28cb0000, 0x000001fc291a0000, 0x000001fc301e0000]
CodeHeap 'non-nmethods': size=5760Kb used=1232Kb max_used=1289Kb free=4527Kb
 bounds [0x000001fc301e0000, 0x000001fc30450000, 0x000001fc30780000]
 total_blobs=3017 nmethods=2472 adapters=457
 compilation: enabled
              stopped_count=0, restarted_count=0
 full_count=0

Compilation events (20 events):
Event: 3.847 Thread 0x000001fc3bd049a0 2458       3       org.gradle.internal.service.DefaultServiceRegistry$OwnServices::add (82 bytes)
Event: 3.848 Thread 0x000001fc3bd049a0 nmethod 2458 0x000001fc29181290 code [0x000001fc291814e0, 0x000001fc29181f08]
Event: 3.848 Thread 0x000001fc3bd049a0 2459       3       org.gradle.internal.service.DefaultServiceRegistry::access$1300 (5 bytes)
Event: 3.848 Thread 0x000001fc3bd049a0 nmethod 2459 0x000001fc29182310 code [0x000001fc291824a0, 0x000001fc291825c8]
Event: 3.868 Thread 0x000001fc3bd049a0 2460   !   3       jdk.proxy1.$Proxy4::annotationType (29 bytes)
Event: 3.869 Thread 0x000001fc3bd049a0 nmethod 2460 0x000001fc29182690 code [0x000001fc29182860, 0x000001fc29182c58]
Event: 3.869 Thread 0x000001fc3bd049a0 2462       3       org.gradle.internal.service.DefaultServiceRegistry::isEqualToAnyType (41 bytes)
Event: 3.869 Thread 0x000001fc3bd049a0 nmethod 2462 0x000001fc29182e10 code [0x000001fc29183000, 0x000001fc29183658]
Event: 3.869 Thread 0x000001fc3bd049a0 2461       3       org.gradle.internal.service.DefaultServiceRegistry::access$2100 (6 bytes)
Event: 3.869 Thread 0x000001fc3bd049a0 nmethod 2461 0x000001fc29183810 code [0x000001fc291839a0, 0x000001fc29183aa8]
Event: 3.870 Thread 0x000001fc3bd049a0 2463       3       jdk.internal.org.objectweb.asm.SymbolTable::addConstant (330 bytes)
Event: 3.871 Thread 0x000001fc3bd049a0 nmethod 2463 0x000001fc29183b90 code [0x000001fc29184100, 0x000001fc29187338]
Event: 3.871 Thread 0x000001fc3bd049a0 2464       3       jdk.internal.reflect.ReflectionFactory::getExecutableSharedParameterTypes (11 bytes)
Event: 3.871 Thread 0x000001fc3bd049a0 nmethod 2464 0x000001fc29187c90 code [0x000001fc29187e40, 0x000001fc291880a8]
Event: 3.871 Thread 0x000001fc3bd049a0 2465       3       java.lang.reflect.ReflectAccess::getExecutableSharedParameterTypes (5 bytes)
Event: 3.871 Thread 0x000001fc3bd049a0 nmethod 2465 0x000001fc29188210 code [0x000001fc291883c0, 0x000001fc29188588]
Event: 3.871 Thread 0x000001fc3bd049a0 2466       3       org.gradle.internal.service.DefaultServiceRegistry$FactoryMethodService::getMethod (46 bytes)
Event: 3.872 Thread 0x000001fc3bd049a0 nmethod 2466 0x000001fc29188690 code [0x000001fc291888e0, 0x000001fc29189008]
Event: 3.872 Thread 0x000001fc3bd049a0 2467       3       java.lang.reflect.Constructor::getRoot (5 bytes)
Event: 3.872 Thread 0x000001fc3bd049a0 nmethod 2467 0x000001fc29189310 code [0x000001fc291894a0, 0x000001fc291895b8]

GC Heap History (6 events):
Event: 0.585 GC heap before
{Heap before GC invocations=0 (full 0):
 garbage-first heap   total 262144K, used 23552K [0x00000000e0000000, 0x0000000100000000)
  region size 1024K, 23 young (23552K), 0 survivors (0K)
 Metaspace       used 1104K, committed 1216K, reserved 393216K
  class space    used 78K, committed 128K, reserved 327680K
}
Event: 0.587 GC heap after
{Heap after GC invocations=1 (full 0):
 garbage-first heap   total 262144K, used 2602K [0x00000000e0000000, 0x0000000100000000)
  region size 1024K, 3 young (3072K), 3 survivors (3072K)
 Metaspace       used 1104K, committed 1216K, reserved 393216K
  class space    used 78K, committed 128K, reserved 327680K
}
Event: 1.450 GC heap before
{Heap before GC invocations=1 (full 0):
 garbage-first heap   total 262144K, used 38442K [0x00000000e0000000, 0x0000000100000000)
  region size 1024K, 36 young (36864K), 3 survivors (3072K)
 Metaspace       used 4422K, committed 4608K, reserved 393216K
  class space    used 552K, committed 640K, reserved 327680K
}
Event: 1.454 GC heap after
{Heap after GC invocations=2 (full 0):
 garbage-first heap   total 262144K, used 11449K [0x00000000e0000000, 0x0000000100000000)
  region size 1024K, 5 young (5120K), 5 survivors (5120K)
 Metaspace       used 4422K, committed 4608K, reserved 393216K
  class space    used 552K, committed 640K, reserved 327680K
}
Event: 2.082 GC heap before
{Heap before GC invocations=2 (full 0):
 garbage-first heap   total 262144K, used 58553K [0x00000000e0000000, 0x0000000100000000)
  region size 1024K, 49 young (50176K), 5 survivors (5120K)
 Metaspace       used 4689K, committed 4864K, reserved 393216K
  class space    used 591K, committed 704K, reserved 327680K
}
Event: 2.086 GC heap after
{Heap after GC invocations=3 (full 0):
 garbage-first heap   total 262144K, used 16384K [0x00000000e0000000, 0x0000000100000000)
  region size 1024K, 7 young (7168K), 7 survivors (7168K)
 Metaspace       used 4689K, committed 4864K, reserved 393216K
  class space    used 591K, committed 704K, reserved 327680K
}

Deoptimization events (20 events):
Event: 3.266 Thread 0x000001fc567f6ec0 DEOPT PACKING pc=0x000001fc308447b8 sp=0x00000057edcfb310
Event: 3.266 Thread 0x000001fc567f6ec0 DEOPT UNPACKING pc=0x000001fc302323a3 sp=0x00000057edcfb2a8 mode 2
Event: 3.579 Thread 0x000001fc567f6ec0 DEOPT PACKING pc=0x000001fc28d8df3c sp=0x00000057edcfa590
Event: 3.579 Thread 0x000001fc567f6ec0 DEOPT UNPACKING pc=0x000001fc30232b43 sp=0x00000057edcf9a28 mode 0
Event: 3.606 Thread 0x000001fc567f6ec0 Uncommon trap: trap_request=0xffffff45 fr.pc=0x000001fc3086caf4 relative=0x0000000000000074
Event: 3.606 Thread 0x000001fc567f6ec0 Uncommon trap: reason=unstable_if action=reinterpret pc=0x000001fc3086caf4 method=jdk.internal.misc.Unsafe.convEndian(ZI)I @ 4 c2
Event: 3.606 Thread 0x000001fc567f6ec0 DEOPT PACKING pc=0x000001fc3086caf4 sp=0x00000057edcfa850
Event: 3.606 Thread 0x000001fc567f6ec0 DEOPT UNPACKING pc=0x000001fc302323a3 sp=0x00000057edcfa758 mode 2
Event: 3.620 Thread 0x000001fc567f6ec0 Uncommon trap: trap_request=0xffffff45 fr.pc=0x000001fc307a2490 relative=0x0000000000000a30
Event: 3.620 Thread 0x000001fc567f6ec0 Uncommon trap: reason=unstable_if action=reinterpret pc=0x000001fc307a2490 method=java.io.WinNTFileSystem.resolve(Ljava/lang/String;Ljava/lang/String;)Ljava/lang/String; @ 19 c2
Event: 3.620 Thread 0x000001fc567f6ec0 DEOPT PACKING pc=0x000001fc307a2490 sp=0x00000057edcfad30
Event: 3.620 Thread 0x000001fc567f6ec0 DEOPT UNPACKING pc=0x000001fc302323a3 sp=0x00000057edcface8 mode 2
Event: 3.620 Thread 0x000001fc567f6ec0 Uncommon trap: trap_request=0xffffff45 fr.pc=0x000001fc30818eec relative=0x000000000000062c
Event: 3.621 Thread 0x000001fc567f6ec0 Uncommon trap: reason=unstable_if action=reinterpret pc=0x000001fc30818eec method=java.io.File.getName()Ljava/lang/String; @ 16 c2
Event: 3.621 Thread 0x000001fc567f6ec0 DEOPT PACKING pc=0x000001fc30818eec sp=0x00000057edcfacf0
Event: 3.621 Thread 0x000001fc567f6ec0 DEOPT UNPACKING pc=0x000001fc302323a3 sp=0x00000057edcfacc0 mode 2
Event: 3.660 Thread 0x000001fc567f6ec0 Uncommon trap: trap_request=0xffffff45 fr.pc=0x000001fc307b4384 relative=0x00000000000000e4
Event: 3.660 Thread 0x000001fc567f6ec0 Uncommon trap: reason=unstable_if action=reinterpret pc=0x000001fc307b4384 method=java.util.HashMap.hash(Ljava/lang/Object;)I @ 1 c2
Event: 3.660 Thread 0x000001fc567f6ec0 DEOPT PACKING pc=0x000001fc307b4384 sp=0x00000057edcfbd70
Event: 3.660 Thread 0x000001fc567f6ec0 DEOPT UNPACKING pc=0x000001fc302323a3 sp=0x00000057edcfbcb0 mode 2

Classes unloaded (0 events):
No events

Classes redefined (0 events):
No events

Internal exceptions (20 events):
Event: 2.911 Thread 0x000001fc213e82c0 Exception <a 'java/io/IOException'{0x00000000eeb02368}> (0x00000000eeb02368) 
thrown [s\open\src\hotspot\share\prims\jni.cpp, line 516]
Event: 2.914 Thread 0x000001fc213e82c0 Implicit null exception at 0x000001fc307e96f2 to 0x000001fc307e9d0c
Event: 2.918 Thread 0x000001fc213e82c0 Exception <a 'java/lang/NoSuchMethodError'{0x00000000eeb67b38}: 'java.lang.Object java.lang.invoke.DirectMethodHandle$Holder.newInvokeSpecial(java.lang.Object, java.lang.Object, java.lang.Object, java.lang.Object, java.lang.Object)'> (0x00000000eeb67b38) 
thrown [s\open\src\hotspot\share\interpreter\linkResolver.cpp, line 759]
Event: 3.103 Thread 0x000001fc568b61b0 Exception <a 'java/lang/NoSuchMethodError'{0x00000000ee9f8d88}: 'void java.lang.invoke.DirectMethodHandle$Holder.invokeSpecial(java.lang.Object, java.lang.Object, java.lang.Object)'> (0x00000000ee9f8d88) 
thrown [s\open\src\hotspot\share\interpreter\linkResolver.cpp, line 759]
Event: 3.165 Thread 0x000001fc567f6ec0 Exception <a 'java/lang/NoSuchMethodError'{0x00000000ee2a8ca8}: 'long java.lang.invoke.DirectMethodHandle$Holder.invokeInterface(java.lang.Object, java.lang.Object)'> (0x00000000ee2a8ca8) 
thrown [s\open\src\hotspot\share\interpreter\linkResolver.cpp, line 759]
Event: 3.227 Thread 0x000001fc567f6ec0 Exception <a 'java/lang/NoSuchMethodError'{0x00000000edef1548}: 'void java.lang.invoke.DirectMethodHandle$Holder.invokeStatic(java.lang.Object, java.lang.Object)'> (0x00000000edef1548) 
thrown [s\open\src\hotspot\share\interpreter\linkResolver.cpp, line 759]
Event: 3.268 Thread 0x000001fc567f6ec0 Exception <a 'java/lang/NoSuchMethodError'{0x00000000edb15ac0}: 'int java.lang.invoke.DirectMethodHandle$Holder.invokeVirtual(java.lang.Object, java.lang.Object, java.lang.Object)'> (0x00000000edb15ac0) 
thrown [s\open\src\hotspot\share\interpreter\linkResolver.cpp, line 759]
Event: 3.301 Thread 0x000001fc567f6ec0 Exception <a 'java/lang/NoSuchMethodError'{0x00000000ed9ac4d8}: 'java.lang.Object java.lang.invoke.DirectMethodHandle$Holder.newInvokeSpecial(java.lang.Object, java.lang.Object, java.lang.Object, java.lang.Object, java.lang.Object, java.lang.Object)'> (0x00000000ed9ac4d8) 
thrown [s\open\src\hotspot\share\interpreter\linkResolver.cpp, line 759]
Event: 3.348 Thread 0x000001fc567f6ec0 Exception <a 'java/lang/NoSuchMethodError'{0x00000000ed6b8428}: 'void java.lang.invoke.DelegatingMethodHandle$Holder.reinvoke_L(java.lang.Object, java.lang.Object, java.lang.Object, java.lang.Object, java.lang.Object, java.lang.Object, java.lang.Object, java.lang.Object, java.lang.Object, java.lang.Object)'> (0x00000000ed6b8428) 
thrown [s\open\src\hotspot\share\interpreter\linkResolver.cpp, line 759]
Event: 3.348 Thread 0x000001fc567f6ec0 Exception <a 'java/lang/NoSuchMethodError'{0x00000000ed6c0898}: 'java.lang.Object java.lang.invoke.DirectMethodHandle$Holder.invokeSpecial(java.lang.Object, java.lang.Object, java.lang.Object, java.lang.Object, java.lang.Object, java.lang.Object, java.lang.Object, java.lang.Object, java.lang.Object, java.lang.Object)'> (0x00000000ed6c0898) 
thrown [s\open\src\hotspot\share\interpreter\linkResolver.cpp, line 759]
Event: 3.349 Thread 0x000001fc567f6ec0 Exception <a 'java/lang/NoSuchMethodError'{0x00000000ed6c5168}: 'java.lang.Object java.lang.invoke.Invokers$Holder.invoker(java.lang.Object, java.lang.Object, java.lang.Object, java.lang.Object, java.lang.Object, java.lang.Object, java.lang.Object, java.lang.Object, java.lang.Object, java.lang.Object)'> (0x00000000ed6c5168) 
thrown [s\open\src\hotspot\share\interpreter\linkResolver.cpp, line 759]
Event: 3.349 Thread 0x000001fc567f6ec0 Exception <a 'java/lang/NoSuchMethodError'{0x00000000ed6cad70}: 'java.lang.Object java.lang.invoke.DirectMethodHandle$Holder.invokeSpecial(java.lang.Object, java.lang.Object, java.lang.Object, java.lang.Object, java.lang.Object, java.lang.Object, java.lang.Object, java.lang.Object, java.lang.Object, java.lang.Object, java.lang.Object)'> (0x00000000ed6cad70) 
thrown [s\open\src\hotspot\share\interpreter\linkResolver.cpp, line 759]
Event: 3.485 Thread 0x000001fc567f6ec0 Exception <a 'java/lang/NoSuchMethodError'{0x00000000ec7d6d40}: 'java.lang.Object java.lang.invoke.DirectMethodHandle$Holder.newInvokeSpecial(java.lang.Object, java.lang.Object, int)'> (0x00000000ec7d6d40) 
thrown [s\open\src\hotspot\share\interpreter\linkResolver.cpp, line 759]
Event: 3.631 Thread 0x000001fc567f6ec0 Exception <a 'java/lang/NoSuchMethodError'{0x00000000ec138fb0}: 'java.lang.Object java.lang.invoke.DirectMethodHandle$Holder.invokeInterface(java.lang.Object, java.lang.Object, java.lang.Object)'> (0x00000000ec138fb0) 
thrown [s\open\src\hotspot\share\interpreter\linkResolver.cpp, line 759]
Event: 3.642 Thread 0x000001fc567f6ec0 Exception <a 'java/lang/NoSuchMethodError'{0x00000000ec01ee58}: 'int java.lang.invoke.DirectMethodHandle$Holder.invokeSpecialIFC(java.lang.Object, java.lang.Object, java.lang.Object, java.lang.Object)'> (0x00000000ec01ee58) 
thrown [s\open\src\hotspot\share\interpreter\linkResolver.cpp, line 759]
Event: 3.644 Thread 0x000001fc567f6ec0 Exception <a 'java/lang/IncompatibleClassChangeError'{0x00000000ec02dbf0}: Found class java.lang.Object, but interface was expected> (0x00000000ec02dbf0) 
thrown [s\open\src\hotspot\share\interpreter\linkResolver.cpp, line 826]
Event: 3.660 Thread 0x000001fc567f6ec0 Implicit null exception at 0x000001fc307b42e0 to 0x000001fc307b437a
Event: 3.669 Thread 0x000001fc567f6ec0 Exception <a 'java/lang/NoSuchMethodError'{0x00000000ebe2edd8}: 'int java.lang.invoke.DirectMethodHandle$Holder.invokeStatic(java.lang.Object, java.lang.Object, java.lang.Object, java.lang.Object)'> (0x00000000ebe2edd8) 
thrown [s\open\src\hotspot\share\interpreter\linkResolver.cpp, line 759]
Event: 3.669 Thread 0x000001fc567f6ec0 Exception <a 'java/lang/NoSuchMethodError'{0x00000000ebe32ca8}: 'java.lang.Object java.lang.invoke.Invokers$Holder.invokeExact_MT(java.lang.Object, java.lang.Object, java.lang.Object, java.lang.Object, java.lang.Object, java.lang.Object)'> (0x00000000ebe32ca8) 
thrown [s\open\src\hotspot\share\interpreter\linkResolver.cpp, line 759]
Event: 3.717 Thread 0x000001fc567f6ec0 Exception <a 'java/lang/IncompatibleClassChangeError'{0x00000000ebbe6818}: Found class java.lang.Object, but interface was expected> (0x00000000ebbe6818) 
thrown [s\open\src\hotspot\share\interpreter\linkResolver.cpp, line 826]

VM Operations (20 events):
Event: 2.246 Executing VM operation: HandshakeAllThreads
Event: 2.246 Executing VM operation: HandshakeAllThreads done
Event: 2.246 Executing VM operation: HandshakeAllThreads
Event: 2.246 Executing VM operation: HandshakeAllThreads done
Event: 2.300 Executing VM operation: HandshakeAllThreads
Event: 2.300 Executing VM operation: HandshakeAllThreads done
Event: 2.334 Executing VM operation: HandshakeAllThreads
Event: 2.334 Executing VM operation: HandshakeAllThreads done
Event: 2.473 Executing VM operation: HandshakeAllThreads
Event: 2.473 Executing VM operation: HandshakeAllThreads done
Event: 2.551 Executing VM operation: HandshakeAllThreads
Event: 2.551 Executing VM operation: HandshakeAllThreads done
Event: 2.980 Executing VM operation: HandshakeAllThreads
Event: 2.980 Executing VM operation: HandshakeAllThreads done
Event: 3.107 Executing VM operation: ICBufferFull
Event: 3.108 Executing VM operation: ICBufferFull done
Event: 3.704 Executing VM operation: HandshakeAllThreads
Event: 3.704 Executing VM operation: HandshakeAllThreads done
Event: 3.704 Executing VM operation: HandshakeAllThreads
Event: 3.704 Executing VM operation: HandshakeAllThreads done

Events (20 events):
Event: 3.620 loading class java/io/File$TempDirectory
Event: 3.620 loading class java/io/File$TempDirectory done
Event: 3.624 loading class java/io/PrintWriter
Event: 3.624 loading class java/io/PrintWriter done
Event: 3.639 loading class java/util/concurrent/Semaphore
Event: 3.639 loading class java/util/concurrent/Semaphore done
Event: 3.640 loading class java/nio/file/FileVisitOption
Event: 3.641 loading class java/nio/file/FileVisitOption done
Event: 3.644 loading class java/util/stream/ReduceOps$1
Event: 3.644 loading class java/util/stream/ReduceOps$1 done
Event: 3.644 loading class java/util/stream/ReduceOps$1ReducingSink
Event: 3.645 loading class java/util/stream/ReduceOps$1ReducingSink done
Event: 3.726 loading class java/util/Collections$2
Event: 3.726 loading class java/util/Collections$2 done
Event: 3.791 loading class java/util/function/LongFunction
Event: 3.792 loading class java/util/function/LongFunction done
Event: 3.832 loading class java/security/InvalidKeyException
Event: 3.832 loading class java/security/KeyException
Event: 3.832 loading class java/security/KeyException done
Event: 3.832 loading class java/security/InvalidKeyException done


Dynamic libraries:
0x00007ff750fd0000 - 0x00007ff750fe0000 	C:\Program Files\Java\jdk-17\bin\java.exe
0x00007ffbfeb30000 - 0x00007ffbfed28000 	C:\WINDOWS\SYSTEM32\ntdll.dll
0x00007ffbfce50000 - 0x00007ffbfcf12000 	C:\WINDOWS\System32\KERNEL32.DLL
0x00007ffbfc4e0000 - 0x00007ffbfc7d6000 	C:\WINDOWS\System32\KERNELBASE.dll
0x00007ffbfc880000 - 0x00007ffbfc980000 	C:\WINDOWS\System32\ucrtbase.dll
0x00007ffbe8da0000 - 0x00007ffbe8db9000 	C:\Program Files\Java\jdk-17\bin\jli.dll
0x00007ffbf73e0000 - 0x00007ffbf73fb000 	C:\Program Files\Java\jdk-17\bin\VCRUNTIME140.dll
0x00007ffbfcb60000 - 0x00007ffbfcc0f000 	C:\WINDOWS\System32\ADVAPI32.dll
0x00007ffbfd600000 - 0x00007ffbfd69e000 	C:\WINDOWS\System32\msvcrt.dll
0x00007ffbfe3c0000 - 0x00007ffbfe45f000 	C:\WINDOWS\System32\sechost.dll
0x00007ffbfd850000 - 0x00007ffbfd973000 	C:\WINDOWS\System32\RPCRT4.dll
0x00007ffbfc2f0000 - 0x00007ffbfc317000 	C:\WINDOWS\System32\bcrypt.dll
0x00007ffbfd400000 - 0x00007ffbfd59d000 	C:\WINDOWS\System32\USER32.dll
0x00007ffbfc370000 - 0x00007ffbfc392000 	C:\WINDOWS\System32\win32u.dll
0x00007ffbec790000 - 0x00007ffbeca2a000 	C:\WINDOWS\WinSxS\amd64_microsoft.windows.common-controls_6595b64144ccf1df_6.0.19041.5794_none_60bcd33171f2783c\COMCTL32.dll
0x00007ffbfcc90000 - 0x00007ffbfccbb000 	C:\WINDOWS\System32\GDI32.dll
0x00007ffbfc1d0000 - 0x00007ffbfc2ea000 	C:\WINDOWS\System32\gdi32full.dll
0x00007ffbfc7e0000 - 0x00007ffbfc87d000 	C:\WINDOWS\System32\msvcp_win.dll
0x00007ffbf6af0000 - 0x00007ffbf6afa000 	C:\WINDOWS\SYSTEM32\VERSION.dll
0x00007ffbfe280000 - 0x00007ffbfe2af000 	C:\WINDOWS\System32\IMM32.DLL
0x00007ffbf6680000 - 0x00007ffbf668c000 	C:\Program Files\Java\jdk-17\bin\vcruntime140_1.dll
0x00007ffbb3ac0000 - 0x00007ffbb3b4e000 	C:\Program Files\Java\jdk-17\bin\msvcp140.dll
0x00007ffb71350000 - 0x00007ffb71f30000 	C:\Program Files\Java\jdk-17\bin\server\jvm.dll
0x00007ffbfeae0000 - 0x00007ffbfeae8000 	C:\WINDOWS\System32\PSAPI.DLL
0x00007ffbeb500000 - 0x00007ffbeb509000 	C:\WINDOWS\SYSTEM32\WSOCK32.dll
0x00007ffbf1730000 - 0x00007ffbf1757000 	C:\WINDOWS\SYSTEM32\WINMM.dll
0x00007ffbfe100000 - 0x00007ffbfe16b000 	C:\WINDOWS\System32\WS2_32.dll
0x00007ffbfa030000 - 0x00007ffbfa042000 	C:\WINDOWS\SYSTEM32\kernel.appcore.dll
0x00007ffbf5bc0000 - 0x00007ffbf5bca000 	C:\Program Files\Java\jdk-17\bin\jimage.dll
0x00007ffbf6e90000 - 0x00007ffbf7091000 	C:\WINDOWS\SYSTEM32\DBGHELP.DLL
0x00007ffbf6cf0000 - 0x00007ffbf6d24000 	C:\WINDOWS\SYSTEM32\dbgcore.DLL
0x00007ffbfc3a0000 - 0x00007ffbfc422000 	C:\WINDOWS\System32\bcryptPrimitives.dll
0x00007ffbf1cd0000 - 0x00007ffbf1cde000 	C:\Program Files\Java\jdk-17\bin\instrument.dll
0x00007ffbe8a90000 - 0x00007ffbe8ab5000 	C:\Program Files\Java\jdk-17\bin\java.dll
0x00007ffbae460000 - 0x00007ffbae537000 	C:\Program Files\Java\jdk-17\bin\jsvml.dll
0x00007ffbfd990000 - 0x00007ffbfe0fe000 	C:\WINDOWS\System32\SHELL32.dll
0x00007ffbfa230000 - 0x00007ffbfa9d3000 	C:\WINDOWS\SYSTEM32\windows.storage.dll
0x00007ffbfd0a0000 - 0x00007ffbfd3f3000 	C:\WINDOWS\System32\combase.dll
0x00007ffbfba50000 - 0x00007ffbfba7b000 	C:\WINDOWS\SYSTEM32\Wldp.dll
0x00007ffbfcfd0000 - 0x00007ffbfd09d000 	C:\WINDOWS\System32\OLEAUT32.dll
0x00007ffbfe170000 - 0x00007ffbfe21d000 	C:\WINDOWS\System32\SHCORE.dll
0x00007ffbfd5a0000 - 0x00007ffbfd5f5000 	C:\WINDOWS\System32\shlwapi.dll
0x00007ffbfc100000 - 0x00007ffbfc125000 	C:\WINDOWS\SYSTEM32\profapi.dll
0x00007ffbe8a70000 - 0x00007ffbe8a88000 	C:\Program Files\Java\jdk-17\bin\zip.dll
0x00007ffbdf2e0000 - 0x00007ffbdf2f9000 	C:\Program Files\Java\jdk-17\bin\net.dll
0x00007ffbf5dd0000 - 0x00007ffbf5eda000 	C:\WINDOWS\SYSTEM32\WINHTTP.dll
0x00007ffbfb830000 - 0x00007ffbfb89c000 	C:\WINDOWS\system32\mswsock.dll
0x00007ffbded50000 - 0x00007ffbded66000 	C:\Program Files\Java\jdk-17\bin\nio.dll
0x00007ffbf0d60000 - 0x00007ffbf0d70000 	C:\Program Files\Java\jdk-17\bin\verify.dll
0x00007ffbe8ac0000 - 0x00007ffbe8ae7000 	C:\Users\jhta\.gradle\native\1def1411415f61bf3af743bc5b6707747c0891f09f0c88961ee8f79bc544acac\windows-amd64\native-platform.dll
0x00007ffbc8f80000 - 0x00007ffbc8ff8000 	C:\Users\jhta\.gradle\native\0.2.7\x86_64-windows-gnu\gradle-fileevents.dll
0x00007ffbe8c80000 - 0x00007ffbe8c8a000 	C:\Program Files\Java\jdk-17\bin\management.dll
0x00007ffbe8c30000 - 0x00007ffbe8c3b000 	C:\Program Files\Java\jdk-17\bin\management_ext.dll
0x00007ffbfb530000 - 0x00007ffbfb56b000 	C:\WINDOWS\SYSTEM32\IPHLPAPI.DLL
0x00007ffbfe9f0000 - 0x00007ffbfe9f8000 	C:\WINDOWS\System32\NSI.dll
0x00007ffbf66b0000 - 0x00007ffbf66c7000 	C:\WINDOWS\SYSTEM32\dhcpcsvc6.DLL
0x00007ffbf6b00000 - 0x00007ffbf6b1d000 	C:\WINDOWS\SYSTEM32\dhcpcsvc.DLL
0x00007ffbfb570000 - 0x00007ffbfb63a000 	C:\WINDOWS\SYSTEM32\DNSAPI.dll
0x00007ffbfba90000 - 0x00007ffbfbaa8000 	C:\WINDOWS\SYSTEM32\CRYPTSP.dll
0x00007ffbfb170000 - 0x00007ffbfb1a8000 	C:\WINDOWS\system32\rsaenh.dll
0x00007ffbfc0c0000 - 0x00007ffbfc0ee000 	C:\WINDOWS\SYSTEM32\USERENV.dll
0x00007ffbfb9c0000 - 0x00007ffbfb9cc000 	C:\WINDOWS\SYSTEM32\CRYPTBASE.dll
0x00007ffbe8a60000 - 0x00007ffbe8a6e000 	C:\Program Files\Java\jdk-17\bin\sunmscapi.dll
0x00007ffbfc980000 - 0x00007ffbfcadd000 	C:\WINDOWS\System32\CRYPT32.dll
0x00007ffbfbba0000 - 0x00007ffbfbbc7000 	C:\WINDOWS\SYSTEM32\ncrypt.dll
0x00007ffbfbb40000 - 0x00007ffbfbb7b000 	C:\WINDOWS\SYSTEM32\NTASN1.dll
0x00007ffbea790000 - 0x00007ffbea797000 	C:\WINDOWS\system32\wshunix.dll

dbghelp: loaded successfully - version: 4.0.5 - missing functions: none
symbol engine: initialized successfully - sym options: 0x614 - pdb path: .;C:\Program Files\Java\jdk-17\bin;C:\WINDOWS\SYSTEM32;C:\WINDOWS\WinSxS\amd64_microsoft.windows.common-controls_6595b64144ccf1df_6.0.19041.5794_none_60bcd33171f2783c;C:\Program Files\Java\jdk-17\bin\server;C:\Users\jhta\.gradle\native\1def1411415f61bf3af743bc5b6707747c0891f09f0c88961ee8f79bc544acac\windows-amd64;C:\Users\jhta\.gradle\native\0.2.7\x86_64-windows-gnu

VM Arguments:
jvm_args: --add-opens=java.base/java.lang=ALL-UNNAMED --add-opens=java.base/java.lang.invoke=ALL-UNNAMED --add-opens=java.base/java.util=ALL-UNNAMED --add-opens=java.prefs/java.util.prefs=ALL-UNNAMED --add-exports=jdk.compiler/com.sun.tools.javac.api=ALL-UNNAMED --add-exports=jdk.compiler/com.sun.tools.javac.util=ALL-UNNAMED --add-opens=java.base/java.util=ALL-UNNAMED --add-opens=java.prefs/java.util.prefs=ALL-UNNAMED --add-opens=java.base/java.nio.charset=ALL-UNNAMED --add-opens=java.base/java.net=ALL-UNNAMED --add-opens=java.base/java.util.concurrent.atomic=ALL-UNNAMED --add-opens=java.xml/javax.xml.namespace=ALL-UNNAMED -XX:MaxMetaspaceSize=384m -XX:+HeapDumpOnOutOfMemoryError -Xms256m -Xmx512m -Dfile.encoding=UTF-8 -Duser.country=KR -Duser.language=ko -Duser.variant -javaagent:C:\Users\jhta\.gradle\wrapper\dists\gradle-8.13-bin\5xuhj0ry160q40clulazy9h7d\gradle-8.13\lib\agents\gradle-instrumentation-agent-8.13.jar 
java_command: org.gradle.launcher.daemon.bootstrap.GradleDaemon 8.13
java_class_path (initial): C:\Users\jhta\.gradle\wrapper\dists\gradle-8.13-bin\5xuhj0ry160q40clulazy9h7d\gradle-8.13\lib\gradle-daemon-main-8.13.jar
Launcher Type: SUN_STANDARD

[Global flags]
     intx CICompilerCount                          = 4                                         {product} {ergonomic}
   size_t CompressedClassSpaceSize                 = 335544320                                 {product} {ergonomic}
     uint ConcGCThreads                            = 2                                         {product} {ergonomic}
     uint G1ConcRefinementThreads                  = 8                                         {product} {ergonomic}
   size_t G1HeapRegionSize                         = 1048576                                   {product} {ergonomic}
    uintx GCDrainStackTargetSize                   = 64                                        {product} {ergonomic}
     bool HeapDumpOnOutOfMemoryError               = true                                   {manageable} {command line}
   size_t InitialHeapSize                          = 268435456                                 {product} {command line}
   size_t MarkStackSize                            = 4194304                                   {product} {ergonomic}
   size_t MaxHeapSize                              = 536870912                                 {product} {command line}
   size_t MaxMetaspaceSize                         = 402653184                                 {product} {command line}
   size_t MaxNewSize                               = 321912832                                 {product} {ergonomic}
   size_t MinHeapDeltaBytes                        = 1048576                                   {product} {ergonomic}
   size_t MinHeapSize                              = 268435456                                 {product} {command line}
    uintx NonNMethodCodeHeapSize                   = 5839372                                {pd product} {ergonomic}
    uintx NonProfiledCodeHeapSize                  = 122909434                              {pd product} {ergonomic}
    uintx ProfiledCodeHeapSize                     = 122909434                              {pd product} {ergonomic}
    uintx ReservedCodeCacheSize                    = 251658240                              {pd product} {ergonomic}
     bool SegmentedCodeCache                       = true                                      {product} {ergonomic}
   size_t SoftMaxHeapSize                          = 536870912                              {manageable} {ergonomic}
     bool UseCompressedClassPointers               = true                           {product lp64_product} {ergonomic}
     bool UseCompressedOops                        = true                           {product lp64_product} {ergonomic}
     bool UseG1GC                                  = true                                      {product} {ergonomic}
     bool UseLargePagesIndividualAllocation        = false                                  {pd product} {ergonomic}

Logging:
Log output configuration:
 #0: stdout all=warning uptime,level,tags
 #1: stderr all=off uptime,level,tags

Environment Variables:
JAVA_HOME=C:\Program Files\Java\jdk-17
PATH=C:\app\jhta\product\18.0.0\dbhomeXE\bin;C:\Program Files\Common Files\Oracle\Java\javapath;C:\WINDOWS\system32;C:\WINDOWS;C:\WINDOWS\System32\Wbem;C:\WINDOWS\System32\WindowsPowerShell\v1.0\;C:\WINDOWS\System32\OpenSSH\;C:\Program Files\Java\jdk-17bin;C:\Program Files\Bandizip\;C:\Program Files\Git\cmd;C:\Program Files\MariaDB 11.7\bin;C:\Program Files\nodejs\;C:\Program Files\Docker\Docker\resources\bin;C:\Program Files\Redis\;C:\Users\jhta\AppData\Local\Microsoft\WindowsApps;C:\Users\jhta\AppData\Local\Programs\Microsoft VS Code\bin;;C:\Program Files\JetBrains\IntelliJ IDEA 2024.3.5\bin;;C:\Users\jhta\AppData\Roaming\npm
USERNAME=jhta
OS=Windows_NT
PROCESSOR_IDENTIFIER=Intel64 Family 6 Model 158 Stepping 13, GenuineIntel



---------------  S Y S T E M  ---------------

OS:
 Windows 10 , 64 bit Build 19041 (10.0.19041.5794)
OS uptime: 21 days 21:31 hours
Hyper-V role detected

CPU: total 8 (initial active 8) (8 cores per cpu, 1 threads per core) family 6 model 158 stepping 13 microcode 0xaa, cx8, cmov, fxsr, mmx, 3dnowpref, sse, sse2, sse3, ssse3, sse4.1, sse4.2, popcnt, lzcnt, tsc, tscinvbit, avx, avx2, aes, erms, clmul, bmi1, bmi2, rtm, adx, fma, vzeroupper, clflush, clflushopt, hv

Memory: 4k page, system-wide physical 16278M (115M free)
TotalPageFile size 44785M (AvailPageFile size 5M)
current process WorkingSet (physical memory assigned to process): 179M, peak: 179M
current process commit charge ("private bytes"): 411M, peak: 413M

vm_info: Java HotSpot(TM) 64-Bit Server VM (17.0.12+8-LTS-286) for windows-amd64 JRE (17.0.12+8-LTS-286), built on Jun  5 2024 06:46:59 by "mach5one" with MS VC++ 17.6 (VS2022)

END.
