#
# There is insufficient memory for the Java Runtime Environment to continue.
# Native memory allocation (malloc) failed to allocate 1839744 bytes for Chunk::new
# Possible reasons:
#   The system is out of physical RAM or swap space
#   The process is running with CompressedOops enabled, and the Java Heap may be blocking the growth of the native heap
# Possible solutions:
#   Reduce memory load on the system
#   Increase physical memory or swap space
#   Check if swap backing store is full
#   Decrease Java heap size (-Xmx/-Xms)
#   Decrease number of Java threads
#   Decrease Java thread stack sizes (-Xss)
#   Set larger code cache with -XX:ReservedCodeCacheSize=
#   JVM is running with Unscaled Compressed Oops mode in which the Java heap is
#     placed in the first 4GB address space. The Java Heap base address is the
#     maximum limit for the native heap growth. Please use -XX:HeapBaseMinAddress
#     to set the Java Heap base and to place the Java Heap above 4GB virtual address.
# This output file may be truncated or incomplete.
#
#  Out of Memory Error (arena.cpp:189), pid=621948, tid=614700
#
# JRE version: Java(TM) SE Runtime Environment (17.0.12+8) (build 17.0.12+8-LTS-286)
# Java VM: Java HotSpot(TM) 64-Bit Server VM (17.0.12+8-LTS-286, mixed mode, sharing, tiered, compressed oops, compressed class ptrs, g1 gc, windows-amd64)
# No core dump will be written. Minidumps are not enabled by default on client versions of Windows
#

---------------  S U M M A R Y ------------

Command Line: --add-opens=java.base/java.lang=ALL-UNNAMED --add-opens=java.base/java.lang.invoke=ALL-UNNAMED --add-opens=java.base/java.util=ALL-UNNAMED --add-opens=java.prefs/java.util.prefs=ALL-UNNAMED --add-exports=jdk.compiler/com.sun.tools.javac.api=ALL-UNNAMED --add-exports=jdk.compiler/com.sun.tools.javac.util=ALL-UNNAMED --add-opens=java.base/java.util=ALL-UNNAMED --add-opens=java.prefs/java.util.prefs=ALL-UNNAMED --add-opens=java.base/java.nio.charset=ALL-UNNAMED --add-opens=java.base/java.net=ALL-UNNAMED --add-opens=java.base/java.util.concurrent.atomic=ALL-UNNAMED --add-opens=java.xml/javax.xml.namespace=ALL-UNNAMED -XX:MaxMetaspaceSize=384m -XX:+HeapDumpOnOutOfMemoryError -Xms256m -Xmx512m -Dfile.encoding=UTF-8 -Duser.country=KR -Duser.language=ko -Duser.variant -javaagent:C:\Users\jhta\.gradle\wrapper\dists\gradle-8.13-bin\5xuhj0ry160q40clulazy9h7d\gradle-8.13\lib\agents\gradle-instrumentation-agent-8.13.jar org.gradle.launcher.daemon.bootstrap.GradleDaemon 8.13

Host: Intel(R) Core(TM) i7-9700 CPU @ 3.00GHz, 8 cores, 15G,  Windows 10 , 64 bit Build 19041 (10.0.19041.5794)
Time: Wed Jun  4 15:18:18 2025  Windows 10 , 64 bit Build 19041 (10.0.19041.5794) elapsed time: 61.205605 seconds (0d 0h 1m 1s)

---------------  T H R E A D  ---------------

Current thread (0x0000025b18bb9330):  JavaThread "C2 CompilerThread0" daemon [_thread_in_native, id=614700, stack(0x0000008389f00000,0x000000838a000000)]


Current CompileTask:
C2:  61206 9424       4       io.spring.gradle.dependencymanagement.org.apache.maven.model.interpolation.ProblemDetectingValueSource::getValue (142 bytes)

Stack: [0x0000008389f00000,0x000000838a000000]
Native frames: (J=compiled Java code, j=interpreted, Vv=VM code, C=native code)
V  [jvm.dll+0x67a04a]
V  [jvm.dll+0x7da4ed]
V  [jvm.dll+0x7dbe33]
V  [jvm.dll+0x7dc4a3]
V  [jvm.dll+0x24508f]
V  [jvm.dll+0xab773]
V  [jvm.dll+0xabd3c]
V  [jvm.dll+0x361bee]
V  [jvm.dll+0x32c431]
V  [jvm.dll+0x32b8ca]
V  [jvm.dll+0x21683f]
V  [jvm.dll+0x215c6f]
V  [jvm.dll+0x1a2960]
V  [jvm.dll+0x22610b]
V  [jvm.dll+0x2242ab]
V  [jvm.dll+0x79075c]
V  [jvm.dll+0x78abea]
V  [jvm.dll+0x678f35]
C  [ucrtbase.dll+0x21bb2]
C  [KERNEL32.DLL+0x17374]
C  [ntdll.dll+0x4cc91]


---------------  P R O C E S S  ---------------

Threads class SMR info:
_java_thread_list=0x0000025b35b72750, length=130, elements={
0x0000025b7e1bc390, 0x0000025b18b8c970, 0x0000025b18b8d700, 0x0000025b18bae940,
0x0000025b18bb1320, 0x0000025b18bb1e00, 0x0000025b18bb3690, 0x0000025b18bb9330,
0x0000025b18bb9cf0, 0x0000025b18bbd9e0, 0x0000025b320a8500, 0x0000025b32162e60,
0x0000025b338c3030, 0x0000025b3379af60, 0x0000025b33843840, 0x0000025b32dfd8a0,
0x0000025b32dfe150, 0x0000025b33874aa0, 0x0000025b338763f0, 0x0000025b338754c0,
0x0000025b33876900, 0x0000025b33876e10, 0x0000025b33874590, 0x0000025b338759d0,
0x0000025b33875ee0, 0x0000025b33877320, 0x0000025b33877830, 0x0000025b33874080,
0x0000025b34cb2cf0, 0x0000025b34cb1dc0, 0x0000025b34cb22d0, 0x0000025b34cb13a0,
0x0000025b34cb3710, 0x0000025b34cb5570, 0x0000025b34cb4640, 0x0000025b34cb5a80,
0x0000025b34cb3c20, 0x0000025b34cb0980, 0x0000025b34cb5f90, 0x0000025b34cb64a0,
0x0000025b34caff60, 0x0000025b34cb0e90, 0x0000025b34cb3200, 0x0000025b34cb18b0,
0x0000025b34cb27e0, 0x0000025b34cb5060, 0x0000025b34caf030, 0x0000025b34cb0470,
0x0000025b34cafa50, 0x0000025b34cb69b0, 0x0000025b34caf540, 0x0000025b3424f1d0,
0x0000025b34250610, 0x0000025b34250100, 0x0000025b3424bf30, 0x0000025b3424a5e0,
0x0000025b3424aaf0, 0x0000025b3424c440, 0x0000025b34250b20, 0x0000025b3424fbf0,
0x0000025b3424c950, 0x0000025b3424f6e0, 0x0000025b3424ce60, 0x0000025b34251030,
0x0000025b3424d370, 0x0000025b34251540, 0x0000025b3424d880, 0x0000025b3424b510,
0x0000025b3424b000, 0x0000025b3424ba20, 0x0000025b3424dd90, 0x0000025b3424ecc0,
0x0000025b3424e2a0, 0x0000025b3424e7b0, 0x0000025b3424a0d0, 0x0000025b34251a50,
0x0000025b32c33ac0, 0x0000025b32c386b0, 0x0000025b32c33fd0, 0x0000025b32c381a0,
0x0000025b32c36d60, 0x0000025b32c3aa20, 0x0000025b32c344e0, 0x0000025b32c36340,
0x0000025b32c39af0, 0x0000025b32c349f0, 0x0000025b32c34f00, 0x0000025b32c35410,
0x0000025b32c390d0, 0x0000025b32c36850, 0x0000025b32c35920, 0x0000025b32c335b0,
0x0000025b32c38bc0, 0x0000025b32c395e0, 0x0000025b32c3a000, 0x0000025b32c37780,
0x0000025b32c3af30, 0x0000025b32c35e30, 0x0000025b32c3a510, 0x0000025b32c37270,
0x0000025b32c37c90, 0x0000025b3593dfa0, 0x0000025b3593f3e0, 0x0000025b3593a2e0,
0x0000025b3593a7f0, 0x0000025b3593c140, 0x0000025b3593f8f0, 0x0000025b35940d30,
0x0000025b3593d580, 0x0000025b3593fe00, 0x0000025b3593da90, 0x0000025b35940310,
0x0000025b3593b720, 0x0000025b35941240, 0x0000025b3593ad00, 0x0000025b3593b210,
0x0000025b3593bc30, 0x0000025b35939dd0, 0x0000025b35940820, 0x0000025b3593c650,
0x0000025b35941750, 0x0000025b3593d070, 0x0000025b3593e4b0, 0x0000025b3593e9c0,
0x0000025b3593eed0, 0x0000025b3619f1e0, 0x0000025b3619a5f0, 0x0000025b3619b010,
0x0000025b3619b520, 0x0000025b3619bf40
}

Java Threads: ( => current thread )
  0x0000025b7e1bc390 JavaThread "main" [_thread_blocked, id=604380, stack(0x0000008389200000,0x0000008389300000)]
  0x0000025b18b8c970 JavaThread "Reference Handler" daemon [_thread_blocked, id=616108, stack(0x0000008389900000,0x0000008389a00000)]
  0x0000025b18b8d700 JavaThread "Finalizer" daemon [_thread_blocked, id=622244, stack(0x0000008389a00000,0x0000008389b00000)]
  0x0000025b18bae940 JavaThread "Signal Dispatcher" daemon [_thread_blocked, id=618024, stack(0x0000008389b00000,0x0000008389c00000)]
  0x0000025b18bb1320 JavaThread "Attach Listener" daemon [_thread_blocked, id=613976, stack(0x0000008389c00000,0x0000008389d00000)]
  0x0000025b18bb1e00 JavaThread "Service Thread" daemon [_thread_blocked, id=622176, stack(0x0000008389d00000,0x0000008389e00000)]
  0x0000025b18bb3690 JavaThread "Monitor Deflation Thread" daemon [_thread_blocked, id=614720, stack(0x0000008389e00000,0x0000008389f00000)]
=>0x0000025b18bb9330 JavaThread "C2 CompilerThread0" daemon [_thread_in_native, id=614700, stack(0x0000008389f00000,0x000000838a000000)]
  0x0000025b18bb9cf0 JavaThread "C1 CompilerThread0" daemon [_thread_blocked, id=622120, stack(0x000000838a000000,0x000000838a100000)]
  0x0000025b18bbd9e0 JavaThread "Sweeper thread" daemon [_thread_blocked, id=615740, stack(0x000000838a100000,0x000000838a200000)]
  0x0000025b320a8500 JavaThread "Common-Cleaner" daemon [_thread_blocked, id=616812, stack(0x000000838a200000,0x000000838a300000)]
  0x0000025b32162e60 JavaThread "Notification Thread" daemon [_thread_blocked, id=602740, stack(0x000000838a300000,0x000000838a400000)]
  0x0000025b338c3030 JavaThread "Daemon health stats" [_thread_blocked, id=621128, stack(0x000000838ab00000,0x000000838ac00000)]
  0x0000025b3379af60 JavaThread "Incoming local TCP Connector on port 62941" [_thread_in_native, id=612508, stack(0x000000838ac00000,0x000000838ad00000)]
  0x0000025b33843840 JavaThread "Daemon periodic checks" [_thread_blocked, id=622052, stack(0x000000838ad00000,0x000000838ae00000)]
  0x0000025b32dfd8a0 JavaThread "Daemon" [_thread_blocked, id=618584, stack(0x000000838ae00000,0x000000838af00000)]
  0x0000025b32dfe150 JavaThread "Handler for socket connection from /127.0.0.1:62941 to /127.0.0.1:62943" [_thread_in_native, id=618036, stack(0x000000838af00000,0x000000838b000000)]
  0x0000025b33874aa0 JavaThread "Cancel handler" [_thread_blocked, id=621532, stack(0x000000838b000000,0x000000838b100000)]
  0x0000025b338763f0 JavaThread "Daemon worker" [_thread_in_native_trans, id=620004, stack(0x000000838b100000,0x000000838b200000)]
  0x0000025b338754c0 JavaThread "Asynchronous log dispatcher for DefaultDaemonConnection: socket connection from /127.0.0.1:62941 to /127.0.0.1:62943" [_thread_blocked, id=611660, stack(0x000000838b200000,0x000000838b300000)]
  0x0000025b33876900 JavaThread "Stdin handler" [_thread_blocked, id=605192, stack(0x000000838b300000,0x000000838b400000)]
  0x0000025b33876e10 JavaThread "Daemon client event forwarder" [_thread_blocked, id=616120, stack(0x000000838b400000,0x000000838b500000)]
  0x0000025b33874590 JavaThread "Cache worker for journal cache (C:\Users\jhta\.gradle\caches\journal-1)" [_thread_blocked, id=622600, stack(0x000000838b500000,0x000000838b600000)]
  0x0000025b338759d0 JavaThread "File lock request listener" [_thread_in_native, id=622604, stack(0x000000838b600000,0x000000838b700000)]
  0x0000025b33875ee0 JavaThread "Cache worker for file hash cache (C:\Users\jhta\.gradle\caches\8.13\fileHashes)" [_thread_blocked, id=622620, stack(0x000000838b700000,0x000000838b800000)]
  0x0000025b33877320 JavaThread "Cache worker for file hash cache (C:\2407\SKIP\backend\skip\.gradle\8.13\fileHashes)" [_thread_blocked, id=622656, stack(0x000000838b800000,0x000000838b900000)]
  0x0000025b33877830 JavaThread "Cache worker for Build Output Cleanup Cache (C:\2407\SKIP\backend\skip\.gradle\buildOutputCleanup)" [_thread_blocked, id=622660, stack(0x000000838b900000,0x000000838ba00000)]
  0x0000025b33874080 JavaThread "File watcher server" daemon [_thread_in_native, id=622708, stack(0x000000838bd00000,0x000000838be00000)]
  0x0000025b34cb2cf0 JavaThread "File watcher consumer" daemon [_thread_blocked, id=622712, stack(0x000000838be00000,0x000000838bf00000)]
  0x0000025b34cb1dc0 JavaThread "jar transforms" [_thread_blocked, id=622732, stack(0x000000838bf00000,0x000000838c000000)]
  0x0000025b34cb22d0 JavaThread "jar transforms Thread 2" [_thread_blocked, id=622740, stack(0x000000838c000000,0x000000838c100000)]
  0x0000025b34cb13a0 JavaThread "Cache worker for checksums cache (C:\2407\SKIP\backend\skip\.gradle\8.13\checksums)" [_thread_blocked, id=622784, stack(0x000000838c100000,0x000000838c200000)]
  0x0000025b34cb3710 JavaThread "Cache worker for file content cache (C:\Users\jhta\.gradle\caches\8.13\fileContent)" [_thread_blocked, id=622788, stack(0x000000838c200000,0x000000838c300000)]
  0x0000025b34cb5570 JavaThread "File lock release action executor" [_thread_blocked, id=622792, stack(0x000000838c300000,0x000000838c400000)]
  0x0000025b34cb4640 JavaThread "jar transforms Thread 3" [_thread_blocked, id=622796, stack(0x000000838c400000,0x000000838c500000)]
  0x0000025b34cb5a80 JavaThread "Cache worker for cache directory md-supplier (C:\Users\jhta\.gradle\caches\8.13\md-supplier)" [_thread_blocked, id=622800, stack(0x000000838c500000,0x000000838c600000)]
  0x0000025b34cb3c20 JavaThread "Cache worker for cache directory md-rule (C:\Users\jhta\.gradle\caches\8.13\md-rule)" [_thread_blocked, id=622808, stack(0x000000838c600000,0x000000838c700000)]
  0x0000025b34cb0980 JavaThread "Unconstrained build operations" [_thread_blocked, id=622832, stack(0x000000838c700000,0x000000838c800000)]
  0x0000025b34cb5f90 JavaThread "Unconstrained build operations Thread 2" [_thread_blocked, id=622836, stack(0x000000838c800000,0x000000838c900000)]
  0x0000025b34cb64a0 JavaThread "jar transforms Thread 4" [_thread_blocked, id=622840, stack(0x000000838c900000,0x000000838ca00000)]
  0x0000025b34caff60 JavaThread "jar transforms Thread 5" [_thread_blocked, id=622848, stack(0x000000838ca00000,0x000000838cb00000)]
  0x0000025b34cb0e90 JavaThread "jar transforms Thread 6" [_thread_blocked, id=622852, stack(0x000000838cb00000,0x000000838cc00000)]
  0x0000025b34cb3200 JavaThread "jar transforms Thread 7" [_thread_blocked, id=622944, stack(0x000000838ce00000,0x000000838cf00000)]
  0x0000025b34cb18b0 JavaThread "Unconstrained build operations Thread 3" [_thread_blocked, id=622960, stack(0x000000838cf00000,0x000000838d000000)]
  0x0000025b34cb27e0 JavaThread "Unconstrained build operations Thread 4" [_thread_blocked, id=622964, stack(0x000000838d000000,0x000000838d100000)]
  0x0000025b34cb5060 JavaThread "Unconstrained build operations Thread 5" [_thread_blocked, id=622968, stack(0x000000838d100000,0x000000838d200000)]
  0x0000025b34caf030 JavaThread "Unconstrained build operations Thread 6" [_thread_blocked, id=622972, stack(0x000000838d200000,0x000000838d300000)]
  0x0000025b34cb0470 JavaThread "Unconstrained build operations Thread 7" [_thread_blocked, id=622976, stack(0x000000838d300000,0x000000838d400000)]
  0x0000025b34cafa50 JavaThread "Unconstrained build operations Thread 8" [_thread_blocked, id=622980, stack(0x000000838d400000,0x000000838d500000)]
  0x0000025b34cb69b0 JavaThread "Unconstrained build operations Thread 9" [_thread_blocked, id=622984, stack(0x000000838d500000,0x000000838d600000)]
  0x0000025b34caf540 JavaThread "Unconstrained build operations Thread 10" [_thread_blocked, id=622988, stack(0x000000838d600000,0x000000838d700000)]
  0x0000025b3424f1d0 JavaThread "Unconstrained build operations Thread 11" [_thread_blocked, id=622992, stack(0x000000838d700000,0x000000838d800000)]
  0x0000025b34250610 JavaThread "Unconstrained build operations Thread 12" [_thread_blocked, id=622996, stack(0x000000838d800000,0x000000838d900000)]
  0x0000025b34250100 JavaThread "Unconstrained build operations Thread 13" [_thread_blocked, id=623000, stack(0x000000838d900000,0x000000838da00000)]
  0x0000025b3424bf30 JavaThread "Unconstrained build operations Thread 14" [_thread_blocked, id=623004, stack(0x000000838da00000,0x000000838db00000)]
  0x0000025b3424a5e0 JavaThread "Unconstrained build operations Thread 15" [_thread_blocked, id=623008, stack(0x000000838db00000,0x000000838dc00000)]
  0x0000025b3424aaf0 JavaThread "Unconstrained build operations Thread 16" [_thread_blocked, id=623012, stack(0x000000838dc00000,0x000000838dd00000)]
  0x0000025b3424c440 JavaThread "Unconstrained build operations Thread 17" [_thread_blocked, id=623020, stack(0x000000838dd00000,0x000000838de00000)]
  0x0000025b34250b20 JavaThread "Unconstrained build operations Thread 18" [_thread_blocked, id=623024, stack(0x000000838de00000,0x000000838df00000)]
  0x0000025b3424fbf0 JavaThread "Unconstrained build operations Thread 19" [_thread_blocked, id=623028, stack(0x000000838df00000,0x000000838e000000)]
  0x0000025b3424c950 JavaThread "Unconstrained build operations Thread 20" [_thread_blocked, id=623032, stack(0x000000838e000000,0x000000838e100000)]
  0x0000025b3424f6e0 JavaThread "Unconstrained build operations Thread 21" [_thread_blocked, id=623036, stack(0x000000838e100000,0x000000838e200000)]
  0x0000025b3424ce60 JavaThread "Unconstrained build operations Thread 22" [_thread_blocked, id=623040, stack(0x000000838e200000,0x000000838e300000)]
  0x0000025b34251030 JavaThread "Unconstrained build operations Thread 23" [_thread_blocked, id=623044, stack(0x000000838e300000,0x000000838e400000)]
  0x0000025b3424d370 JavaThread "Memory manager" [_thread_blocked, id=623056, stack(0x000000838e400000,0x000000838e500000)]
  0x0000025b34251540 JavaThread "jar transforms Thread 8" [_thread_blocked, id=623096, stack(0x000000838e600000,0x000000838e700000)]
  0x0000025b3424d880 JavaThread "Unconstrained build operations Thread 24" [_thread_blocked, id=623108, stack(0x000000838e700000,0x000000838e800000)]
  0x0000025b3424b510 JavaThread "Unconstrained build operations Thread 25" [_thread_blocked, id=623112, stack(0x000000838e800000,0x000000838e900000)]
  0x0000025b3424b000 JavaThread "Unconstrained build operations Thread 26" [_thread_blocked, id=623116, stack(0x000000838e900000,0x000000838ea00000)]
  0x0000025b3424ba20 JavaThread "Unconstrained build operations Thread 27" [_thread_blocked, id=623120, stack(0x000000838ea00000,0x000000838eb00000)]
  0x0000025b3424dd90 JavaThread "Unconstrained build operations Thread 28" [_thread_blocked, id=623124, stack(0x000000838eb00000,0x000000838ec00000)]
  0x0000025b3424ecc0 JavaThread "Unconstrained build operations Thread 29" [_thread_blocked, id=623128, stack(0x000000838ec00000,0x000000838ed00000)]
  0x0000025b3424e2a0 JavaThread "Unconstrained build operations Thread 30" [_thread_blocked, id=623132, stack(0x000000838ed00000,0x000000838ee00000)]
  0x0000025b3424e7b0 JavaThread "Unconstrained build operations Thread 31" [_thread_blocked, id=623136, stack(0x000000838ee00000,0x000000838ef00000)]
  0x0000025b3424a0d0 JavaThread "Unconstrained build operations Thread 32" [_thread_blocked, id=623140, stack(0x000000838ef00000,0x000000838f000000)]
  0x0000025b34251a50 JavaThread "Unconstrained build operations Thread 33" [_thread_blocked, id=623144, stack(0x000000838f000000,0x000000838f100000)]
  0x0000025b32c33ac0 JavaThread "Unconstrained build operations Thread 34" [_thread_blocked, id=623148, stack(0x000000838f100000,0x000000838f200000)]
  0x0000025b32c386b0 JavaThread "Unconstrained build operations Thread 35" [_thread_blocked, id=623152, stack(0x000000838f200000,0x000000838f300000)]
  0x0000025b32c33fd0 JavaThread "Unconstrained build operations Thread 36" [_thread_blocked, id=623156, stack(0x000000838f300000,0x000000838f400000)]
  0x0000025b32c381a0 JavaThread "Unconstrained build operations Thread 37" [_thread_blocked, id=623160, stack(0x000000838f400000,0x000000838f500000)]
  0x0000025b32c36d60 JavaThread "Unconstrained build operations Thread 38" [_thread_blocked, id=623164, stack(0x000000838f500000,0x000000838f600000)]
  0x0000025b32c3aa20 JavaThread "Unconstrained build operations Thread 39" [_thread_blocked, id=623168, stack(0x000000838f600000,0x000000838f700000)]
  0x0000025b32c344e0 JavaThread "Unconstrained build operations Thread 40" [_thread_blocked, id=623172, stack(0x000000838f700000,0x000000838f800000)]
  0x0000025b32c36340 JavaThread "Unconstrained build operations Thread 41" [_thread_blocked, id=623176, stack(0x000000838f800000,0x000000838f900000)]
  0x0000025b32c39af0 JavaThread "Unconstrained build operations Thread 42" [_thread_blocked, id=623180, stack(0x000000838f900000,0x000000838fa00000)]
  0x0000025b32c349f0 JavaThread "Unconstrained build operations Thread 43" [_thread_blocked, id=623184, stack(0x000000838fa00000,0x000000838fb00000)]
  0x0000025b32c34f00 JavaThread "Unconstrained build operations Thread 44" [_thread_blocked, id=623188, stack(0x000000838fb00000,0x000000838fc00000)]
  0x0000025b32c35410 JavaThread "Unconstrained build operations Thread 45" [_thread_blocked, id=623192, stack(0x000000838fc00000,0x000000838fd00000)]
  0x0000025b32c390d0 JavaThread "Unconstrained build operations Thread 46" [_thread_blocked, id=623196, stack(0x000000838fd00000,0x000000838fe00000)]
  0x0000025b32c36850 JavaThread "Unconstrained build operations Thread 47" [_thread_blocked, id=623200, stack(0x000000838fe00000,0x000000838ff00000)]
  0x0000025b32c35920 JavaThread "Unconstrained build operations Thread 48" [_thread_blocked, id=623204, stack(0x000000838ff00000,0x0000008390000000)]
  0x0000025b32c335b0 JavaThread "Unconstrained build operations Thread 49" [_thread_blocked, id=623208, stack(0x0000008390000000,0x0000008390100000)]
  0x0000025b32c38bc0 JavaThread "Unconstrained build operations Thread 50" [_thread_blocked, id=623212, stack(0x0000008390100000,0x0000008390200000)]
  0x0000025b32c395e0 JavaThread "Unconstrained build operations Thread 51" [_thread_blocked, id=623216, stack(0x0000008390200000,0x0000008390300000)]
  0x0000025b32c3a000 JavaThread "Unconstrained build operations Thread 52" [_thread_blocked, id=623220, stack(0x0000008390300000,0x0000008390400000)]
  0x0000025b32c37780 JavaThread "Unconstrained build operations Thread 53" [_thread_blocked, id=623224, stack(0x0000008390400000,0x0000008390500000)]
  0x0000025b32c3af30 JavaThread "Unconstrained build operations Thread 54" [_thread_blocked, id=623228, stack(0x0000008390500000,0x0000008390600000)]
  0x0000025b32c35e30 JavaThread "Unconstrained build operations Thread 55" [_thread_blocked, id=623232, stack(0x0000008390600000,0x0000008390700000)]
  0x0000025b32c3a510 JavaThread "Unconstrained build operations Thread 56" [_thread_blocked, id=623236, stack(0x0000008390700000,0x0000008390800000)]
  0x0000025b32c37270 JavaThread "Unconstrained build operations Thread 57" [_thread_blocked, id=623240, stack(0x0000008390800000,0x0000008390900000)]
  0x0000025b32c37c90 JavaThread "Unconstrained build operations Thread 58" [_thread_blocked, id=623244, stack(0x0000008390900000,0x0000008390a00000)]
  0x0000025b3593dfa0 JavaThread "Unconstrained build operations Thread 59" [_thread_blocked, id=623248, stack(0x0000008390a00000,0x0000008390b00000)]
  0x0000025b3593f3e0 JavaThread "Unconstrained build operations Thread 60" [_thread_blocked, id=623252, stack(0x0000008390b00000,0x0000008390c00000)]
  0x0000025b3593a2e0 JavaThread "Unconstrained build operations Thread 61" [_thread_blocked, id=623256, stack(0x0000008390c00000,0x0000008390d00000)]
  0x0000025b3593a7f0 JavaThread "Unconstrained build operations Thread 62" [_thread_blocked, id=623260, stack(0x0000008390d00000,0x0000008390e00000)]
  0x0000025b3593c140 JavaThread "Unconstrained build operations Thread 63" [_thread_blocked, id=623264, stack(0x0000008390e00000,0x0000008390f00000)]
  0x0000025b3593f8f0 JavaThread "Unconstrained build operations Thread 64" [_thread_blocked, id=623268, stack(0x0000008390f00000,0x0000008391000000)]
  0x0000025b35940d30 JavaThread "Unconstrained build operations Thread 65" [_thread_blocked, id=623272, stack(0x0000008391000000,0x0000008391100000)]
  0x0000025b3593d580 JavaThread "Unconstrained build operations Thread 66" [_thread_blocked, id=623276, stack(0x0000008391100000,0x0000008391200000)]
  0x0000025b3593fe00 JavaThread "Unconstrained build operations Thread 67" [_thread_blocked, id=623280, stack(0x0000008391200000,0x0000008391300000)]
  0x0000025b3593da90 JavaThread "Unconstrained build operations Thread 68" [_thread_blocked, id=623284, stack(0x0000008391300000,0x0000008391400000)]
  0x0000025b35940310 JavaThread "Unconstrained build operations Thread 69" [_thread_blocked, id=623288, stack(0x0000008391400000,0x0000008391500000)]
  0x0000025b3593b720 JavaThread "Unconstrained build operations Thread 70" [_thread_blocked, id=623292, stack(0x0000008391500000,0x0000008391600000)]
  0x0000025b35941240 JavaThread "Unconstrained build operations Thread 71" [_thread_blocked, id=623300, stack(0x0000008391600000,0x0000008391700000)]
  0x0000025b3593ad00 JavaThread "Unconstrained build operations Thread 72" [_thread_blocked, id=623304, stack(0x0000008391700000,0x0000008391800000)]
  0x0000025b3593b210 JavaThread "Unconstrained build operations Thread 73" [_thread_blocked, id=623308, stack(0x0000008391800000,0x0000008391900000)]
  0x0000025b3593bc30 JavaThread "Unconstrained build operations Thread 74" [_thread_blocked, id=623312, stack(0x0000008391900000,0x0000008391a00000)]
  0x0000025b35939dd0 JavaThread "Unconstrained build operations Thread 75" [_thread_blocked, id=623316, stack(0x0000008391a00000,0x0000008391b00000)]
  0x0000025b35940820 JavaThread "Unconstrained build operations Thread 76" [_thread_blocked, id=623320, stack(0x0000008391b00000,0x0000008391c00000)]
  0x0000025b3593c650 JavaThread "Unconstrained build operations Thread 77" [_thread_blocked, id=623324, stack(0x0000008391c00000,0x0000008391d00000)]
  0x0000025b35941750 JavaThread "ForkJoinPool.commonPool-worker-1" daemon [_thread_blocked, id=623336, stack(0x0000008391d00000,0x0000008391e00000)]
  0x0000025b3593d070 JavaThread "ForkJoinPool.commonPool-worker-2" daemon [_thread_blocked, id=623340, stack(0x0000008391e00000,0x0000008391f00000)]
  0x0000025b3593e4b0 JavaThread "ForkJoinPool.commonPool-worker-3" daemon [_thread_blocked, id=623344, stack(0x0000008391f00000,0x0000008392000000)]
  0x0000025b3593e9c0 JavaThread "ForkJoinPool.commonPool-worker-4" daemon [_thread_blocked, id=623348, stack(0x0000008392000000,0x0000008392100000)]
  0x0000025b3593eed0 JavaThread "ForkJoinPool.commonPool-worker-5" daemon [_thread_blocked, id=623352, stack(0x0000008392100000,0x0000008392200000)]
  0x0000025b3619f1e0 JavaThread "ForkJoinPool.commonPool-worker-7" daemon [_thread_blocked, id=623356, stack(0x0000008392200000,0x0000008392300000)]
  0x0000025b3619a5f0 JavaThread "ForkJoinPool.commonPool-worker-6" daemon [_thread_blocked, id=623360, stack(0x0000008392300000,0x0000008392400000)]
  0x0000025b3619b010 JavaThread "Unconstrained build operations Thread 78" [_thread_blocked, id=623364, stack(0x0000008392400000,0x0000008392500000)]
  0x0000025b3619b520 JavaThread "Unconstrained build operations Thread 79" [_thread_blocked, id=623368, stack(0x0000008392500000,0x0000008392600000)]
  0x0000025b3619bf40 JavaThread "Unconstrained build operations Thread 80" [_thread_blocked, id=623376, stack(0x0000008392600000,0x0000008392700000)]

Other Threads:
  0x0000025b18b872b0 VMThread "VM Thread" [stack: 0x0000008389800000,0x0000008389900000] [id=619524]
  0x0000025b7e2034f0 WatcherThread [stack: 0x000000838a400000,0x000000838a500000] [id=619264]
  0x0000025b7e1eb470 GCTaskThread "GC Thread#0" [stack: 0x0000008389300000,0x0000008389400000] [id=616748]
  0x0000025b32410090 GCTaskThread "GC Thread#1" [stack: 0x000000838a500000,0x000000838a600000] [id=599220]
  0x0000025b32410350 GCTaskThread "GC Thread#2" [stack: 0x000000838a600000,0x000000838a700000] [id=617716]
  0x0000025b32410610 GCTaskThread "GC Thread#3" [stack: 0x000000838a700000,0x000000838a800000] [id=622016]
  0x0000025b32410ce0 GCTaskThread "GC Thread#4" [stack: 0x000000838a800000,0x000000838a900000] [id=614612]
  0x0000025b3252cb40 GCTaskThread "GC Thread#5" [stack: 0x000000838a900000,0x000000838aa00000] [id=616992]
  0x0000025b3252dbc0 GCTaskThread "GC Thread#6" [stack: 0x000000838ba00000,0x000000838bb00000] [id=622664]
  0x0000025b3252e400 GCTaskThread "GC Thread#7" [stack: 0x000000838bb00000,0x000000838bc00000] [id=622668]
  0x0000025b7c0fe680 ConcurrentGCThread "G1 Main Marker" [stack: 0x0000008389400000,0x0000008389500000] [id=622204]
  0x0000025b7e1ecbe0 ConcurrentGCThread "G1 Conc#0" [stack: 0x0000008389500000,0x0000008389600000] [id=622036]
  0x0000025b3252c880 ConcurrentGCThread "G1 Conc#1" [stack: 0x000000838bc00000,0x000000838bd00000] [id=622672]
  0x0000025b18a4c500 ConcurrentGCThread "G1 Refine#0" [stack: 0x0000008389600000,0x0000008389700000] [id=614200]
  0x0000025b32b24c60 ConcurrentGCThread "G1 Refine#1" [stack: 0x000000838aa00000,0x000000838ab00000] [id=621564]
  0x0000025b341c6c40 ConcurrentGCThread "G1 Refine#2" [stack: 0x000000838e500000,0x000000838e600000] [id=623072]
  0x0000025b34102a20 ConcurrentGCThread "G1 Refine#3" [stack: 0x0000008392700000,0x0000008392800000] [id=623380]
  0x0000025b341035e0 ConcurrentGCThread "G1 Refine#4" [stack: 0x0000008392800000,0x0000008392900000] [id=623384]
  0x0000025b18a4cd40 ConcurrentGCThread "G1 Service" [stack: 0x0000008389700000,0x0000008389800000] [id=595120]

Threads with active compile tasks:
C2 CompilerThread0    61595 9424       4       io.spring.gradle.dependencymanagement.org.apache.maven.model.interpolation.ProblemDetectingValueSource::getValue (142 bytes)

VM state: not at safepoint (normal execution)

VM Mutex/Monitor currently owned by a thread: None

Heap address: 0x00000000e0000000, size: 512 MB, Compressed Oops mode: 32-bit

CDS archive(s) mapped at: [0x0000025b19000000-0x0000025b19bd0000-0x0000025b19bd0000), size 12386304, SharedBaseAddress: 0x0000025b19000000, ArchiveRelocationMode: 1.
Compressed class space mapped at: 0x0000025b1a000000-0x0000025b2e000000, reserved size: 335544320
Narrow klass base: 0x0000025b19000000, Narrow klass shift: 0, Narrow klass range: 0x100000000

GC Precious Log:
 CPUs: 8 total, 8 available
 Memory: 16278M
 Large Page Support: Disabled
 NUMA Support: Disabled
 Compressed Oops: Enabled (32-bit)
 Heap Region Size: 1M
 Heap Min Capacity: 256M
 Heap Initial Capacity: 256M
 Heap Max Capacity: 512M
 Pre-touch: Disabled
 Parallel Workers: 8
 Concurrent Workers: 2
 Concurrent Refinement Workers: 8
 Periodic GC: Disabled

Heap:
 garbage-first heap   total 262144K, used 143502K [0x00000000e0000000, 0x0000000100000000)
  region size 1024K, 110 young (112640K), 19 survivors (19456K)
 Metaspace       used 55664K, committed 56320K, reserved 393216K
  class space    used 7703K, committed 8000K, reserved 327680K

Heap Regions: E=young(eden), S=young(survivor), O=old, HS=humongous(starts), HC=humongous(continues), CS=collection set, F=free, OA=open archive, CA=closed archive, TAMS=top-at-mark-start (previous, next)
|   0|0x00000000e0000000, 0x00000000e0100000, 0x00000000e0100000|100%|HS|  |TAMS 0x00000000e0100000, 0x00000000e0000000| Complete 
|   1|0x00000000e0100000, 0x00000000e0200000, 0x00000000e0200000|100%|HC|  |TAMS 0x00000000e0200000, 0x00000000e0100000| Complete 
|   2|0x00000000e0200000, 0x00000000e0300000, 0x00000000e0300000|100%|HC|  |TAMS 0x00000000e0300000, 0x00000000e0200000| Complete 
|   3|0x00000000e0300000, 0x00000000e0400000, 0x00000000e0400000|100%| O|  |TAMS 0x00000000e0400000, 0x00000000e0300000| Untracked 
|   4|0x00000000e0400000, 0x00000000e0500000, 0x00000000e0500000|100%| O|  |TAMS 0x00000000e0500000, 0x00000000e0400000| Untracked 
|   5|0x00000000e0500000, 0x00000000e0600000, 0x00000000e0600000|100%| O|  |TAMS 0x00000000e0600000, 0x00000000e0500000| Untracked 
|   6|0x00000000e0600000, 0x00000000e0700000, 0x00000000e0700000|100%|HS|  |TAMS 0x00000000e0700000, 0x00000000e0600000| Complete 
|   7|0x00000000e0700000, 0x00000000e0800000, 0x00000000e0800000|100%| O|  |TAMS 0x00000000e0700000, 0x00000000e0700000| Untracked 
|   8|0x00000000e0800000, 0x00000000e0900000, 0x00000000e0900000|100%| O|  |TAMS 0x00000000e0900000, 0x00000000e0800000| Untracked 
|   9|0x00000000e0900000, 0x00000000e0a00000, 0x00000000e0a00000|100%| O|  |TAMS 0x00000000e0a00000, 0x00000000e0900000| Untracked 
|  10|0x00000000e0a00000, 0x00000000e0b00000, 0x00000000e0b00000|100%| O|  |TAMS 0x00000000e0b00000, 0x00000000e0a00000| Untracked 
|  11|0x00000000e0b00000, 0x00000000e0c00000, 0x00000000e0c00000|100%| O|  |TAMS 0x00000000e0c00000, 0x00000000e0b00000| Untracked 
|  12|0x00000000e0c00000, 0x00000000e0d00000, 0x00000000e0d00000|100%| O|  |TAMS 0x00000000e0cf3600, 0x00000000e0c00000| Untracked 
|  13|0x00000000e0d00000, 0x00000000e0e00000, 0x00000000e0e00000|100%| O|  |TAMS 0x00000000e0d00000, 0x00000000e0d00000| Untracked 
|  14|0x00000000e0e00000, 0x00000000e0f00000, 0x00000000e0f00000|100%| O|  |TAMS 0x00000000e0e00000, 0x00000000e0e00000| Untracked 
|  15|0x00000000e0f00000, 0x00000000e1000000, 0x00000000e1000000|100%| O|  |TAMS 0x00000000e0f00000, 0x00000000e0f00000| Untracked 
|  16|0x00000000e1000000, 0x00000000e1100000, 0x00000000e1100000|100%| O|  |TAMS 0x00000000e1000000, 0x00000000e1000000| Untracked 
|  17|0x00000000e1100000, 0x00000000e1200000, 0x00000000e1200000|100%| O|  |TAMS 0x00000000e1100000, 0x00000000e1100000| Untracked 
|  18|0x00000000e1200000, 0x00000000e1300000, 0x00000000e1300000|100%| O|  |TAMS 0x00000000e1200000, 0x00000000e1200000| Untracked 
|  19|0x00000000e1300000, 0x00000000e1400000, 0x00000000e1400000|100%| O|  |TAMS 0x00000000e1300000, 0x00000000e1300000| Untracked 
|  20|0x00000000e1400000, 0x00000000e1500000, 0x00000000e1500000|100%| O|  |TAMS 0x00000000e1400000, 0x00000000e1400000| Untracked 
|  21|0x00000000e1500000, 0x00000000e1600000, 0x00000000e1600000|100%| O|  |TAMS 0x00000000e1500000, 0x00000000e1500000| Untracked 
|  22|0x00000000e1600000, 0x00000000e1700000, 0x00000000e1700000|100%| O|  |TAMS 0x00000000e1600000, 0x00000000e1600000| Untracked 
|  23|0x00000000e1700000, 0x00000000e1800000, 0x00000000e1800000|100%| O|  |TAMS 0x00000000e1700000, 0x00000000e1700000| Untracked 
|  24|0x00000000e1800000, 0x00000000e1900000, 0x00000000e1900000|100%| O|  |TAMS 0x00000000e1800000, 0x00000000e1800000| Untracked 
|  25|0x00000000e1900000, 0x00000000e1a00000, 0x00000000e1a00000|100%| O|  |TAMS 0x00000000e1900000, 0x00000000e1900000| Untracked 
|  26|0x00000000e1a00000, 0x00000000e1b00000, 0x00000000e1b00000|100%| O|  |TAMS 0x00000000e1a00000, 0x00000000e1a00000| Untracked 
|  27|0x00000000e1b00000, 0x00000000e1c00000, 0x00000000e1c00000|100%| O|  |TAMS 0x00000000e1b00000, 0x00000000e1b00000| Untracked 
|  28|0x00000000e1c00000, 0x00000000e1d00000, 0x00000000e1d00000|100%| O|  |TAMS 0x00000000e1c00000, 0x00000000e1c00000| Untracked 
|  29|0x00000000e1d00000, 0x00000000e1e00000, 0x00000000e1e00000|100%| O|  |TAMS 0x00000000e1d00000, 0x00000000e1d00000| Untracked 
|  30|0x00000000e1e00000, 0x00000000e1f00000, 0x00000000e1f00000|100%| O|  |TAMS 0x00000000e1e00000, 0x00000000e1e00000| Untracked 
|  31|0x00000000e1f00000, 0x00000000e1f23800, 0x00000000e2000000| 13%| O|  |TAMS 0x00000000e1f00000, 0x00000000e1f00000| Untracked 
|  32|0x00000000e2000000, 0x00000000e2000000, 0x00000000e2100000|  0%| F|  |TAMS 0x00000000e2000000, 0x00000000e2000000| Untracked 
|  33|0x00000000e2100000, 0x00000000e2100000, 0x00000000e2200000|  0%| F|  |TAMS 0x00000000e2100000, 0x00000000e2100000| Untracked 
|  34|0x00000000e2200000, 0x00000000e2200000, 0x00000000e2300000|  0%| F|  |TAMS 0x00000000e2200000, 0x00000000e2200000| Untracked 
|  35|0x00000000e2300000, 0x00000000e2300000, 0x00000000e2400000|  0%| F|  |TAMS 0x00000000e2300000, 0x00000000e2300000| Untracked 
|  36|0x00000000e2400000, 0x00000000e2400000, 0x00000000e2500000|  0%| F|  |TAMS 0x00000000e2400000, 0x00000000e2400000| Untracked 
|  37|0x00000000e2500000, 0x00000000e2500000, 0x00000000e2600000|  0%| F|  |TAMS 0x00000000e2500000, 0x00000000e2500000| Untracked 
|  38|0x00000000e2600000, 0x00000000e2600000, 0x00000000e2700000|  0%| F|  |TAMS 0x00000000e2600000, 0x00000000e2600000| Untracked 
|  39|0x00000000e2700000, 0x00000000e2700000, 0x00000000e2800000|  0%| F|  |TAMS 0x00000000e2700000, 0x00000000e2700000| Untracked 
|  40|0x00000000e2800000, 0x00000000e2800000, 0x00000000e2900000|  0%| F|  |TAMS 0x00000000e2800000, 0x00000000e2800000| Untracked 
|  41|0x00000000e2900000, 0x00000000e2900000, 0x00000000e2a00000|  0%| F|  |TAMS 0x00000000e2900000, 0x00000000e2900000| Untracked 
|  42|0x00000000e2a00000, 0x00000000e2a00000, 0x00000000e2b00000|  0%| F|  |TAMS 0x00000000e2a00000, 0x00000000e2a00000| Untracked 
|  43|0x00000000e2b00000, 0x00000000e2b00000, 0x00000000e2c00000|  0%| F|  |TAMS 0x00000000e2b00000, 0x00000000e2b00000| Untracked 
|  44|0x00000000e2c00000, 0x00000000e2c00000, 0x00000000e2d00000|  0%| F|  |TAMS 0x00000000e2c00000, 0x00000000e2c00000| Untracked 
|  45|0x00000000e2d00000, 0x00000000e2d00000, 0x00000000e2e00000|  0%| F|  |TAMS 0x00000000e2d00000, 0x00000000e2d00000| Untracked 
|  46|0x00000000e2e00000, 0x00000000e2e00000, 0x00000000e2f00000|  0%| F|  |TAMS 0x00000000e2e00000, 0x00000000e2e00000| Untracked 
|  47|0x00000000e2f00000, 0x00000000e2f00000, 0x00000000e3000000|  0%| F|  |TAMS 0x00000000e2f00000, 0x00000000e2f00000| Untracked 
|  48|0x00000000e3000000, 0x00000000e3000000, 0x00000000e3100000|  0%| F|  |TAMS 0x00000000e3000000, 0x00000000e3000000| Untracked 
|  49|0x00000000e3100000, 0x00000000e3100000, 0x00000000e3200000|  0%| F|  |TAMS 0x00000000e3100000, 0x00000000e3100000| Untracked 
|  50|0x00000000e3200000, 0x00000000e3200000, 0x00000000e3300000|  0%| F|  |TAMS 0x00000000e3200000, 0x00000000e3200000| Untracked 
|  51|0x00000000e3300000, 0x00000000e3300000, 0x00000000e3400000|  0%| F|  |TAMS 0x00000000e3300000, 0x00000000e3300000| Untracked 
|  52|0x00000000e3400000, 0x00000000e3400000, 0x00000000e3500000|  0%| F|  |TAMS 0x00000000e3400000, 0x00000000e3400000| Untracked 
|  53|0x00000000e3500000, 0x00000000e3500000, 0x00000000e3600000|  0%| F|  |TAMS 0x00000000e3500000, 0x00000000e3500000| Untracked 
|  54|0x00000000e3600000, 0x00000000e3600000, 0x00000000e3700000|  0%| F|  |TAMS 0x00000000e3600000, 0x00000000e3600000| Untracked 
|  55|0x00000000e3700000, 0x00000000e3700000, 0x00000000e3800000|  0%| F|  |TAMS 0x00000000e3700000, 0x00000000e3700000| Untracked 
|  56|0x00000000e3800000, 0x00000000e3800000, 0x00000000e3900000|  0%| F|  |TAMS 0x00000000e3800000, 0x00000000e3800000| Untracked 
|  57|0x00000000e3900000, 0x00000000e3900000, 0x00000000e3a00000|  0%| F|  |TAMS 0x00000000e3900000, 0x00000000e3900000| Untracked 
|  58|0x00000000e3a00000, 0x00000000e3a00000, 0x00000000e3b00000|  0%| F|  |TAMS 0x00000000e3a00000, 0x00000000e3a00000| Untracked 
|  59|0x00000000e3b00000, 0x00000000e3b00000, 0x00000000e3c00000|  0%| F|  |TAMS 0x00000000e3b00000, 0x00000000e3b00000| Untracked 
|  60|0x00000000e3c00000, 0x00000000e3c00000, 0x00000000e3d00000|  0%| F|  |TAMS 0x00000000e3c00000, 0x00000000e3c00000| Untracked 
|  61|0x00000000e3d00000, 0x00000000e3d00000, 0x00000000e3e00000|  0%| F|  |TAMS 0x00000000e3d00000, 0x00000000e3d00000| Untracked 
|  62|0x00000000e3e00000, 0x00000000e3e00000, 0x00000000e3f00000|  0%| F|  |TAMS 0x00000000e3e00000, 0x00000000e3e00000| Untracked 
|  63|0x00000000e3f00000, 0x00000000e3f00000, 0x00000000e4000000|  0%| F|  |TAMS 0x00000000e3f00000, 0x00000000e3f00000| Untracked 
|  64|0x00000000e4000000, 0x00000000e4000000, 0x00000000e4100000|  0%| F|  |TAMS 0x00000000e4000000, 0x00000000e4000000| Untracked 
|  65|0x00000000e4100000, 0x00000000e4100000, 0x00000000e4200000|  0%| F|  |TAMS 0x00000000e4100000, 0x00000000e4100000| Untracked 
|  66|0x00000000e4200000, 0x00000000e4200000, 0x00000000e4300000|  0%| F|  |TAMS 0x00000000e4200000, 0x00000000e4200000| Untracked 
|  67|0x00000000e4300000, 0x00000000e4300000, 0x00000000e4400000|  0%| F|  |TAMS 0x00000000e4300000, 0x00000000e4300000| Untracked 
|  68|0x00000000e4400000, 0x00000000e4400000, 0x00000000e4500000|  0%| F|  |TAMS 0x00000000e4400000, 0x00000000e4400000| Untracked 
|  69|0x00000000e4500000, 0x00000000e4500000, 0x00000000e4600000|  0%| F|  |TAMS 0x00000000e4500000, 0x00000000e4500000| Untracked 
|  70|0x00000000e4600000, 0x00000000e4600000, 0x00000000e4700000|  0%| F|  |TAMS 0x00000000e4600000, 0x00000000e4600000| Untracked 
|  71|0x00000000e4700000, 0x00000000e4700000, 0x00000000e4800000|  0%| F|  |TAMS 0x00000000e4700000, 0x00000000e4700000| Untracked 
|  72|0x00000000e4800000, 0x00000000e4800000, 0x00000000e4900000|  0%| F|  |TAMS 0x00000000e4800000, 0x00000000e4800000| Untracked 
|  73|0x00000000e4900000, 0x00000000e4900000, 0x00000000e4a00000|  0%| F|  |TAMS 0x00000000e4900000, 0x00000000e4900000| Untracked 
|  74|0x00000000e4a00000, 0x00000000e4a00000, 0x00000000e4b00000|  0%| F|  |TAMS 0x00000000e4a00000, 0x00000000e4a00000| Untracked 
|  75|0x00000000e4b00000, 0x00000000e4b00000, 0x00000000e4c00000|  0%| F|  |TAMS 0x00000000e4b00000, 0x00000000e4b00000| Untracked 
|  76|0x00000000e4c00000, 0x00000000e4c00000, 0x00000000e4d00000|  0%| F|  |TAMS 0x00000000e4c00000, 0x00000000e4c00000| Untracked 
|  77|0x00000000e4d00000, 0x00000000e4d00000, 0x00000000e4e00000|  0%| F|  |TAMS 0x00000000e4d00000, 0x00000000e4d00000| Untracked 
|  78|0x00000000e4e00000, 0x00000000e4e00000, 0x00000000e4f00000|  0%| F|  |TAMS 0x00000000e4e00000, 0x00000000e4e00000| Untracked 
|  79|0x00000000e4f00000, 0x00000000e4f00000, 0x00000000e5000000|  0%| F|  |TAMS 0x00000000e4f00000, 0x00000000e4f00000| Untracked 
|  80|0x00000000e5000000, 0x00000000e5000000, 0x00000000e5100000|  0%| F|  |TAMS 0x00000000e5000000, 0x00000000e5000000| Untracked 
|  81|0x00000000e5100000, 0x00000000e5100000, 0x00000000e5200000|  0%| F|  |TAMS 0x00000000e5100000, 0x00000000e5100000| Untracked 
|  82|0x00000000e5200000, 0x00000000e5200000, 0x00000000e5300000|  0%| F|  |TAMS 0x00000000e5200000, 0x00000000e5200000| Untracked 
|  83|0x00000000e5300000, 0x00000000e5300000, 0x00000000e5400000|  0%| F|  |TAMS 0x00000000e5300000, 0x00000000e5300000| Untracked 
|  84|0x00000000e5400000, 0x00000000e5500000, 0x00000000e5500000|100%| S|CS|TAMS 0x00000000e5400000, 0x00000000e5400000| Complete 
|  85|0x00000000e5500000, 0x00000000e5600000, 0x00000000e5600000|100%| S|CS|TAMS 0x00000000e5500000, 0x00000000e5500000| Complete 
|  86|0x00000000e5600000, 0x00000000e5700000, 0x00000000e5700000|100%| S|CS|TAMS 0x00000000e5600000, 0x00000000e5600000| Complete 
|  87|0x00000000e5700000, 0x00000000e5700000, 0x00000000e5800000|  0%| F|  |TAMS 0x00000000e5700000, 0x00000000e5700000| Untracked 
|  88|0x00000000e5800000, 0x00000000e5800000, 0x00000000e5900000|  0%| F|  |TAMS 0x00000000e5800000, 0x00000000e5800000| Untracked 
|  89|0x00000000e5900000, 0x00000000e5900000, 0x00000000e5a00000|  0%| F|  |TAMS 0x00000000e5900000, 0x00000000e5900000| Untracked 
|  90|0x00000000e5a00000, 0x00000000e5a00000, 0x00000000e5b00000|  0%| F|  |TAMS 0x00000000e5a00000, 0x00000000e5a00000| Untracked 
|  91|0x00000000e5b00000, 0x00000000e5b00000, 0x00000000e5c00000|  0%| F|  |TAMS 0x00000000e5b00000, 0x00000000e5b00000| Untracked 
|  92|0x00000000e5c00000, 0x00000000e5c00000, 0x00000000e5d00000|  0%| F|  |TAMS 0x00000000e5c00000, 0x00000000e5c00000| Untracked 
|  93|0x00000000e5d00000, 0x00000000e5d00000, 0x00000000e5e00000|  0%| F|  |TAMS 0x00000000e5d00000, 0x00000000e5d00000| Untracked 
|  94|0x00000000e5e00000, 0x00000000e5e00000, 0x00000000e5f00000|  0%| F|  |TAMS 0x00000000e5e00000, 0x00000000e5e00000| Untracked 
|  95|0x00000000e5f00000, 0x00000000e5f00000, 0x00000000e6000000|  0%| F|  |TAMS 0x00000000e5f00000, 0x00000000e5f00000| Untracked 
|  96|0x00000000e6000000, 0x00000000e6000000, 0x00000000e6100000|  0%| F|  |TAMS 0x00000000e6000000, 0x00000000e6000000| Untracked 
|  97|0x00000000e6100000, 0x00000000e6100000, 0x00000000e6200000|  0%| F|  |TAMS 0x00000000e6100000, 0x00000000e6100000| Untracked 
|  98|0x00000000e6200000, 0x00000000e6200000, 0x00000000e6300000|  0%| F|  |TAMS 0x00000000e6200000, 0x00000000e6200000| Untracked 
|  99|0x00000000e6300000, 0x00000000e6300000, 0x00000000e6400000|  0%| F|  |TAMS 0x00000000e6300000, 0x00000000e6300000| Untracked 
| 100|0x00000000e6400000, 0x00000000e6400000, 0x00000000e6500000|  0%| F|  |TAMS 0x00000000e6400000, 0x00000000e6400000| Untracked 
| 101|0x00000000e6500000, 0x00000000e6500000, 0x00000000e6600000|  0%| F|  |TAMS 0x00000000e6500000, 0x00000000e6500000| Untracked 
| 102|0x00000000e6600000, 0x00000000e6600000, 0x00000000e6700000|  0%| F|  |TAMS 0x00000000e6600000, 0x00000000e6600000| Untracked 
| 103|0x00000000e6700000, 0x00000000e6800000, 0x00000000e6800000|100%| S|CS|TAMS 0x00000000e6700000, 0x00000000e6700000| Complete 
| 104|0x00000000e6800000, 0x00000000e6900000, 0x00000000e6900000|100%| S|CS|TAMS 0x00000000e6800000, 0x00000000e6800000| Complete 
| 105|0x00000000e6900000, 0x00000000e6a00000, 0x00000000e6a00000|100%| S|CS|TAMS 0x00000000e6900000, 0x00000000e6900000| Complete 
| 106|0x00000000e6a00000, 0x00000000e6b00000, 0x00000000e6b00000|100%| S|CS|TAMS 0x00000000e6a00000, 0x00000000e6a00000| Complete 
| 107|0x00000000e6b00000, 0x00000000e6c00000, 0x00000000e6c00000|100%| S|CS|TAMS 0x00000000e6b00000, 0x00000000e6b00000| Complete 
| 108|0x00000000e6c00000, 0x00000000e6d00000, 0x00000000e6d00000|100%| S|CS|TAMS 0x00000000e6c00000, 0x00000000e6c00000| Complete 
| 109|0x00000000e6d00000, 0x00000000e6e00000, 0x00000000e6e00000|100%| S|CS|TAMS 0x00000000e6d00000, 0x00000000e6d00000| Complete 
| 110|0x00000000e6e00000, 0x00000000e6f00000, 0x00000000e6f00000|100%| S|CS|TAMS 0x00000000e6e00000, 0x00000000e6e00000| Complete 
| 111|0x00000000e6f00000, 0x00000000e7000000, 0x00000000e7000000|100%| S|CS|TAMS 0x00000000e6f00000, 0x00000000e6f00000| Complete 
| 112|0x00000000e7000000, 0x00000000e7100000, 0x00000000e7100000|100%| S|CS|TAMS 0x00000000e7000000, 0x00000000e7000000| Complete 
| 113|0x00000000e7100000, 0x00000000e7200000, 0x00000000e7200000|100%| S|CS|TAMS 0x00000000e7100000, 0x00000000e7100000| Complete 
| 114|0x00000000e7200000, 0x00000000e7300000, 0x00000000e7300000|100%| S|CS|TAMS 0x00000000e7200000, 0x00000000e7200000| Complete 
| 115|0x00000000e7300000, 0x00000000e7400000, 0x00000000e7400000|100%| S|CS|TAMS 0x00000000e7300000, 0x00000000e7300000| Complete 
| 116|0x00000000e7400000, 0x00000000e7500000, 0x00000000e7500000|100%| S|CS|TAMS 0x00000000e7400000, 0x00000000e7400000| Complete 
| 117|0x00000000e7500000, 0x00000000e7600000, 0x00000000e7600000|100%| S|CS|TAMS 0x00000000e7500000, 0x00000000e7500000| Complete 
| 118|0x00000000e7600000, 0x00000000e7700000, 0x00000000e7700000|100%| S|CS|TAMS 0x00000000e7600000, 0x00000000e7600000| Complete 
| 119|0x00000000e7700000, 0x00000000e7700000, 0x00000000e7800000|  0%| F|  |TAMS 0x00000000e7700000, 0x00000000e7700000| Untracked 
| 120|0x00000000e7800000, 0x00000000e7800000, 0x00000000e7900000|  0%| F|  |TAMS 0x00000000e7800000, 0x00000000e7800000| Untracked 
| 121|0x00000000e7900000, 0x00000000e7900000, 0x00000000e7a00000|  0%| F|  |TAMS 0x00000000e7900000, 0x00000000e7900000| Untracked 
| 122|0x00000000e7a00000, 0x00000000e7a00000, 0x00000000e7b00000|  0%| F|  |TAMS 0x00000000e7a00000, 0x00000000e7a00000| Untracked 
| 123|0x00000000e7b00000, 0x00000000e7b00000, 0x00000000e7c00000|  0%| F|  |TAMS 0x00000000e7b00000, 0x00000000e7b00000| Untracked 
| 124|0x00000000e7c00000, 0x00000000e7c00000, 0x00000000e7d00000|  0%| F|  |TAMS 0x00000000e7c00000, 0x00000000e7c00000| Untracked 
| 125|0x00000000e7d00000, 0x00000000e7d00000, 0x00000000e7e00000|  0%| F|  |TAMS 0x00000000e7d00000, 0x00000000e7d00000| Untracked 
| 126|0x00000000e7e00000, 0x00000000e7e00000, 0x00000000e7f00000|  0%| F|  |TAMS 0x00000000e7e00000, 0x00000000e7e00000| Untracked 
| 127|0x00000000e7f00000, 0x00000000e7f00000, 0x00000000e8000000|  0%| F|  |TAMS 0x00000000e7f00000, 0x00000000e7f00000| Untracked 
| 128|0x00000000e8000000, 0x00000000e8000000, 0x00000000e8100000|  0%| F|  |TAMS 0x00000000e8000000, 0x00000000e8000000| Untracked 
| 129|0x00000000e8100000, 0x00000000e8100000, 0x00000000e8200000|  0%| F|  |TAMS 0x00000000e8100000, 0x00000000e8100000| Untracked 
| 130|0x00000000e8200000, 0x00000000e8200000, 0x00000000e8300000|  0%| F|  |TAMS 0x00000000e8200000, 0x00000000e8200000| Untracked 
| 131|0x00000000e8300000, 0x00000000e8300000, 0x00000000e8400000|  0%| F|  |TAMS 0x00000000e8300000, 0x00000000e8300000| Untracked 
| 132|0x00000000e8400000, 0x00000000e8400000, 0x00000000e8500000|  0%| F|  |TAMS 0x00000000e8400000, 0x00000000e8400000| Untracked 
| 133|0x00000000e8500000, 0x00000000e8500000, 0x00000000e8600000|  0%| F|  |TAMS 0x00000000e8500000, 0x00000000e8500000| Untracked 
| 134|0x00000000e8600000, 0x00000000e8600000, 0x00000000e8700000|  0%| F|  |TAMS 0x00000000e8600000, 0x00000000e8600000| Untracked 
| 135|0x00000000e8700000, 0x00000000e8700000, 0x00000000e8800000|  0%| F|  |TAMS 0x00000000e8700000, 0x00000000e8700000| Untracked 
| 136|0x00000000e8800000, 0x00000000e8800000, 0x00000000e8900000|  0%| F|  |TAMS 0x00000000e8800000, 0x00000000e8800000| Untracked 
| 137|0x00000000e8900000, 0x00000000e8900000, 0x00000000e8a00000|  0%| F|  |TAMS 0x00000000e8900000, 0x00000000e8900000| Untracked 
| 138|0x00000000e8a00000, 0x00000000e8a00000, 0x00000000e8b00000|  0%| F|  |TAMS 0x00000000e8a00000, 0x00000000e8a00000| Untracked 
| 139|0x00000000e8b00000, 0x00000000e8b00000, 0x00000000e8c00000|  0%| F|  |TAMS 0x00000000e8b00000, 0x00000000e8b00000| Untracked 
| 140|0x00000000e8c00000, 0x00000000e8c00000, 0x00000000e8d00000|  0%| F|  |TAMS 0x00000000e8c00000, 0x00000000e8c00000| Untracked 
| 141|0x00000000e8d00000, 0x00000000e8d00000, 0x00000000e8e00000|  0%| F|  |TAMS 0x00000000e8d00000, 0x00000000e8d00000| Untracked 
| 142|0x00000000e8e00000, 0x00000000e8e00000, 0x00000000e8f00000|  0%| F|  |TAMS 0x00000000e8e00000, 0x00000000e8e00000| Untracked 
| 143|0x00000000e8f00000, 0x00000000e8f00000, 0x00000000e9000000|  0%| F|  |TAMS 0x00000000e8f00000, 0x00000000e8f00000| Untracked 
| 144|0x00000000e9000000, 0x00000000e9000000, 0x00000000e9100000|  0%| F|  |TAMS 0x00000000e9000000, 0x00000000e9000000| Untracked 
| 145|0x00000000e9100000, 0x00000000e9100000, 0x00000000e9200000|  0%| F|  |TAMS 0x00000000e9100000, 0x00000000e9100000| Untracked 
| 146|0x00000000e9200000, 0x00000000e9200000, 0x00000000e9300000|  0%| F|  |TAMS 0x00000000e9200000, 0x00000000e9200000| Untracked 
| 147|0x00000000e9300000, 0x00000000e9300000, 0x00000000e9400000|  0%| F|  |TAMS 0x00000000e9300000, 0x00000000e9300000| Untracked 
| 148|0x00000000e9400000, 0x00000000e9400000, 0x00000000e9500000|  0%| F|  |TAMS 0x00000000e9400000, 0x00000000e9400000| Untracked 
| 149|0x00000000e9500000, 0x00000000e9500000, 0x00000000e9600000|  0%| F|  |TAMS 0x00000000e9500000, 0x00000000e9500000| Untracked 
| 150|0x00000000e9600000, 0x00000000e9600000, 0x00000000e9700000|  0%| F|  |TAMS 0x00000000e9600000, 0x00000000e9600000| Untracked 
| 151|0x00000000e9700000, 0x00000000e9700000, 0x00000000e9800000|  0%| F|  |TAMS 0x00000000e9700000, 0x00000000e9700000| Untracked 
| 152|0x00000000e9800000, 0x00000000e9800000, 0x00000000e9900000|  0%| F|  |TAMS 0x00000000e9800000, 0x00000000e9800000| Untracked 
| 153|0x00000000e9900000, 0x00000000e9900000, 0x00000000e9a00000|  0%| F|  |TAMS 0x00000000e9900000, 0x00000000e9900000| Untracked 
| 154|0x00000000e9a00000, 0x00000000e9a00000, 0x00000000e9b00000|  0%| F|  |TAMS 0x00000000e9a00000, 0x00000000e9a00000| Untracked 
| 155|0x00000000e9b00000, 0x00000000e9b00000, 0x00000000e9c00000|  0%| F|  |TAMS 0x00000000e9b00000, 0x00000000e9b00000| Untracked 
| 156|0x00000000e9c00000, 0x00000000e9c00000, 0x00000000e9d00000|  0%| F|  |TAMS 0x00000000e9c00000, 0x00000000e9c00000| Untracked 
| 157|0x00000000e9d00000, 0x00000000e9d00000, 0x00000000e9e00000|  0%| F|  |TAMS 0x00000000e9d00000, 0x00000000e9d00000| Untracked 
| 158|0x00000000e9e00000, 0x00000000e9e00000, 0x00000000e9f00000|  0%| F|  |TAMS 0x00000000e9e00000, 0x00000000e9e00000| Untracked 
| 159|0x00000000e9f00000, 0x00000000e9f00000, 0x00000000ea000000|  0%| F|  |TAMS 0x00000000e9f00000, 0x00000000e9f00000| Untracked 
| 160|0x00000000ea000000, 0x00000000ea000000, 0x00000000ea100000|  0%| F|  |TAMS 0x00000000ea000000, 0x00000000ea000000| Untracked 
| 161|0x00000000ea100000, 0x00000000ea100000, 0x00000000ea200000|  0%| F|  |TAMS 0x00000000ea100000, 0x00000000ea100000| Untracked 
| 162|0x00000000ea200000, 0x00000000ea200000, 0x00000000ea300000|  0%| F|  |TAMS 0x00000000ea200000, 0x00000000ea200000| Untracked 
| 163|0x00000000ea300000, 0x00000000ea300000, 0x00000000ea400000|  0%| F|  |TAMS 0x00000000ea300000, 0x00000000ea300000| Untracked 
| 164|0x00000000ea400000, 0x00000000ea400000, 0x00000000ea500000|  0%| F|  |TAMS 0x00000000ea400000, 0x00000000ea400000| Untracked 
| 165|0x00000000ea500000, 0x00000000ea600000, 0x00000000ea600000|100%| E|  |TAMS 0x00000000ea500000, 0x00000000ea500000| Complete 
| 166|0x00000000ea600000, 0x00000000ea700000, 0x00000000ea700000|100%| E|CS|TAMS 0x00000000ea600000, 0x00000000ea600000| Complete 
| 167|0x00000000ea700000, 0x00000000ea800000, 0x00000000ea800000|100%| E|CS|TAMS 0x00000000ea700000, 0x00000000ea700000| Complete 
| 168|0x00000000ea800000, 0x00000000ea900000, 0x00000000ea900000|100%| E|CS|TAMS 0x00000000ea800000, 0x00000000ea800000| Complete 
| 169|0x00000000ea900000, 0x00000000eaa00000, 0x00000000eaa00000|100%| E|CS|TAMS 0x00000000ea900000, 0x00000000ea900000| Complete 
| 170|0x00000000eaa00000, 0x00000000eab00000, 0x00000000eab00000|100%| E|CS|TAMS 0x00000000eaa00000, 0x00000000eaa00000| Complete 
| 171|0x00000000eab00000, 0x00000000eac00000, 0x00000000eac00000|100%| E|CS|TAMS 0x00000000eab00000, 0x00000000eab00000| Complete 
| 172|0x00000000eac00000, 0x00000000ead00000, 0x00000000ead00000|100%| E|CS|TAMS 0x00000000eac00000, 0x00000000eac00000| Complete 
| 173|0x00000000ead00000, 0x00000000eae00000, 0x00000000eae00000|100%| E|CS|TAMS 0x00000000ead00000, 0x00000000ead00000| Complete 
| 174|0x00000000eae00000, 0x00000000eaf00000, 0x00000000eaf00000|100%| E|CS|TAMS 0x00000000eae00000, 0x00000000eae00000| Complete 
| 175|0x00000000eaf00000, 0x00000000eb000000, 0x00000000eb000000|100%| E|CS|TAMS 0x00000000eaf00000, 0x00000000eaf00000| Complete 
| 176|0x00000000eb000000, 0x00000000eb100000, 0x00000000eb100000|100%| E|CS|TAMS 0x00000000eb000000, 0x00000000eb000000| Complete 
| 177|0x00000000eb100000, 0x00000000eb200000, 0x00000000eb200000|100%| E|CS|TAMS 0x00000000eb100000, 0x00000000eb100000| Complete 
| 178|0x00000000eb200000, 0x00000000eb300000, 0x00000000eb300000|100%| E|CS|TAMS 0x00000000eb200000, 0x00000000eb200000| Complete 
| 179|0x00000000eb300000, 0x00000000eb400000, 0x00000000eb400000|100%| E|CS|TAMS 0x00000000eb300000, 0x00000000eb300000| Complete 
| 180|0x00000000eb400000, 0x00000000eb500000, 0x00000000eb500000|100%| E|CS|TAMS 0x00000000eb400000, 0x00000000eb400000| Complete 
| 181|0x00000000eb500000, 0x00000000eb600000, 0x00000000eb600000|100%| E|CS|TAMS 0x00000000eb500000, 0x00000000eb500000| Complete 
| 182|0x00000000eb600000, 0x00000000eb700000, 0x00000000eb700000|100%| E|CS|TAMS 0x00000000eb600000, 0x00000000eb600000| Complete 
| 183|0x00000000eb700000, 0x00000000eb800000, 0x00000000eb800000|100%| E|CS|TAMS 0x00000000eb700000, 0x00000000eb700000| Complete 
| 184|0x00000000eb800000, 0x00000000eb900000, 0x00000000eb900000|100%| E|CS|TAMS 0x00000000eb800000, 0x00000000eb800000| Complete 
| 185|0x00000000eb900000, 0x00000000eba00000, 0x00000000eba00000|100%| E|CS|TAMS 0x00000000eb900000, 0x00000000eb900000| Complete 
| 186|0x00000000eba00000, 0x00000000ebb00000, 0x00000000ebb00000|100%| E|CS|TAMS 0x00000000eba00000, 0x00000000eba00000| Complete 
| 187|0x00000000ebb00000, 0x00000000ebc00000, 0x00000000ebc00000|100%| E|CS|TAMS 0x00000000ebb00000, 0x00000000ebb00000| Complete 
| 188|0x00000000ebc00000, 0x00000000ebd00000, 0x00000000ebd00000|100%| E|CS|TAMS 0x00000000ebc00000, 0x00000000ebc00000| Complete 
| 189|0x00000000ebd00000, 0x00000000ebe00000, 0x00000000ebe00000|100%| E|CS|TAMS 0x00000000ebd00000, 0x00000000ebd00000| Complete 
| 190|0x00000000ebe00000, 0x00000000ebf00000, 0x00000000ebf00000|100%| E|CS|TAMS 0x00000000ebe00000, 0x00000000ebe00000| Complete 
| 191|0x00000000ebf00000, 0x00000000ec000000, 0x00000000ec000000|100%| E|CS|TAMS 0x00000000ebf00000, 0x00000000ebf00000| Complete 
| 192|0x00000000ec000000, 0x00000000ec100000, 0x00000000ec100000|100%| E|CS|TAMS 0x00000000ec000000, 0x00000000ec000000| Complete 
| 193|0x00000000ec100000, 0x00000000ec200000, 0x00000000ec200000|100%| E|CS|TAMS 0x00000000ec100000, 0x00000000ec100000| Complete 
| 194|0x00000000ec200000, 0x00000000ec300000, 0x00000000ec300000|100%| E|CS|TAMS 0x00000000ec200000, 0x00000000ec200000| Complete 
| 195|0x00000000ec300000, 0x00000000ec400000, 0x00000000ec400000|100%| E|CS|TAMS 0x00000000ec300000, 0x00000000ec300000| Complete 
| 196|0x00000000ec400000, 0x00000000ec500000, 0x00000000ec500000|100%| E|CS|TAMS 0x00000000ec400000, 0x00000000ec400000| Complete 
| 197|0x00000000ec500000, 0x00000000ec600000, 0x00000000ec600000|100%| E|CS|TAMS 0x00000000ec500000, 0x00000000ec500000| Complete 
| 198|0x00000000ec600000, 0x00000000ec700000, 0x00000000ec700000|100%| E|CS|TAMS 0x00000000ec600000, 0x00000000ec600000| Complete 
| 199|0x00000000ec700000, 0x00000000ec800000, 0x00000000ec800000|100%| E|CS|TAMS 0x00000000ec700000, 0x00000000ec700000| Complete 
| 200|0x00000000ec800000, 0x00000000ec900000, 0x00000000ec900000|100%| E|CS|TAMS 0x00000000ec800000, 0x00000000ec800000| Complete 
| 201|0x00000000ec900000, 0x00000000eca00000, 0x00000000eca00000|100%| E|CS|TAMS 0x00000000ec900000, 0x00000000ec900000| Complete 
| 202|0x00000000eca00000, 0x00000000ecb00000, 0x00000000ecb00000|100%| E|CS|TAMS 0x00000000eca00000, 0x00000000eca00000| Complete 
| 203|0x00000000ecb00000, 0x00000000ecc00000, 0x00000000ecc00000|100%| E|CS|TAMS 0x00000000ecb00000, 0x00000000ecb00000| Complete 
| 204|0x00000000ecc00000, 0x00000000ecd00000, 0x00000000ecd00000|100%| E|CS|TAMS 0x00000000ecc00000, 0x00000000ecc00000| Complete 
| 205|0x00000000ecd00000, 0x00000000ece00000, 0x00000000ece00000|100%| E|CS|TAMS 0x00000000ecd00000, 0x00000000ecd00000| Complete 
| 206|0x00000000ece00000, 0x00000000ecf00000, 0x00000000ecf00000|100%| E|CS|TAMS 0x00000000ece00000, 0x00000000ece00000| Complete 
| 207|0x00000000ecf00000, 0x00000000ed000000, 0x00000000ed000000|100%| E|CS|TAMS 0x00000000ecf00000, 0x00000000ecf00000| Complete 
| 208|0x00000000ed000000, 0x00000000ed100000, 0x00000000ed100000|100%| E|CS|TAMS 0x00000000ed000000, 0x00000000ed000000| Complete 
| 209|0x00000000ed100000, 0x00000000ed200000, 0x00000000ed200000|100%| E|CS|TAMS 0x00000000ed100000, 0x00000000ed100000| Complete 
| 210|0x00000000ed200000, 0x00000000ed300000, 0x00000000ed300000|100%| E|CS|TAMS 0x00000000ed200000, 0x00000000ed200000| Complete 
| 211|0x00000000ed300000, 0x00000000ed400000, 0x00000000ed400000|100%| E|CS|TAMS 0x00000000ed300000, 0x00000000ed300000| Complete 
| 212|0x00000000ed400000, 0x00000000ed500000, 0x00000000ed500000|100%| E|CS|TAMS 0x00000000ed400000, 0x00000000ed400000| Complete 
| 213|0x00000000ed500000, 0x00000000ed600000, 0x00000000ed600000|100%| E|CS|TAMS 0x00000000ed500000, 0x00000000ed500000| Complete 
| 214|0x00000000ed600000, 0x00000000ed700000, 0x00000000ed700000|100%| E|CS|TAMS 0x00000000ed600000, 0x00000000ed600000| Complete 
| 215|0x00000000ed700000, 0x00000000ed800000, 0x00000000ed800000|100%| E|CS|TAMS 0x00000000ed700000, 0x00000000ed700000| Complete 
| 216|0x00000000ed800000, 0x00000000ed900000, 0x00000000ed900000|100%| E|CS|TAMS 0x00000000ed800000, 0x00000000ed800000| Complete 
| 217|0x00000000ed900000, 0x00000000eda00000, 0x00000000eda00000|100%| E|CS|TAMS 0x00000000ed900000, 0x00000000ed900000| Complete 
| 218|0x00000000eda00000, 0x00000000edb00000, 0x00000000edb00000|100%| E|CS|TAMS 0x00000000eda00000, 0x00000000eda00000| Complete 
| 219|0x00000000edb00000, 0x00000000edc00000, 0x00000000edc00000|100%| E|CS|TAMS 0x00000000edb00000, 0x00000000edb00000| Complete 
| 220|0x00000000edc00000, 0x00000000edd00000, 0x00000000edd00000|100%| E|CS|TAMS 0x00000000edc00000, 0x00000000edc00000| Complete 
| 221|0x00000000edd00000, 0x00000000ede00000, 0x00000000ede00000|100%| E|CS|TAMS 0x00000000edd00000, 0x00000000edd00000| Complete 
| 222|0x00000000ede00000, 0x00000000edf00000, 0x00000000edf00000|100%| E|CS|TAMS 0x00000000ede00000, 0x00000000ede00000| Complete 
| 223|0x00000000edf00000, 0x00000000ee000000, 0x00000000ee000000|100%| E|CS|TAMS 0x00000000edf00000, 0x00000000edf00000| Complete 
| 224|0x00000000ee000000, 0x00000000ee100000, 0x00000000ee100000|100%| E|CS|TAMS 0x00000000ee000000, 0x00000000ee000000| Complete 
| 225|0x00000000ee100000, 0x00000000ee200000, 0x00000000ee200000|100%| E|CS|TAMS 0x00000000ee100000, 0x00000000ee100000| Complete 
| 226|0x00000000ee200000, 0x00000000ee300000, 0x00000000ee300000|100%| E|CS|TAMS 0x00000000ee200000, 0x00000000ee200000| Complete 
| 227|0x00000000ee300000, 0x00000000ee400000, 0x00000000ee400000|100%| E|CS|TAMS 0x00000000ee300000, 0x00000000ee300000| Complete 
| 228|0x00000000ee400000, 0x00000000ee500000, 0x00000000ee500000|100%| E|CS|TAMS 0x00000000ee400000, 0x00000000ee400000| Complete 
| 229|0x00000000ee500000, 0x00000000ee600000, 0x00000000ee600000|100%| E|CS|TAMS 0x00000000ee500000, 0x00000000ee500000| Complete 
| 230|0x00000000ee600000, 0x00000000ee700000, 0x00000000ee700000|100%| E|CS|TAMS 0x00000000ee600000, 0x00000000ee600000| Complete 
| 231|0x00000000ee700000, 0x00000000ee800000, 0x00000000ee800000|100%| E|CS|TAMS 0x00000000ee700000, 0x00000000ee700000| Complete 
| 232|0x00000000ee800000, 0x00000000ee900000, 0x00000000ee900000|100%| E|CS|TAMS 0x00000000ee800000, 0x00000000ee800000| Complete 
| 233|0x00000000ee900000, 0x00000000eea00000, 0x00000000eea00000|100%| E|CS|TAMS 0x00000000ee900000, 0x00000000ee900000| Complete 
| 234|0x00000000eea00000, 0x00000000eeb00000, 0x00000000eeb00000|100%| E|CS|TAMS 0x00000000eea00000, 0x00000000eea00000| Complete 
| 235|0x00000000eeb00000, 0x00000000eec00000, 0x00000000eec00000|100%| E|CS|TAMS 0x00000000eeb00000, 0x00000000eeb00000| Complete 
| 236|0x00000000eec00000, 0x00000000eed00000, 0x00000000eed00000|100%| E|CS|TAMS 0x00000000eec00000, 0x00000000eec00000| Complete 
| 237|0x00000000eed00000, 0x00000000eee00000, 0x00000000eee00000|100%| E|CS|TAMS 0x00000000eed00000, 0x00000000eed00000| Complete 
| 238|0x00000000eee00000, 0x00000000eef00000, 0x00000000eef00000|100%| E|CS|TAMS 0x00000000eee00000, 0x00000000eee00000| Complete 
| 239|0x00000000eef00000, 0x00000000ef000000, 0x00000000ef000000|100%| E|CS|TAMS 0x00000000eef00000, 0x00000000eef00000| Complete 
| 240|0x00000000ef000000, 0x00000000ef100000, 0x00000000ef100000|100%| E|CS|TAMS 0x00000000ef000000, 0x00000000ef000000| Complete 
| 241|0x00000000ef100000, 0x00000000ef200000, 0x00000000ef200000|100%| E|CS|TAMS 0x00000000ef100000, 0x00000000ef100000| Complete 
| 242|0x00000000ef200000, 0x00000000ef300000, 0x00000000ef300000|100%| E|CS|TAMS 0x00000000ef200000, 0x00000000ef200000| Complete 
| 243|0x00000000ef300000, 0x00000000ef400000, 0x00000000ef400000|100%| E|CS|TAMS 0x00000000ef300000, 0x00000000ef300000| Complete 
| 244|0x00000000ef400000, 0x00000000ef500000, 0x00000000ef500000|100%| E|CS|TAMS 0x00000000ef400000, 0x00000000ef400000| Complete 
| 245|0x00000000ef500000, 0x00000000ef600000, 0x00000000ef600000|100%| E|CS|TAMS 0x00000000ef500000, 0x00000000ef500000| Complete 
| 246|0x00000000ef600000, 0x00000000ef700000, 0x00000000ef700000|100%| E|CS|TAMS 0x00000000ef600000, 0x00000000ef600000| Complete 
| 247|0x00000000ef700000, 0x00000000ef800000, 0x00000000ef800000|100%| E|CS|TAMS 0x00000000ef700000, 0x00000000ef700000| Complete 
| 248|0x00000000ef800000, 0x00000000ef900000, 0x00000000ef900000|100%| E|CS|TAMS 0x00000000ef800000, 0x00000000ef800000| Complete 
| 249|0x00000000ef900000, 0x00000000efa00000, 0x00000000efa00000|100%| E|CS|TAMS 0x00000000ef900000, 0x00000000ef900000| Complete 
| 250|0x00000000efa00000, 0x00000000efb00000, 0x00000000efb00000|100%| E|CS|TAMS 0x00000000efa00000, 0x00000000efa00000| Complete 
| 251|0x00000000efb00000, 0x00000000efc00000, 0x00000000efc00000|100%| E|CS|TAMS 0x00000000efb00000, 0x00000000efb00000| Complete 
| 252|0x00000000efc00000, 0x00000000efd00000, 0x00000000efd00000|100%| E|CS|TAMS 0x00000000efc00000, 0x00000000efc00000| Complete 
| 253|0x00000000efd00000, 0x00000000efe00000, 0x00000000efe00000|100%| E|CS|TAMS 0x00000000efd00000, 0x00000000efd00000| Complete 
| 254|0x00000000efe00000, 0x00000000eff00000, 0x00000000eff00000|100%| E|CS|TAMS 0x00000000efe00000, 0x00000000efe00000| Complete 
| 255|0x00000000eff00000, 0x00000000f0000000, 0x00000000f0000000|100%| E|CS|TAMS 0x00000000eff00000, 0x00000000eff00000| Complete 

Card table byte_map: [0x0000025b7e6c0000,0x0000025b7e7c0000] _byte_map_base: 0x0000025b7dfc0000

Marking Bits (Prev, Next): (CMBitMap*) 0x0000025b7c0fafa0, (CMBitMap*) 0x0000025b7c0fafe0
 Prev Bits: [0x0000025b7e8c0000, 0x0000025b7f0c0000)
 Next Bits: [0x0000025b7f0c0000, 0x0000025b7f8c0000)

Polling page: 0x0000025b7c120000

Metaspace:

Usage:
  Non-class:     46.89 MB used.
      Class:      7.53 MB used.
       Both:     54.43 MB used.

Virtual space:
  Non-class space:       64.00 MB reserved,      47.25 MB ( 74%) committed,  1 nodes.
      Class space:      320.00 MB reserved,       7.81 MB (  2%) committed,  1 nodes.
             Both:      384.00 MB reserved,      55.06 MB ( 14%) committed. 

Chunk freelists:
   Non-Class:  352.00 KB
       Class:  8.05 MB
        Both:  8.39 MB

MaxMetaspaceSize: 384.00 MB
CompressedClassSpaceSize: 320.00 MB
Initial GC threshold: 21.00 MB
Current GC threshold: 58.88 MB
CDS: on
MetaspaceReclaimPolicy: balanced
 - commit_granule_bytes: 65536.
 - commit_granule_words: 8192.
 - virtual_space_node_default_size: 8388608.
 - enlarge_chunks_in_place: 1.
 - new_chunks_are_fully_committed: 0.
 - uncommit_free_chunks: 1.
 - use_allocation_guard: 0.
 - handle_deallocations: 1.


Internal statistics:

num_allocs_failed_limit: 6.
num_arena_births: 650.
num_arena_deaths: 0.
num_vsnodes_births: 2.
num_vsnodes_deaths: 0.
num_space_committed: 881.
num_space_uncommitted: 0.
num_chunks_returned_to_freelist: 6.
num_chunks_taken_from_freelist: 3036.
num_chunk_merges: 6.
num_chunk_splits: 1914.
num_chunks_enlarged: 1229.
num_inconsistent_stats: 0.

CodeHeap 'non-profiled nmethods': size=120000Kb used=5204Kb max_used=5204Kb free=114795Kb
 bounds [0x0000025b0f2c0000, 0x0000025b0f7e0000, 0x0000025b167f0000]
CodeHeap 'profiled nmethods': size=120000Kb used=17792Kb max_used=17792Kb free=102207Kb
 bounds [0x0000025b077f0000, 0x0000025b08960000, 0x0000025b0ed20000]
CodeHeap 'non-nmethods': size=5760Kb used=2333Kb max_used=2405Kb free=3426Kb
 bounds [0x0000025b0ed20000, 0x0000025b0ef90000, 0x0000025b0f2c0000]
 total_blobs=9679 nmethods=8824 adapters=767
 compilation: enabled
              stopped_count=0, restarted_count=0
 full_count=0

Compilation events (20 events):
Event: 61.089 Thread 0x0000025b18bb9cf0 9445       3       io.spring.gradle.dependencymanagement.org.apache.maven.model.merge.ModelMerger::mergeDependency_ArtifactId (41 bytes)
Event: 61.089 Thread 0x0000025b18bb9cf0 nmethod 9445 0x0000025b088d3e10 code [0x0000025b088d3fe0, 0x0000025b088d4338]
Event: 61.093 Thread 0x0000025b18bb9cf0 9446       1       io.spring.gradle.dependencymanagement.org.apache.maven.model.ActivationProperty::setValue (6 bytes)
Event: 61.093 Thread 0x0000025b18bb9cf0 nmethod 9446 0x0000025b0f7c7890 code [0x0000025b0f7c7a20, 0x0000025b0f7c7b38]
Event: 61.103 Thread 0x0000025b18bb9cf0 9447   !   3       jdk.internal.reflect.GeneratedConstructorAccessor23::newInstance (69 bytes)
Event: 61.104 Thread 0x0000025b18bb9cf0 nmethod 9447 0x0000025b088d4490 code [0x0000025b088d4800, 0x0000025b088d5fd8]
Event: 61.104 Thread 0x0000025b18bb9cf0 9448       3       org.gradle.api.internal.attributes.DefaultAttributesFactory::fromMap (67 bytes)
Event: 61.104 Thread 0x0000025b18bb9cf0 nmethod 9448 0x0000025b088d6a10 code [0x0000025b088d6c40, 0x0000025b088d7628]
Event: 61.104 Thread 0x0000025b18bb9cf0 9449       1       org.gradle.api.internal.artifacts.configurations.DefaultConfiguration::isDeprecatedForConsumption (5 bytes)
Event: 61.104 Thread 0x0000025b18bb9cf0 nmethod 9449 0x0000025b0f7c7b90 code [0x0000025b0f7c7d20, 0x0000025b0f7c7df8]
Event: 61.112 Thread 0x0000025b18bb9cf0 9450       3       org.gradle.api.internal.artifacts.ivyservice.resolveengine.graph.builder.ResolveState::getModules (10 bytes)
Event: 61.112 Thread 0x0000025b18bb9cf0 nmethod 9450 0x0000025b088d7890 code [0x0000025b088d7a40, 0x0000025b088d7c08]
Event: 61.112 Thread 0x0000025b18bb9cf0 9451       1       org.gradle.api.internal.artifacts.resolver.DefaultResolutionOutputs$DefaultArtifactViewConfiguration::access$000 (5 bytes)
Event: 61.112 Thread 0x0000025b18bb9cf0 nmethod 9451 0x0000025b0f7c7e90 code [0x0000025b0f7c8020, 0x0000025b0f7c80d8]
Event: 61.112 Thread 0x0000025b18bb9cf0 9452       1       org.gradle.api.internal.artifacts.resolver.DefaultResolutionOutputs$DefaultArtifactViewConfiguration::access$100 (5 bytes)
Event: 61.112 Thread 0x0000025b18bb9cf0 nmethod 9452 0x0000025b0f7c8190 code [0x0000025b0f7c8320, 0x0000025b0f7c83d8]
Event: 61.112 Thread 0x0000025b18bb9cf0 9453       1       org.gradle.api.internal.artifacts.resolver.DefaultResolutionOutputs$DefaultArtifactViewConfiguration::access$200 (5 bytes)
Event: 61.112 Thread 0x0000025b18bb9cf0 nmethod 9453 0x0000025b0f7c8490 code [0x0000025b0f7c8620, 0x0000025b0f7c86d8]
Event: 61.112 Thread 0x0000025b18bb9cf0 9454       1       org.gradle.api.internal.artifacts.resolver.DefaultResolutionOutputs$DefaultArtifactViewConfiguration::access$300 (5 bytes)
Event: 61.112 Thread 0x0000025b18bb9cf0 nmethod 9454 0x0000025b0f7c8790 code [0x0000025b0f7c8920, 0x0000025b0f7c89d8]

GC Heap History (14 events):
Event: 5.490 GC heap before
{Heap before GC invocations=0 (full 0):
 garbage-first heap   total 262144K, used 23552K [0x00000000e0000000, 0x0000000100000000)
  region size 1024K, 23 young (23552K), 0 survivors (0K)
 Metaspace       used 1112K, committed 1280K, reserved 393216K
  class space    used 78K, committed 128K, reserved 327680K
}
Event: 5.493 GC heap after
{Heap after GC invocations=1 (full 0):
 garbage-first heap   total 262144K, used 2645K [0x00000000e0000000, 0x0000000100000000)
  region size 1024K, 3 young (3072K), 3 survivors (3072K)
 Metaspace       used 1112K, committed 1280K, reserved 393216K
  class space    used 78K, committed 128K, reserved 327680K
}
Event: 7.897 GC heap before
{Heap before GC invocations=1 (full 0):
 garbage-first heap   total 262144K, used 38485K [0x00000000e0000000, 0x0000000100000000)
  region size 1024K, 36 young (36864K), 3 survivors (3072K)
 Metaspace       used 4425K, committed 4608K, reserved 393216K
  class space    used 552K, committed 640K, reserved 327680K
}
Event: 7.900 GC heap after
{Heap after GC invocations=2 (full 0):
 garbage-first heap   total 262144K, used 11226K [0x00000000e0000000, 0x0000000100000000)
  region size 1024K, 5 young (5120K), 5 survivors (5120K)
 Metaspace       used 4425K, committed 4608K, reserved 393216K
  class space    used 552K, committed 640K, reserved 327680K
}
Event: 10.410 GC heap before
{Heap before GC invocations=2 (full 0):
 garbage-first heap   total 262144K, used 56282K [0x00000000e0000000, 0x0000000100000000)
  region size 1024K, 47 young (48128K), 5 survivors (5120K)
 Metaspace       used 4619K, committed 4800K, reserved 393216K
  class space    used 572K, committed 640K, reserved 327680K
}
Event: 10.416 GC heap after
{Heap after GC invocations=3 (full 0):
 garbage-first heap   total 262144K, used 16333K [0x00000000e0000000, 0x0000000100000000)
  region size 1024K, 4 young (4096K), 4 survivors (4096K)
 Metaspace       used 4619K, committed 4800K, reserved 393216K
  class space    used 572K, committed 640K, reserved 327680K
}
Event: 23.018 GC heap before
{Heap before GC invocations=3 (full 0):
 garbage-first heap   total 262144K, used 127949K [0x00000000e0000000, 0x0000000100000000)
  region size 1024K, 114 young (116736K), 4 survivors (4096K)
 Metaspace       used 21186K, committed 21504K, reserved 393216K
  class space    used 3105K, committed 3264K, reserved 327680K
}
Event: 23.041 GC heap after
{Heap after GC invocations=4 (full 0):
 garbage-first heap   total 262144K, used 24019K [0x00000000e0000000, 0x0000000100000000)
  region size 1024K, 12 young (12288K), 12 survivors (12288K)
 Metaspace       used 21186K, committed 21504K, reserved 393216K
  class space    used 3105K, committed 3264K, reserved 327680K
}
Event: 31.872 GC heap before
{Heap before GC invocations=5 (full 0):
 garbage-first heap   total 262144K, used 146899K [0x00000000e0000000, 0x0000000100000000)
  region size 1024K, 129 young (132096K), 12 survivors (12288K)
 Metaspace       used 35679K, committed 36096K, reserved 393216K
  class space    used 4968K, committed 5184K, reserved 327680K
}
Event: 31.887 GC heap after
{Heap after GC invocations=6 (full 0):
 garbage-first heap   total 262144K, used 33052K [0x00000000e0000000, 0x0000000100000000)
  region size 1024K, 17 young (17408K), 17 survivors (17408K)
 Metaspace       used 35679K, committed 36096K, reserved 393216K
  class space    used 4968K, committed 5184K, reserved 327680K
}
Event: 52.582 GC heap before
{Heap before GC invocations=7 (full 0):
 garbage-first heap   total 262144K, used 173340K [0x00000000e0000000, 0x0000000100000000)
  region size 1024K, 153 young (156672K), 17 survivors (17408K)
 Metaspace       used 49063K, committed 49600K, reserved 393216K
  class space    used 6959K, committed 7232K, reserved 327680K
}
Event: 52.592 GC heap after
{Heap after GC invocations=8 (full 0):
 garbage-first heap   total 262144K, used 39315K [0x00000000e0000000, 0x0000000100000000)
  region size 1024K, 16 young (16384K), 16 survivors (16384K)
 Metaspace       used 49063K, committed 49600K, reserved 393216K
  class space    used 6959K, committed 7232K, reserved 327680K
}
Event: 58.835 GC heap before
{Heap before GC invocations=8 (full 0):
 garbage-first heap   total 262144K, used 179603K [0x00000000e0000000, 0x0000000100000000)
  region size 1024K, 153 young (156672K), 16 survivors (16384K)
 Metaspace       used 54582K, committed 55168K, reserved 393216K
  class space    used 7667K, committed 7936K, reserved 327680K
}
Event: 58.849 GC heap after
{Heap after GC invocations=9 (full 0):
 garbage-first heap   total 262144K, used 51342K [0x00000000e0000000, 0x0000000100000000)
  region size 1024K, 19 young (19456K), 19 survivors (19456K)
 Metaspace       used 54582K, committed 55168K, reserved 393216K
  class space    used 7667K, committed 7936K, reserved 327680K
}

Deoptimization events (20 events):
Event: 58.757 Thread 0x0000025b338763f0 DEOPT PACKING pc=0x0000025b0f711ee0 sp=0x000000838b1f7fc0
Event: 58.757 Thread 0x0000025b338763f0 DEOPT UNPACKING pc=0x0000025b0ed723a3 sp=0x000000838b1f7f80 mode 2
Event: 59.057 Thread 0x0000025b338763f0 Uncommon trap: trap_request=0xffffff45 fr.pc=0x0000025b0f6536e8 relative=0x0000000000000068
Event: 59.057 Thread 0x0000025b338763f0 Uncommon trap: reason=unstable_if action=reinterpret pc=0x0000025b0f6536e8 method=com.esotericsoftware.kryo.io.Output.require(I)Z @ 10 c2
Event: 59.057 Thread 0x0000025b338763f0 DEOPT PACKING pc=0x0000025b0f6536e8 sp=0x000000838b1f8490
Event: 59.057 Thread 0x0000025b338763f0 DEOPT UNPACKING pc=0x0000025b0ed723a3 sp=0x000000838b1f8420 mode 2
Event: 59.176 Thread 0x0000025b338763f0 DEOPT PACKING pc=0x0000025b083b8d76 sp=0x000000838b1f9120
Event: 59.176 Thread 0x0000025b338763f0 DEOPT UNPACKING pc=0x0000025b0ed72b43 sp=0x000000838b1f8628 mode 0
Event: 59.190 Thread 0x0000025b338763f0 DEOPT PACKING pc=0x0000025b083b8d76 sp=0x000000838b1f90f0
Event: 59.190 Thread 0x0000025b338763f0 DEOPT UNPACKING pc=0x0000025b0ed72b43 sp=0x000000838b1f85f0 mode 0
Event: 59.367 Thread 0x0000025b338763f0 DEOPT PACKING pc=0x0000025b0780de59 sp=0x000000838b1f7c60
Event: 59.367 Thread 0x0000025b338763f0 DEOPT UNPACKING pc=0x0000025b0ed72b43 sp=0x000000838b1f7158 mode 0
Event: 59.802 Thread 0x0000025b338763f0 Uncommon trap: trap_request=0xffffff45 fr.pc=0x0000025b0f750930 relative=0x00000000000001b0
Event: 59.802 Thread 0x0000025b338763f0 Uncommon trap: reason=unstable_if action=reinterpret pc=0x0000025b0f750930 method=io.spring.gradle.dependencymanagement.org.apache.maven.model.ConfigurationContainer.getLocation(Ljava/lang/Object;)Lio/spring/gradle/dependencymanagement/org/apache/maven/mo
Event: 59.802 Thread 0x0000025b338763f0 DEOPT PACKING pc=0x0000025b0f750930 sp=0x000000838b1f8d10
Event: 59.802 Thread 0x0000025b338763f0 DEOPT UNPACKING pc=0x0000025b0ed723a3 sp=0x000000838b1f8cb0 mode 2
Event: 60.126 Thread 0x0000025b338763f0 Uncommon trap: trap_request=0xffffff45 fr.pc=0x0000025b0f636b2c relative=0x00000000000022ec
Event: 60.127 Thread 0x0000025b338763f0 Uncommon trap: reason=unstable_if action=reinterpret pc=0x0000025b0f636b2c method=io.spring.gradle.dependencymanagement.org.codehaus.plexus.util.xml.pull.MXParser.isS(C)Z @ 21 c2
Event: 60.136 Thread 0x0000025b338763f0 DEOPT PACKING pc=0x0000025b0f636b2c sp=0x000000838b1f8ae0
Event: 60.153 Thread 0x0000025b338763f0 DEOPT UNPACKING pc=0x0000025b0ed723a3 sp=0x000000838b1f8a10 mode 2

Classes unloaded (0 events):
No events

Classes redefined (0 events):
No events

Internal exceptions (20 events):
Event: 57.419 Thread 0x0000025b338763f0 Exception <a 'java/lang/ClassNotFoundException'{0x00000000e9cb4b28}: org/gradle/api/DefaultTaskBeanInfo> (0x00000000e9cb4b28) 
thrown [s\open\src\hotspot\share\classfile\systemDictionary.cpp, line 256]
Event: 57.419 Thread 0x0000025b338763f0 Exception <a 'java/lang/ClassNotFoundException'{0x00000000e9cc8830}: org/gradle/api/internal/AbstractTaskBeanInfo> (0x00000000e9cc8830) 
thrown [s\open\src\hotspot\share\classfile\systemDictionary.cpp, line 256]
Event: 57.419 Thread 0x0000025b338763f0 Exception <a 'java/lang/ClassNotFoundException'{0x00000000e9cdc580}: org/gradle/api/internal/AbstractTaskCustomizer> (0x00000000e9cdc580) 
thrown [s\open\src\hotspot\share\classfile\systemDictionary.cpp, line 256]
Event: 57.421 Thread 0x0000025b338763f0 Exception <a 'java/lang/ClassNotFoundException'{0x00000000e9b42ba8}: org/gradle/api/DefaultTaskCustomizer> (0x00000000e9b42ba8) 
thrown [s\open\src\hotspot\share\classfile\systemDictionary.cpp, line 256]
Event: 57.422 Thread 0x0000025b338763f0 Exception <a 'java/lang/ClassNotFoundException'{0x00000000e9bb33d8}: org/gradle/api/internal/ConventionTaskCustomizer> (0x00000000e9bb33d8) 
thrown [s\open\src\hotspot\share\classfile\systemDictionary.cpp, line 256]
Event: 57.422 Thread 0x0000025b338763f0 Exception <a 'java/lang/ClassNotFoundException'{0x00000000e9bd6228}: org/gradle/api/tasks/DeleteCustomizer> (0x00000000e9bd6228) 
thrown [s\open\src\hotspot\share\classfile\systemDictionary.cpp, line 256]
Event: 57.423 Thread 0x0000025b338763f0 Exception <a 'java/lang/ClassNotFoundException'{0x00000000e9bfe3a0}: org/gradle/api/tasks/Delete_DecoratedCustomizer> (0x00000000e9bfe3a0) 
thrown [s\open\src\hotspot\share\classfile\systemDictionary.cpp, line 256]
Event: 57.431 Thread 0x0000025b338763f0 Exception <a 'java/lang/ClassNotFoundException'{0x00000000e9799bf8}: org/gradle/api/internal/tasks/DefaultTaskContainer_DecoratedBeanInfo> (0x00000000e9799bf8) 
thrown [s\open\src\hotspot\share\classfile\systemDictionary.cpp, line 256]
Event: 57.432 Thread 0x0000025b338763f0 Exception <a 'java/lang/ClassNotFoundException'{0x00000000e97aba28}: org/gradle/api/internal/tasks/DefaultTaskContainerBeanInfo> (0x00000000e97aba28) 
thrown [s\open\src\hotspot\share\classfile\systemDictionary.cpp, line 256]
Event: 57.432 Thread 0x0000025b338763f0 Exception <a 'java/lang/ClassNotFoundException'{0x00000000e97bdb20}: org/gradle/api/internal/tasks/DefaultTaskCollectionBeanInfo> (0x00000000e97bdb20) 
thrown [s\open\src\hotspot\share\classfile\systemDictionary.cpp, line 256]
Event: 57.432 Thread 0x0000025b338763f0 Exception <a 'java/lang/ClassNotFoundException'{0x00000000e97cfe90}: org/gradle/api/internal/tasks/DefaultTaskCollectionCustomizer> (0x00000000e97cfe90) 
thrown [s\open\src\hotspot\share\classfile\systemDictionary.cpp, line 256]
Event: 57.433 Thread 0x0000025b338763f0 Exception <a 'java/lang/ClassNotFoundException'{0x00000000e9615fa0}: org/gradle/api/internal/tasks/DefaultTaskContainerCustomizer> (0x00000000e9615fa0) 
thrown [s\open\src\hotspot\share\classfile\systemDictionary.cpp, line 256]
Event: 57.435 Thread 0x0000025b338763f0 Exception <a 'java/lang/ClassNotFoundException'{0x00000000e967ab58}: org/gradle/api/internal/tasks/DefaultTaskContainer_DecoratedCustomizer> (0x00000000e967ab58) 
thrown [s\open\src\hotspot\share\classfile\systemDictionary.cpp, line 256]
Event: 57.615 Thread 0x0000025b338763f0 Implicit null exception at 0x0000025b0f51064b to 0x0000025b0f510670
Event: 57.753 Thread 0x0000025b338763f0 Exception <a 'java/lang/NoSuchMethodError'{0x00000000e8f05728}: 'int java.lang.invoke.DirectMethodHandle$Holder.invokeSpecialIFC(java.lang.Object, java.lang.Object, java.lang.Object, java.lang.Object, java.lang.Object)'> (0x00000000e8f05728) 
thrown [s\open\src\hotspot\share\interpreter\linkResolver.cpp, line 759]
Event: 57.796 Thread 0x0000025b338763f0 Exception <a 'java/lang/NoSuchMethodError'{0x00000000e8b3fd48}: 'java.lang.Object java.lang.invoke.DirectMethodHandle$Holder.newInvokeSpecial(java.lang.Object, java.lang.Object, java.lang.Object, java.lang.Object, java.lang.Object, java.lang.Object, int)'> (0x00000000e8b3fd48) 
thrown [s\open\src\hotspot\share\interpreter\linkResolver.cpp, line 759]
Event: 57.796 Thread 0x0000025b338763f0 Exception <a 'java/lang/NoSuchMethodError'{0x00000000e8b45750}: 'java.lang.Object java.lang.invoke.DirectMethodHandle$Holder.invokeSpecial(java.lang.Object, java.lang.Object, java.lang.Object, java.lang.Object, java.lang.Object, java.lang.Object, java.lang.Object, int)'> (0x00000000e8b45750) 
thrown [s\open\src\hotspot\share\interpreter\linkResolver.cpp, line 759]
Event: 57.796 Thread 0x0000025b338763f0 Exception <a 'java/lang/NoSuchMethodError'{0x00000000e8b4ab28}: 'java.lang.Object java.lang.invoke.Invokers$Holder.linkToTargetMethod(java.lang.Object, java.lang.Object, java.lang.Object, java.lang.Object, java.lang.Object, int, java.lang.Object)'> (0x00000000e8b4ab28) 
thrown [s\open\src\hotspot\share\interpreter\linkResolver.cpp, line 759]
Event: 57.816 Thread 0x0000025b35941750 Implicit null exception at 0x0000025b0f5a1260 to 0x0000025b0f5a13b8
Event: 58.223 Thread 0x0000025b338763f0 Exception <a 'java/lang/NoSuchMethodError'{0x00000000e7e7fe98}: 'void java.lang.invoke.DirectMethodHandle$Holder.invokeVirtual(java.lang.Object, java.lang.Object, java.lang.Object, java.lang.Object)'> (0x00000000e7e7fe98) 
thrown [s\open\src\hotspot\share\interpreter\linkResolver.cpp, line 759]

VM Operations (20 events):
Event: 57.739 Executing VM operation: ICBufferFull
Event: 57.739 Executing VM operation: ICBufferFull done
Event: 57.993 Executing VM operation: HandshakeAllThreads
Event: 57.994 Executing VM operation: HandshakeAllThreads done
Event: 58.105 Executing VM operation: HandshakeAllThreads
Event: 58.105 Executing VM operation: HandshakeAllThreads done
Event: 58.108 Executing VM operation: ICBufferFull
Event: 58.108 Executing VM operation: ICBufferFull done
Event: 58.117 Executing VM operation: HandshakeAllThreads
Event: 58.117 Executing VM operation: HandshakeAllThreads done
Event: 58.794 Executing VM operation: ICBufferFull
Event: 58.794 Executing VM operation: ICBufferFull done
Event: 58.834 Executing VM operation: G1CollectForAllocation
Event: 58.849 Executing VM operation: G1CollectForAllocation done
Event: 59.746 Executing VM operation: ICBufferFull
Event: 59.746 Executing VM operation: ICBufferFull done
Event: 60.298 Executing VM operation: HandshakeAllThreads
Event: 60.299 Executing VM operation: HandshakeAllThreads done
Event: 60.661 Executing VM operation: ICBufferFull
Event: 60.661 Executing VM operation: ICBufferFull done

Events (20 events):
Event: 57.802 loading class java/util/stream/ReferencePipeline$15 done
Event: 57.815 Thread 0x0000025b35941750 Thread added: 0x0000025b35941750
Event: 57.815 loading class java/util/stream/ReferencePipeline$15$1
Event: 57.815 loading class java/util/stream/ReferencePipeline$15$1 done
Event: 57.816 Thread 0x0000025b3593d070 Thread added: 0x0000025b3593d070
Event: 57.816 Thread 0x0000025b3593e4b0 Thread added: 0x0000025b3593e4b0
Event: 57.816 Thread 0x0000025b3593e9c0 Thread added: 0x0000025b3593e9c0
Event: 57.816 Thread 0x0000025b3593eed0 Thread added: 0x0000025b3593eed0
Event: 57.817 Thread 0x0000025b3619f1e0 Thread added: 0x0000025b3619f1e0
Event: 57.817 Thread 0x0000025b3619a5f0 Thread added: 0x0000025b3619a5f0
Event: 57.856 loading class java/util/stream/ReduceOps$2
Event: 57.858 loading class java/util/stream/ReduceOps$2 done
Event: 57.858 loading class java/util/stream/ReduceOps$2ReducingSink
Event: 57.858 loading class java/util/stream/ReduceOps$2ReducingSink done
Event: 58.109 Thread 0x0000025b18bbd9e0 flushing nmethod 0x0000025b07e4e790
Event: 58.113 Thread 0x0000025b3619b010 Thread added: 0x0000025b3619b010
Event: 58.119 loading class jdk/internal/access/foreign/MemorySegmentProxy
Event: 58.120 loading class jdk/internal/access/foreign/MemorySegmentProxy done
Event: 58.130 Thread 0x0000025b3619b520 Thread added: 0x0000025b3619b520
Event: 58.152 Thread 0x0000025b3619bf40 Thread added: 0x0000025b3619bf40


Dynamic libraries:
0x00007ff6db650000 - 0x00007ff6db660000 	C:\Program Files\Java\jdk-17\bin\java.exe
0x00007ffbfeb30000 - 0x00007ffbfed28000 	C:\WINDOWS\SYSTEM32\ntdll.dll
0x00007ffbfce50000 - 0x00007ffbfcf12000 	C:\WINDOWS\System32\KERNEL32.DLL
0x00007ffbfc4e0000 - 0x00007ffbfc7d6000 	C:\WINDOWS\System32\KERNELBASE.dll
0x00007ffbfc880000 - 0x00007ffbfc980000 	C:\WINDOWS\System32\ucrtbase.dll
0x00007ffbf6690000 - 0x00007ffbf66ab000 	C:\Program Files\Java\jdk-17\bin\VCRUNTIME140.dll
0x00007ffbea7a0000 - 0x00007ffbea7b9000 	C:\Program Files\Java\jdk-17\bin\jli.dll
0x00007ffbfcb60000 - 0x00007ffbfcc0f000 	C:\WINDOWS\System32\ADVAPI32.dll
0x00007ffbfd600000 - 0x00007ffbfd69e000 	C:\WINDOWS\System32\msvcrt.dll
0x00007ffbfe3c0000 - 0x00007ffbfe45f000 	C:\WINDOWS\System32\sechost.dll
0x00007ffbfd850000 - 0x00007ffbfd973000 	C:\WINDOWS\System32\RPCRT4.dll
0x00007ffbfc2f0000 - 0x00007ffbfc317000 	C:\WINDOWS\System32\bcrypt.dll
0x00007ffbfd400000 - 0x00007ffbfd59d000 	C:\WINDOWS\System32\USER32.dll
0x00007ffbfc370000 - 0x00007ffbfc392000 	C:\WINDOWS\System32\win32u.dll
0x00007ffbfcc90000 - 0x00007ffbfccbb000 	C:\WINDOWS\System32\GDI32.dll
0x00007ffbfc1d0000 - 0x00007ffbfc2ea000 	C:\WINDOWS\System32\gdi32full.dll
0x00007ffbfc7e0000 - 0x00007ffbfc87d000 	C:\WINDOWS\System32\msvcp_win.dll
0x00007ffbf6af0000 - 0x00007ffbf6afa000 	C:\WINDOWS\SYSTEM32\VERSION.dll
0x00007ffbec790000 - 0x00007ffbeca2a000 	C:\WINDOWS\WinSxS\amd64_microsoft.windows.common-controls_6595b64144ccf1df_6.0.19041.5794_none_60bcd33171f2783c\COMCTL32.dll
0x00007ffbfe280000 - 0x00007ffbfe2af000 	C:\WINDOWS\System32\IMM32.DLL
0x00007ffbf7140000 - 0x00007ffbf714c000 	C:\Program Files\Java\jdk-17\bin\vcruntime140_1.dll
0x00007ffbdecc0000 - 0x00007ffbded4e000 	C:\Program Files\Java\jdk-17\bin\msvcp140.dll
0x00007ffb80510000 - 0x00007ffb810f0000 	C:\Program Files\Java\jdk-17\bin\server\jvm.dll
0x00007ffbfeae0000 - 0x00007ffbfeae8000 	C:\WINDOWS\System32\PSAPI.DLL
0x00007ffbeb500000 - 0x00007ffbeb509000 	C:\WINDOWS\SYSTEM32\WSOCK32.dll
0x00007ffbf1730000 - 0x00007ffbf1757000 	C:\WINDOWS\SYSTEM32\WINMM.dll
0x00007ffbfe100000 - 0x00007ffbfe16b000 	C:\WINDOWS\System32\WS2_32.dll
0x00007ffbfa030000 - 0x00007ffbfa042000 	C:\WINDOWS\SYSTEM32\kernel.appcore.dll
0x00007ffbf5a40000 - 0x00007ffbf5a4a000 	C:\Program Files\Java\jdk-17\bin\jimage.dll
0x00007ffbf6e90000 - 0x00007ffbf7091000 	C:\WINDOWS\SYSTEM32\DBGHELP.DLL
0x00007ffbf6cf0000 - 0x00007ffbf6d24000 	C:\WINDOWS\SYSTEM32\dbgcore.DLL
0x00007ffbfc3a0000 - 0x00007ffbfc422000 	C:\WINDOWS\System32\bcryptPrimitives.dll
0x00007ffbeb580000 - 0x00007ffbeb58e000 	C:\Program Files\Java\jdk-17\bin\instrument.dll
0x00007ffbe9430000 - 0x00007ffbe9455000 	C:\Program Files\Java\jdk-17\bin\java.dll
0x00007ffbc9e50000 - 0x00007ffbc9f27000 	C:\Program Files\Java\jdk-17\bin\jsvml.dll
0x00007ffbfd990000 - 0x00007ffbfe0fe000 	C:\WINDOWS\System32\SHELL32.dll
0x00007ffbfa230000 - 0x00007ffbfa9d3000 	C:\WINDOWS\SYSTEM32\windows.storage.dll
0x00007ffbfd0a0000 - 0x00007ffbfd3f3000 	C:\WINDOWS\System32\combase.dll
0x00007ffbfba50000 - 0x00007ffbfba7b000 	C:\WINDOWS\SYSTEM32\Wldp.dll
0x00007ffbfcfd0000 - 0x00007ffbfd09d000 	C:\WINDOWS\System32\OLEAUT32.dll
0x00007ffbfe170000 - 0x00007ffbfe21d000 	C:\WINDOWS\System32\SHCORE.dll
0x00007ffbfd5a0000 - 0x00007ffbfd5f5000 	C:\WINDOWS\System32\shlwapi.dll
0x00007ffbfc100000 - 0x00007ffbfc125000 	C:\WINDOWS\SYSTEM32\profapi.dll
0x00007ffbe8f10000 - 0x00007ffbe8f28000 	C:\Program Files\Java\jdk-17\bin\zip.dll
0x00007ffbe8dc0000 - 0x00007ffbe8dd9000 	C:\Program Files\Java\jdk-17\bin\net.dll
0x00007ffbf5dd0000 - 0x00007ffbf5eda000 	C:\WINDOWS\SYSTEM32\WINHTTP.dll
0x00007ffbfb830000 - 0x00007ffbfb89c000 	C:\WINDOWS\system32\mswsock.dll
0x00007ffbe87f0000 - 0x00007ffbe8806000 	C:\Program Files\Java\jdk-17\bin\nio.dll
0x00007ffbeb550000 - 0x00007ffbeb560000 	C:\Program Files\Java\jdk-17\bin\verify.dll
0x00007ffbe8810000 - 0x00007ffbe8837000 	C:\Users\jhta\.gradle\native\1def1411415f61bf3af743bc5b6707747c0891f09f0c88961ee8f79bc544acac\windows-amd64\native-platform.dll
0x00007ffbcb660000 - 0x00007ffbcb6d8000 	C:\Users\jhta\.gradle\native\0.2.7\x86_64-windows-gnu\gradle-fileevents.dll
0x00007ffbe9490000 - 0x00007ffbe949a000 	C:\Program Files\Java\jdk-17\bin\management.dll
0x00007ffbe9420000 - 0x00007ffbe942b000 	C:\Program Files\Java\jdk-17\bin\management_ext.dll
0x00007ffbfb530000 - 0x00007ffbfb56b000 	C:\WINDOWS\SYSTEM32\IPHLPAPI.DLL
0x00007ffbfe9f0000 - 0x00007ffbfe9f8000 	C:\WINDOWS\System32\NSI.dll
0x00007ffbf66b0000 - 0x00007ffbf66c7000 	C:\WINDOWS\SYSTEM32\dhcpcsvc6.DLL
0x00007ffbf6b00000 - 0x00007ffbf6b1d000 	C:\WINDOWS\SYSTEM32\dhcpcsvc.DLL
0x00007ffbfb570000 - 0x00007ffbfb63a000 	C:\WINDOWS\SYSTEM32\DNSAPI.dll
0x00007ffbfba90000 - 0x00007ffbfbaa8000 	C:\WINDOWS\SYSTEM32\CRYPTSP.dll
0x00007ffbfb170000 - 0x00007ffbfb1a8000 	C:\WINDOWS\system32\rsaenh.dll
0x00007ffbfc0c0000 - 0x00007ffbfc0ee000 	C:\WINDOWS\SYSTEM32\USERENV.dll
0x00007ffbfb9c0000 - 0x00007ffbfb9cc000 	C:\WINDOWS\SYSTEM32\CRYPTBASE.dll
0x00007ffbe93f0000 - 0x00007ffbe93fe000 	C:\Program Files\Java\jdk-17\bin\sunmscapi.dll
0x00007ffbfc980000 - 0x00007ffbfcadd000 	C:\WINDOWS\System32\CRYPT32.dll
0x00007ffbfbba0000 - 0x00007ffbfbbc7000 	C:\WINDOWS\SYSTEM32\ncrypt.dll
0x00007ffbfbb40000 - 0x00007ffbfbb7b000 	C:\WINDOWS\SYSTEM32\NTASN1.dll
0x00007ffbec2a0000 - 0x00007ffbec2a7000 	C:\WINDOWS\system32\wshunix.dll

dbghelp: loaded successfully - version: 4.0.5 - missing functions: none
symbol engine: initialized successfully - sym options: 0x614 - pdb path: .;C:\Program Files\Java\jdk-17\bin;C:\WINDOWS\SYSTEM32;C:\WINDOWS\WinSxS\amd64_microsoft.windows.common-controls_6595b64144ccf1df_6.0.19041.5794_none_60bcd33171f2783c;C:\Program Files\Java\jdk-17\bin\server;C:\Users\jhta\.gradle\native\1def1411415f61bf3af743bc5b6707747c0891f09f0c88961ee8f79bc544acac\windows-amd64;C:\Users\jhta\.gradle\native\0.2.7\x86_64-windows-gnu

VM Arguments:
jvm_args: --add-opens=java.base/java.lang=ALL-UNNAMED --add-opens=java.base/java.lang.invoke=ALL-UNNAMED --add-opens=java.base/java.util=ALL-UNNAMED --add-opens=java.prefs/java.util.prefs=ALL-UNNAMED --add-exports=jdk.compiler/com.sun.tools.javac.api=ALL-UNNAMED --add-exports=jdk.compiler/com.sun.tools.javac.util=ALL-UNNAMED --add-opens=java.base/java.util=ALL-UNNAMED --add-opens=java.prefs/java.util.prefs=ALL-UNNAMED --add-opens=java.base/java.nio.charset=ALL-UNNAMED --add-opens=java.base/java.net=ALL-UNNAMED --add-opens=java.base/java.util.concurrent.atomic=ALL-UNNAMED --add-opens=java.xml/javax.xml.namespace=ALL-UNNAMED -XX:MaxMetaspaceSize=384m -XX:+HeapDumpOnOutOfMemoryError -Xms256m -Xmx512m -Dfile.encoding=UTF-8 -Duser.country=KR -Duser.language=ko -Duser.variant -javaagent:C:\Users\jhta\.gradle\wrapper\dists\gradle-8.13-bin\5xuhj0ry160q40clulazy9h7d\gradle-8.13\lib\agents\gradle-instrumentation-agent-8.13.jar 
java_command: org.gradle.launcher.daemon.bootstrap.GradleDaemon 8.13
java_class_path (initial): C:\Users\jhta\.gradle\wrapper\dists\gradle-8.13-bin\5xuhj0ry160q40clulazy9h7d\gradle-8.13\lib\gradle-daemon-main-8.13.jar
Launcher Type: SUN_STANDARD

[Global flags]
     intx CICompilerCount                          = 4                                         {product} {ergonomic}
   size_t CompressedClassSpaceSize                 = 335544320                                 {product} {ergonomic}
     uint ConcGCThreads                            = 2                                         {product} {ergonomic}
     uint G1ConcRefinementThreads                  = 8                                         {product} {ergonomic}
   size_t G1HeapRegionSize                         = 1048576                                   {product} {ergonomic}
    uintx GCDrainStackTargetSize                   = 64                                        {product} {ergonomic}
     bool HeapDumpOnOutOfMemoryError               = true                                   {manageable} {command line}
   size_t InitialHeapSize                          = 268435456                                 {product} {command line}
   size_t MarkStackSize                            = 4194304                                   {product} {ergonomic}
   size_t MaxHeapSize                              = 536870912                                 {product} {command line}
   size_t MaxMetaspaceSize                         = 402653184                                 {product} {command line}
   size_t MaxNewSize                               = 321912832                                 {product} {ergonomic}
   size_t MinHeapDeltaBytes                        = 1048576                                   {product} {ergonomic}
   size_t MinHeapSize                              = 268435456                                 {product} {command line}
    uintx NonNMethodCodeHeapSize                   = 5839372                                {pd product} {ergonomic}
    uintx NonProfiledCodeHeapSize                  = 122909434                              {pd product} {ergonomic}
    uintx ProfiledCodeHeapSize                     = 122909434                              {pd product} {ergonomic}
    uintx ReservedCodeCacheSize                    = 251658240                              {pd product} {ergonomic}
     bool SegmentedCodeCache                       = true                                      {product} {ergonomic}
   size_t SoftMaxHeapSize                          = 536870912                              {manageable} {ergonomic}
     bool UseCompressedClassPointers               = true                           {product lp64_product} {ergonomic}
     bool UseCompressedOops                        = true                           {product lp64_product} {ergonomic}
     bool UseG1GC                                  = true                                      {product} {ergonomic}
     bool UseLargePagesIndividualAllocation        = false                                  {pd product} {ergonomic}

Logging:
Log output configuration:
 #0: stdout all=warning uptime,level,tags
 #1: stderr all=off uptime,level,tags

Environment Variables:
JAVA_HOME=C:\Program Files\Java\jdk-17
PATH=C:\app\jhta\product\18.0.0\dbhomeXE\bin;C:\Program Files\Common Files\Oracle\Java\javapath;C:\WINDOWS\system32;C:\WINDOWS;C:\WINDOWS\System32\Wbem;C:\WINDOWS\System32\WindowsPowerShell\v1.0\;C:\WINDOWS\System32\OpenSSH\;C:\Program Files\Java\jdk-17bin;C:\Program Files\Bandizip\;C:\Program Files\Git\cmd;C:\Program Files\MariaDB 11.7\bin;C:\Program Files\nodejs\;C:\Program Files\Docker\Docker\resources\bin;C:\Program Files\Redis\;C:\Users\jhta\AppData\Local\Microsoft\WindowsApps;C:\Users\jhta\AppData\Local\Programs\Microsoft VS Code\bin;;C:\Program Files\JetBrains\IntelliJ IDEA 2024.3.5\bin;;C:\Users\jhta\AppData\Roaming\npm
USERNAME=jhta
OS=Windows_NT
PROCESSOR_IDENTIFIER=Intel64 Family 6 Model 158 Stepping 13, GenuineIntel



---------------  S Y S T E M  ---------------

OS:
 Windows 10 , 64 bit Build 19041 (10.0.19041.5794)
OS uptime: 21 days 0:00 hours
Hyper-V role detected

CPU: total 8 (initial active 8) (8 cores per cpu, 1 threads per core) family 6 model 158 stepping 13 microcode 0xaa, cx8, cmov, fxsr, mmx, 3dnowpref, sse, sse2, sse3, ssse3, sse4.1, sse4.2, popcnt, lzcnt, tsc, tscinvbit, avx, avx2, aes, erms, clmul, bmi1, bmi2, rtm, adx, fma, vzeroupper, clflush, clflushopt, hv

Memory: 4k page, system-wide physical 16278M (91M free)
TotalPageFile size 44785M (AvailPageFile size 3M)
current process WorkingSet (physical memory assigned to process): 340M, peak: 360M
current process commit charge ("private bytes"): 494M, peak: 495M

vm_info: Java HotSpot(TM) 64-Bit Server VM (17.0.12+8-LTS-286) for windows-amd64 JRE (17.0.12+8-LTS-286), built on Jun  5 2024 06:46:59 by "mach5one" with MS VC++ 17.6 (VS2022)

END.
